{
  "C:\\Users\\lukaf\\Desktop\\Dev Work\\My Projects\\Job Search Tool\\packages\\core\\src\\browser.ts": {
    "path": "C:\\Users\\lukaf\\Desktop\\Dev Work\\My Projects\\Job Search Tool\\packages\\core\\src\\browser.ts",
    "statementMap": {},
    "fnMap": {},
    "branchMap": {},
    "s": {},
    "f": {},
    "b": {},
    "meta": { "lastBranch": 0, "lastFunction": 0, "lastStatement": 0, "seen": {} }
  },
  "C:\\Users\\lukaf\\Desktop\\Dev Work\\My Projects\\Job Search Tool\\packages\\core\\src\\index.ts": {
    "path": "C:\\Users\\lukaf\\Desktop\\Dev Work\\My Projects\\Job Search Tool\\packages\\core\\src\\index.ts",
    "statementMap": {},
    "fnMap": {},
    "branchMap": {},
    "s": {},
    "f": {},
    "b": {},
    "meta": { "lastBranch": 0, "lastFunction": 0, "lastStatement": 0, "seen": {} }
  },
  "C:\\Users\\lukaf\\Desktop\\Dev Work\\My Projects\\Job Search Tool\\packages\\core\\src\\api\\client.ts": {
    "path": "C:\\Users\\lukaf\\Desktop\\Dev Work\\My Projects\\Job Search Tool\\packages\\core\\src\\api\\client.ts",
    "statementMap": {
      "0": { "start": { "line": 8, "column": 17 }, "end": { "line": 8, "column": null } },
      "1": { "start": { "line": 9, "column": 22 }, "end": { "line": 9, "column": null } },
      "2": { "start": { "line": 10, "column": 20 }, "end": { "line": 10, "column": null } },
      "3": { "start": { "line": 11, "column": 27 }, "end": { "line": 11, "column": null } },
      "4": { "start": { "line": 15, "column": 45 }, "end": { "line": 15, "column": null } },
      "5": { "start": { "line": 18, "column": 4 }, "end": { "line": 20, "column": null } },
      "6": { "start": { "line": 19, "column": 6 }, "end": { "line": 19, "column": null } },
      "7": { "start": { "line": 21, "column": 4 }, "end": { "line": 21, "column": null } },
      "8": { "start": { "line": 25, "column": 4 }, "end": { "line": 25, "column": null } },
      "9": { "start": { "line": 29, "column": 4 }, "end": { "line": 29, "column": null } },
      "10": { "start": { "line": 33, "column": 18 }, "end": { "line": 33, "column": null } },
      "11": { "start": { "line": 34, "column": 4 }, "end": { "line": 34, "column": null } },
      "12": { "start": { "line": 35, "column": 4 }, "end": { "line": 35, "column": null } },
      "13": { "start": { "line": 35, "column": 21 }, "end": { "line": 35, "column": null } },
      "14": { "start": { "line": 36, "column": 4 }, "end": { "line": 36, "column": null } },
      "15": { "start": { "line": 36, "column": 26 }, "end": { "line": 36, "column": null } },
      "16": { "start": { "line": 37, "column": 4 }, "end": { "line": 37, "column": null } },
      "17": { "start": { "line": 37, "column": 28 }, "end": { "line": 37, "column": null } },
      "18": { "start": { "line": 38, "column": 4 }, "end": { "line": 38, "column": null } },
      "19": { "start": { "line": 38, "column": 33 }, "end": { "line": 38, "column": null } },
      "20": { "start": { "line": 39, "column": 4 }, "end": { "line": 39, "column": null } },
      "21": { "start": { "line": 39, "column": 33 }, "end": { "line": 39, "column": null } },
      "22": { "start": { "line": 40, "column": 4 }, "end": { "line": 40, "column": null } },
      "23": { "start": { "line": 40, "column": 33 }, "end": { "line": 40, "column": null } },
      "24": { "start": { "line": 41, "column": 4 }, "end": { "line": 41, "column": null } },
      "25": { "start": { "line": 41, "column": 23 }, "end": { "line": 41, "column": null } },
      "26": { "start": { "line": 42, "column": 4 }, "end": { "line": 43, "column": null } },
      "27": { "start": { "line": 43, "column": 6 }, "end": { "line": 43, "column": null } },
      "28": { "start": { "line": 44, "column": 4 }, "end": { "line": 44, "column": null } },
      "29": { "start": { "line": 44, "column": 27 }, "end": { "line": 44, "column": null } },
      "30": { "start": { "line": 46, "column": 4 }, "end": { "line": 46, "column": null } },
      "31": { "start": { "line": 50, "column": 18 }, "end": { "line": 50, "column": null } },
      "32": { "start": { "line": 51, "column": 4 }, "end": { "line": 51, "column": null } },
      "33": { "start": { "line": 56, "column": 4 }, "end": { "line": 56, "column": null } },
      "34": { "start": { "line": 58, "column": 34 }, "end": { "line": 58, "column": null } },
      "35": { "start": { "line": 60, "column": 4 }, "end": { "line": 96, "column": null } },
      "36": { "start": { "line": 60, "column": 23 }, "end": { "line": 60, "column": 26 } },
      "37": { "start": { "line": 61, "column": 6 }, "end": { "line": 95, "column": null } },
      "38": { "start": { "line": 62, "column": 25 }, "end": { "line": 67, "column": null } },
      "39": { "start": { "line": 70, "column": 26 }, "end": { "line": 70, "column": null } },
      "40": { "start": { "line": 71, "column": 8 }, "end": { "line": 73, "column": null } },
      "41": { "start": { "line": 72, "column": 10 }, "end": { "line": 72, "column": null } },
      "42": { "start": { "line": 75, "column": 8 }, "end": { "line": 79, "column": null } },
      "43": { "start": { "line": 76, "column": 26 }, "end": { "line": 76, "column": null } },
      "44": { "start": { "line": 77, "column": 10 }, "end": { "line": 77, "column": null } },
      "45": { "start": { "line": 78, "column": 10 }, "end": { "line": 78, "column": null } },
      "46": { "start": { "line": 81, "column": 8 }, "end": { "line": 83, "column": null } },
      "47": { "start": { "line": 82, "column": 10 }, "end": { "line": 82, "column": null } },
      "48": { "start": { "line": 86, "column": 8 }, "end": { "line": 86, "column": null } },
      "49": { "start": { "line": 88, "column": 8 }, "end": { "line": 88, "column": null } },
      "50": { "start": { "line": 90, "column": 8 }, "end": { "line": 90, "column": null } },
      "51": { "start": { "line": 91, "column": 8 }, "end": { "line": 94, "column": null } },
      "52": { "start": { "line": 92, "column": 26 }, "end": { "line": 92, "column": null } },
      "53": { "start": { "line": 93, "column": 10 }, "end": { "line": 93, "column": null } },
      "54": { "start": { "line": 98, "column": 4 }, "end": { "line": 98, "column": null } },
      "55": { "start": { "line": 102, "column": 4 }, "end": { "line": 102, "column": null } },
      "56": { "start": { "line": 102, "column": 36 }, "end": { "line": 102, "column": 59 } }
    },
    "fnMap": {
      "0": {
        "name": "(anonymous_0)",
        "decl": { "start": { "line": 17, "column": 2 }, "end": { "line": 17, "column": 14 } },
        "loc": { "start": { "line": 17, "column": 30 }, "end": { "line": 22, "column": null } },
        "line": 17
      },
      "1": {
        "name": "(anonymous_1)",
        "decl": { "start": { "line": 24, "column": 2 }, "end": { "line": 24, "column": 40 } },
        "loc": { "start": { "line": 24, "column": 40 }, "end": { "line": 26, "column": null } },
        "line": 24
      },
      "2": {
        "name": "(anonymous_2)",
        "decl": { "start": { "line": 28, "column": 8 }, "end": { "line": 28, "column": 47 } },
        "loc": { "start": { "line": 28, "column": 47 }, "end": { "line": 30, "column": null } },
        "line": 28
      },
      "3": {
        "name": "(anonymous_3)",
        "decl": { "start": { "line": 32, "column": 8 }, "end": { "line": 32, "column": 15 } },
        "loc": { "start": { "line": 32, "column": 62 }, "end": { "line": 47, "column": null } },
        "line": 32
      },
      "4": {
        "name": "(anonymous_4)",
        "decl": { "start": { "line": 49, "column": 8 }, "end": { "line": 49, "column": 22 } },
        "loc": { "start": { "line": 49, "column": 66 }, "end": { "line": 52, "column": null } },
        "line": 49
      },
      "5": {
        "name": "(anonymous_5)",
        "decl": { "start": { "line": 54, "column": 16 }, "end": { "line": 54, "column": 27 } },
        "loc": { "start": { "line": 54, "column": 53 }, "end": { "line": 99, "column": null } },
        "line": 54
      },
      "6": {
        "name": "(anonymous_6)",
        "decl": { "start": { "line": 101, "column": 10 }, "end": { "line": 101, "column": 16 } },
        "loc": { "start": { "line": 101, "column": 43 }, "end": { "line": 103, "column": null } },
        "line": 101
      },
      "7": {
        "name": "(anonymous_7)",
        "decl": { "start": { "line": 102, "column": 23 }, "end": { "line": 102, "column": 24 } },
        "loc": { "start": { "line": 102, "column": 36 }, "end": { "line": 102, "column": 59 } },
        "line": 102
      }
    },
    "branchMap": {
      "0": {
        "loc": { "start": { "line": 18, "column": 4 }, "end": { "line": 20, "column": null } },
        "type": "if",
        "locations": [
          { "start": { "line": 18, "column": 4 }, "end": { "line": 20, "column": null } },
          { "start": {}, "end": {} }
        ],
        "line": 18
      },
      "1": {
        "loc": { "start": { "line": 35, "column": 4 }, "end": { "line": 35, "column": null } },
        "type": "if",
        "locations": [
          { "start": { "line": 35, "column": 4 }, "end": { "line": 35, "column": null } },
          { "start": {}, "end": {} }
        ],
        "line": 35
      },
      "2": {
        "loc": { "start": { "line": 36, "column": 4 }, "end": { "line": 36, "column": null } },
        "type": "if",
        "locations": [
          { "start": { "line": 36, "column": 4 }, "end": { "line": 36, "column": null } },
          { "start": {}, "end": {} }
        ],
        "line": 36
      },
      "3": {
        "loc": { "start": { "line": 37, "column": 4 }, "end": { "line": 37, "column": null } },
        "type": "if",
        "locations": [
          { "start": { "line": 37, "column": 4 }, "end": { "line": 37, "column": null } },
          { "start": {}, "end": {} }
        ],
        "line": 37
      },
      "4": {
        "loc": { "start": { "line": 38, "column": 4 }, "end": { "line": 38, "column": null } },
        "type": "if",
        "locations": [
          { "start": { "line": 38, "column": 4 }, "end": { "line": 38, "column": null } },
          { "start": {}, "end": {} }
        ],
        "line": 38
      },
      "5": {
        "loc": { "start": { "line": 39, "column": 4 }, "end": { "line": 39, "column": null } },
        "type": "if",
        "locations": [
          { "start": { "line": 39, "column": 4 }, "end": { "line": 39, "column": null } },
          { "start": {}, "end": {} }
        ],
        "line": 39
      },
      "6": {
        "loc": { "start": { "line": 40, "column": 4 }, "end": { "line": 40, "column": null } },
        "type": "if",
        "locations": [
          { "start": { "line": 40, "column": 4 }, "end": { "line": 40, "column": null } },
          { "start": {}, "end": {} }
        ],
        "line": 40
      },
      "7": {
        "loc": { "start": { "line": 41, "column": 4 }, "end": { "line": 41, "column": null } },
        "type": "if",
        "locations": [
          { "start": { "line": 41, "column": 4 }, "end": { "line": 41, "column": null } },
          { "start": {}, "end": {} }
        ],
        "line": 41
      },
      "8": {
        "loc": { "start": { "line": 42, "column": 4 }, "end": { "line": 43, "column": null } },
        "type": "if",
        "locations": [
          { "start": { "line": 42, "column": 4 }, "end": { "line": 43, "column": null } },
          { "start": {}, "end": {} }
        ],
        "line": 42
      },
      "9": {
        "loc": { "start": { "line": 44, "column": 4 }, "end": { "line": 44, "column": null } },
        "type": "if",
        "locations": [
          { "start": { "line": 44, "column": 4 }, "end": { "line": 44, "column": null } },
          { "start": {}, "end": {} }
        ],
        "line": 44
      },
      "10": {
        "loc": { "start": { "line": 71, "column": 8 }, "end": { "line": 73, "column": null } },
        "type": "if",
        "locations": [
          { "start": { "line": 71, "column": 8 }, "end": { "line": 73, "column": null } },
          { "start": {}, "end": {} }
        ],
        "line": 71
      },
      "11": {
        "loc": { "start": { "line": 75, "column": 8 }, "end": { "line": 79, "column": null } },
        "type": "if",
        "locations": [
          { "start": { "line": 75, "column": 8 }, "end": { "line": 79, "column": null } },
          { "start": {}, "end": {} }
        ],
        "line": 75
      },
      "12": {
        "loc": { "start": { "line": 81, "column": 8 }, "end": { "line": 83, "column": null } },
        "type": "if",
        "locations": [
          { "start": { "line": 81, "column": 8 }, "end": { "line": 83, "column": null } },
          { "start": {}, "end": {} }
        ],
        "line": 81
      },
      "13": {
        "loc": { "start": { "line": 90, "column": 20 }, "end": { "line": 90, "column": null } },
        "type": "cond-expr",
        "locations": [
          { "start": { "line": 90, "column": 45 }, "end": { "line": 90, "column": 53 } },
          { "start": { "line": 90, "column": 53 }, "end": { "line": 90, "column": null } }
        ],
        "line": 90
      },
      "14": {
        "loc": { "start": { "line": 91, "column": 8 }, "end": { "line": 94, "column": null } },
        "type": "if",
        "locations": [
          { "start": { "line": 91, "column": 8 }, "end": { "line": 94, "column": null } },
          { "start": {}, "end": {} }
        ],
        "line": 91
      },
      "15": {
        "loc": { "start": { "line": 98, "column": 10 }, "end": { "line": 98, "column": null } },
        "type": "binary-expr",
        "locations": [
          { "start": { "line": 98, "column": 10 }, "end": { "line": 98, "column": 23 } },
          { "start": { "line": 98, "column": 23 }, "end": { "line": 98, "column": null } }
        ],
        "line": 98
      }
    },
    "s": {
      "0": 1,
      "1": 1,
      "2": 1,
      "3": 1,
      "4": 9,
      "5": 9,
      "6": 1,
      "7": 8,
      "8": 2,
      "9": 1,
      "10": 4,
      "11": 4,
      "12": 4,
      "13": 1,
      "14": 4,
      "15": 1,
      "16": 4,
      "17": 1,
      "18": 4,
      "19": 1,
      "20": 4,
      "21": 1,
      "22": 4,
      "23": 1,
      "24": 4,
      "25": 0,
      "26": 4,
      "27": 0,
      "28": 4,
      "29": 0,
      "30": 4,
      "31": 1,
      "32": 1,
      "33": 5,
      "34": 5,
      "35": 5,
      "36": 5,
      "37": 7,
      "38": 7,
      "39": 7,
      "40": 7,
      "41": 7,
      "42": 7,
      "43": 0,
      "44": 0,
      "45": 0,
      "46": 7,
      "47": 3,
      "48": 4,
      "49": 4,
      "50": 3,
      "51": 3,
      "52": 2,
      "53": 2,
      "54": 1,
      "55": 2,
      "56": 2
    },
    "f": { "0": 9, "1": 2, "2": 1, "3": 4, "4": 1, "5": 5, "6": 2, "7": 2 },
    "b": {
      "0": [1, 8],
      "1": [1, 3],
      "2": [1, 3],
      "3": [1, 3],
      "4": [1, 3],
      "5": [1, 3],
      "6": [1, 3],
      "7": [0, 4],
      "8": [0, 4],
      "9": [0, 4],
      "10": [7, 0],
      "11": [0, 7],
      "12": [3, 4],
      "13": [3, 0],
      "14": [2, 1],
      "15": [1, 0]
    },
    "meta": {
      "lastBranch": 16,
      "lastFunction": 8,
      "lastStatement": 57,
      "seen": {
        "s:8:17:8:Infinity": 0,
        "s:9:22:9:Infinity": 1,
        "s:10:20:10:Infinity": 2,
        "s:11:27:11:Infinity": 3,
        "s:15:45:15:Infinity": 4,
        "f:17:2:17:14": 0,
        "b:18:4:20:Infinity:undefined:undefined:undefined:undefined": 0,
        "s:18:4:20:Infinity": 5,
        "s:19:6:19:Infinity": 6,
        "s:21:4:21:Infinity": 7,
        "f:24:2:24:40": 1,
        "s:25:4:25:Infinity": 8,
        "f:28:8:28:47": 2,
        "s:29:4:29:Infinity": 9,
        "f:32:8:32:15": 3,
        "s:33:18:33:Infinity": 10,
        "s:34:4:34:Infinity": 11,
        "b:35:4:35:Infinity:undefined:undefined:undefined:undefined": 1,
        "s:35:4:35:Infinity": 12,
        "s:35:21:35:Infinity": 13,
        "b:36:4:36:Infinity:undefined:undefined:undefined:undefined": 2,
        "s:36:4:36:Infinity": 14,
        "s:36:26:36:Infinity": 15,
        "b:37:4:37:Infinity:undefined:undefined:undefined:undefined": 3,
        "s:37:4:37:Infinity": 16,
        "s:37:28:37:Infinity": 17,
        "b:38:4:38:Infinity:undefined:undefined:undefined:undefined": 4,
        "s:38:4:38:Infinity": 18,
        "s:38:33:38:Infinity": 19,
        "b:39:4:39:Infinity:undefined:undefined:undefined:undefined": 5,
        "s:39:4:39:Infinity": 20,
        "s:39:33:39:Infinity": 21,
        "b:40:4:40:Infinity:undefined:undefined:undefined:undefined": 6,
        "s:40:4:40:Infinity": 22,
        "s:40:33:40:Infinity": 23,
        "b:41:4:41:Infinity:undefined:undefined:undefined:undefined": 7,
        "s:41:4:41:Infinity": 24,
        "s:41:23:41:Infinity": 25,
        "b:42:4:43:Infinity:undefined:undefined:undefined:undefined": 8,
        "s:42:4:43:Infinity": 26,
        "s:43:6:43:Infinity": 27,
        "b:44:4:44:Infinity:undefined:undefined:undefined:undefined": 9,
        "s:44:4:44:Infinity": 28,
        "s:44:27:44:Infinity": 29,
        "s:46:4:46:Infinity": 30,
        "f:49:8:49:22": 4,
        "s:50:18:50:Infinity": 31,
        "s:51:4:51:Infinity": 32,
        "f:54:16:54:27": 5,
        "s:56:4:56:Infinity": 33,
        "s:58:34:58:Infinity": 34,
        "s:60:4:96:Infinity": 35,
        "s:60:23:60:26": 36,
        "s:61:6:95:Infinity": 37,
        "s:62:25:67:Infinity": 38,
        "s:70:26:70:Infinity": 39,
        "b:71:8:73:Infinity:undefined:undefined:undefined:undefined": 10,
        "s:71:8:73:Infinity": 40,
        "s:72:10:72:Infinity": 41,
        "b:75:8:79:Infinity:undefined:undefined:undefined:undefined": 11,
        "s:75:8:79:Infinity": 42,
        "s:76:26:76:Infinity": 43,
        "s:77:10:77:Infinity": 44,
        "s:78:10:78:Infinity": 45,
        "b:81:8:83:Infinity:undefined:undefined:undefined:undefined": 12,
        "s:81:8:83:Infinity": 46,
        "s:82:10:82:Infinity": 47,
        "s:86:8:86:Infinity": 48,
        "s:88:8:88:Infinity": 49,
        "s:90:8:90:Infinity": 50,
        "b:90:45:90:53:90:53:90:Infinity": 13,
        "b:91:8:94:Infinity:undefined:undefined:undefined:undefined": 14,
        "s:91:8:94:Infinity": 51,
        "s:92:26:92:Infinity": 52,
        "s:93:10:93:Infinity": 53,
        "s:98:4:98:Infinity": 54,
        "b:98:10:98:23:98:23:98:Infinity": 15,
        "f:101:10:101:16": 6,
        "s:102:4:102:Infinity": 55,
        "f:102:23:102:24": 7,
        "s:102:36:102:59": 56
      }
    }
  },
  "C:\\Users\\lukaf\\Desktop\\Dev Work\\My Projects\\Job Search Tool\\packages\\core\\src\\api\\errors.ts": {
    "path": "C:\\Users\\lukaf\\Desktop\\Dev Work\\My Projects\\Job Search Tool\\packages\\core\\src\\api\\errors.ts",
    "statementMap": {
      "0": { "start": { "line": 8, "column": 18 }, "end": { "line": 8, "column": null } },
      "1": { "start": { "line": 9, "column": 21 }, "end": { "line": 9, "column": null } },
      "2": { "start": { "line": 10, "column": 4 }, "end": { "line": 14, "column": null } },
      "3": { "start": { "line": 15, "column": 4 }, "end": { "line": 15, "column": null } },
      "4": { "start": { "line": 16, "column": 4 }, "end": { "line": 16, "column": null } },
      "5": { "start": { "line": 17, "column": 4 }, "end": { "line": 17, "column": null } }
    },
    "fnMap": {
      "0": {
        "name": "(anonymous_0)",
        "decl": { "start": { "line": 7, "column": 2 }, "end": { "line": 7, "column": 14 } },
        "loc": { "start": { "line": 7, "column": 62 }, "end": { "line": 18, "column": null } },
        "line": 7
      }
    },
    "branchMap": {
      "0": {
        "loc": { "start": { "line": 8, "column": 18 }, "end": { "line": 8, "column": null } },
        "type": "cond-expr",
        "locations": [
          { "start": { "line": 8, "column": 38 }, "end": { "line": 8, "column": 58 } },
          { "start": { "line": 8, "column": 58 }, "end": { "line": 8, "column": null } }
        ],
        "line": 8
      },
      "1": {
        "loc": { "start": { "line": 9, "column": 21 }, "end": { "line": 9, "column": null } },
        "type": "cond-expr",
        "locations": [
          { "start": { "line": 9, "column": 41 }, "end": { "line": 9, "column": 64 } },
          { "start": { "line": 9, "column": 64 }, "end": { "line": 9, "column": null } }
        ],
        "line": 9
      },
      "2": {
        "loc": { "start": { "line": 13, "column": 9 }, "end": { "line": 13, "column": null } },
        "type": "cond-expr",
        "locations": [
          { "start": { "line": 13, "column": 20 }, "end": { "line": 13, "column": 47 } },
          { "start": { "line": 13, "column": 47 }, "end": { "line": 13, "column": null } }
        ],
        "line": 13
      }
    },
    "s": { "0": 6, "1": 6, "2": 6, "3": 6, "4": 6, "5": 6 },
    "f": { "0": 6 },
    "b": { "0": [5, 1], "1": [5, 1], "2": [5, 1] },
    "meta": {
      "lastBranch": 3,
      "lastFunction": 1,
      "lastStatement": 6,
      "seen": {
        "f:7:2:7:14": 0,
        "s:8:18:8:Infinity": 0,
        "b:8:38:8:58:8:58:8:Infinity": 0,
        "s:9:21:9:Infinity": 1,
        "b:9:41:9:64:9:64:9:Infinity": 1,
        "s:10:4:14:Infinity": 2,
        "b:13:20:13:47:13:47:13:Infinity": 2,
        "s:15:4:15:Infinity": 3,
        "s:16:4:16:Infinity": 4,
        "s:17:4:17:Infinity": 5
      }
    }
  },
  "C:\\Users\\lukaf\\Desktop\\Dev Work\\My Projects\\Job Search Tool\\packages\\core\\src\\api\\types.ts": {
    "path": "C:\\Users\\lukaf\\Desktop\\Dev Work\\My Projects\\Job Search Tool\\packages\\core\\src\\api\\types.ts",
    "statementMap": {},
    "fnMap": {},
    "branchMap": {},
    "s": {},
    "f": {},
    "b": {},
    "meta": { "lastBranch": 0, "lastFunction": 0, "lastStatement": 0, "seen": {} }
  },
  "C:\\Users\\lukaf\\Desktop\\Dev Work\\My Projects\\Job Search Tool\\packages\\core\\src\\filters\\index.ts": {
    "path": "C:\\Users\\lukaf\\Desktop\\Dev Work\\My Projects\\Job Search Tool\\packages\\core\\src\\filters\\index.ts",
    "statementMap": {
      "0": { "start": { "line": 4, "column": 17 }, "end": { "line": 4, "column": null } },
      "1": { "start": { "line": 6, "column": 2 }, "end": { "line": 8, "column": null } },
      "2": { "start": { "line": 7, "column": 4 }, "end": { "line": 7, "column": null } },
      "3": { "start": { "line": 10, "column": 2 }, "end": { "line": 12, "column": null } },
      "4": { "start": { "line": 11, "column": 4 }, "end": { "line": 11, "column": null } },
      "5": { "start": { "line": 14, "column": 2 }, "end": { "line": 16, "column": null } },
      "6": { "start": { "line": 15, "column": 4 }, "end": { "line": 15, "column": null } },
      "7": { "start": { "line": 18, "column": 2 }, "end": { "line": 20, "column": null } },
      "8": { "start": { "line": 19, "column": 4 }, "end": { "line": 19, "column": null } },
      "9": { "start": { "line": 22, "column": 2 }, "end": { "line": 24, "column": null } },
      "10": { "start": { "line": 23, "column": 4 }, "end": { "line": 23, "column": null } },
      "11": { "start": { "line": 26, "column": 2 }, "end": { "line": 26, "column": null } },
      "12": { "start": { "line": 30, "column": 2 }, "end": { "line": 40, "column": null } },
      "13": { "start": { "line": 32, "column": 4 }, "end": { "line": 32, "column": null } },
      "14": { "start": { "line": 32, "column": 66 }, "end": { "line": 32, "column": null } },
      "15": { "start": { "line": 34, "column": 19 }, "end": { "line": 34, "column": null } },
      "16": { "start": { "line": 35, "column": 19 }, "end": { "line": 35, "column": null } },
      "17": { "start": { "line": 37, "column": 4 }, "end": { "line": 37, "column": null } },
      "18": { "start": { "line": 37, "column": 37 }, "end": { "line": 37, "column": null } },
      "19": { "start": { "line": 38, "column": 4 }, "end": { "line": 38, "column": null } },
      "20": { "start": { "line": 38, "column": 37 }, "end": { "line": 38, "column": null } },
      "21": { "start": { "line": 39, "column": 4 }, "end": { "line": 39, "column": null } },
      "22": { "start": { "line": 48, "column": 24 }, "end": { "line": 48, "column": null } },
      "23": { "start": { "line": 48, "column": 44 }, "end": { "line": 48, "column": 59 } },
      "24": { "start": { "line": 50, "column": 2 }, "end": { "line": 60, "column": null } },
      "25": { "start": { "line": 51, "column": 24 }, "end": { "line": 51, "column": null } },
      "26": { "start": { "line": 52, "column": 18 }, "end": { "line": 52, "column": null } },
      "27": { "start": { "line": 53, "column": 17 }, "end": { "line": 53, "column": null } },
      "28": { "start": { "line": 55, "column": 4 }, "end": { "line": 59, "column": null } },
      "29": { "start": { "line": 56, "column": 6 }, "end": { "line": 56, "column": null } },
      "30": { "start": { "line": 56, "column": 40 }, "end": { "line": 56, "column": 57 } },
      "31": { "start": { "line": 58, "column": 6 }, "end": { "line": 58, "column": null } },
      "32": { "start": { "line": 58, "column": 41 }, "end": { "line": 58, "column": 58 } },
      "33": { "start": { "line": 64, "column": 23 }, "end": { "line": 64, "column": null } },
      "34": { "start": { "line": 64, "column": 51 }, "end": { "line": 64, "column": 66 } },
      "35": { "start": { "line": 65, "column": 2 }, "end": { "line": 65, "column": null } },
      "36": { "start": { "line": 65, "column": 30 }, "end": { "line": 65, "column": 85 } },
      "37": { "start": { "line": 69, "column": 2 }, "end": { "line": 69, "column": null } },
      "38": { "start": { "line": 69, "column": 30 }, "end": { "line": 69, "column": 53 } },
      "39": { "start": { "line": 73, "column": 15 }, "end": { "line": 73, "column": null } },
      "40": { "start": { "line": 74, "column": 2 }, "end": { "line": 79, "column": null } },
      "41": { "start": { "line": 75, "column": 16 }, "end": { "line": 75, "column": null } },
      "42": { "start": { "line": 76, "column": 4 }, "end": { "line": 76, "column": null } },
      "43": { "start": { "line": 76, "column": 23 }, "end": { "line": 76, "column": null } },
      "44": { "start": { "line": 77, "column": 4 }, "end": { "line": 77, "column": null } },
      "45": { "start": { "line": 78, "column": 4 }, "end": { "line": 78, "column": null } }
    },
    "fnMap": {
      "0": {
        "name": "applyPostFilters",
        "decl": { "start": { "line": 3, "column": 16 }, "end": { "line": 3, "column": 33 } },
        "loc": { "start": { "line": 3, "column": 93 }, "end": { "line": 27, "column": null } },
        "line": 3
      },
      "1": {
        "name": "filterBySalaryRange",
        "decl": { "start": { "line": 29, "column": 16 }, "end": { "line": 29, "column": 36 } },
        "loc": { "start": { "line": 29, "column": 96 }, "end": { "line": 41, "column": null } },
        "line": 29
      },
      "2": {
        "name": "(anonymous_2)",
        "decl": { "start": { "line": 30, "column": 21 }, "end": { "line": 30, "column": 22 } },
        "loc": { "start": { "line": 30, "column": 30 }, "end": { "line": 40, "column": 3 } },
        "line": 30
      },
      "3": {
        "name": "filterByKeywords",
        "decl": { "start": { "line": 43, "column": 16 }, "end": { "line": 43, "column": null } },
        "loc": { "start": { "line": 47, "column": 15 }, "end": { "line": 61, "column": null } },
        "line": 47
      },
      "4": {
        "name": "(anonymous_4)",
        "decl": { "start": { "line": 48, "column": 37 }, "end": { "line": 48, "column": 38 } },
        "loc": { "start": { "line": 48, "column": 44 }, "end": { "line": 48, "column": 59 } },
        "line": 48
      },
      "5": {
        "name": "(anonymous_5)",
        "decl": { "start": { "line": 50, "column": 21 }, "end": { "line": 50, "column": 22 } },
        "loc": { "start": { "line": 50, "column": 30 }, "end": { "line": 60, "column": 3 } },
        "line": 50
      },
      "6": {
        "name": "(anonymous_6)",
        "decl": { "start": { "line": 56, "column": 32 }, "end": { "line": 56, "column": 33 } },
        "loc": { "start": { "line": 56, "column": 40 }, "end": { "line": 56, "column": 57 } },
        "line": 56
      },
      "7": {
        "name": "(anonymous_7)",
        "decl": { "start": { "line": 58, "column": 33 }, "end": { "line": 58, "column": 34 } },
        "loc": { "start": { "line": 58, "column": 41 }, "end": { "line": 58, "column": 58 } },
        "line": 58
      },
      "8": {
        "name": "filterByCompany",
        "decl": { "start": { "line": 63, "column": 16 }, "end": { "line": 63, "column": 32 } },
        "loc": { "start": { "line": 63, "column": 92 }, "end": { "line": 66, "column": null } },
        "line": 63
      },
      "9": {
        "name": "(anonymous_9)",
        "decl": { "start": { "line": 64, "column": 44 }, "end": { "line": 64, "column": 45 } },
        "loc": { "start": { "line": 64, "column": 51 }, "end": { "line": 64, "column": 66 } },
        "line": 64
      },
      "10": {
        "name": "(anonymous_10)",
        "decl": { "start": { "line": 65, "column": 21 }, "end": { "line": 65, "column": 22 } },
        "loc": { "start": { "line": 65, "column": 30 }, "end": { "line": 65, "column": 85 } },
        "line": 65
      },
      "11": {
        "name": "filterByDirectApply",
        "decl": { "start": { "line": 68, "column": 16 }, "end": { "line": 68, "column": 36 } },
        "loc": { "start": { "line": 68, "column": 68 }, "end": { "line": 70, "column": null } },
        "line": 68
      },
      "12": {
        "name": "(anonymous_12)",
        "decl": { "start": { "line": 69, "column": 21 }, "end": { "line": 69, "column": 22 } },
        "loc": { "start": { "line": 69, "column": 30 }, "end": { "line": 69, "column": 53 } },
        "line": 69
      },
      "13": {
        "name": "deduplicateJobs",
        "decl": { "start": { "line": 72, "column": 16 }, "end": { "line": 72, "column": 32 } },
        "loc": { "start": { "line": 72, "column": 64 }, "end": { "line": 80, "column": null } },
        "line": 72
      },
      "14": {
        "name": "(anonymous_14)",
        "decl": { "start": { "line": 74, "column": 21 }, "end": { "line": 74, "column": 22 } },
        "loc": { "start": { "line": 74, "column": 30 }, "end": { "line": 79, "column": 3 } },
        "line": 74
      }
    },
    "branchMap": {
      "0": {
        "loc": { "start": { "line": 6, "column": 2 }, "end": { "line": 8, "column": null } },
        "type": "if",
        "locations": [
          { "start": { "line": 6, "column": 2 }, "end": { "line": 8, "column": null } },
          { "start": {}, "end": {} }
        ],
        "line": 6
      },
      "1": {
        "loc": { "start": { "line": 6, "column": 6 }, "end": { "line": 6, "column": 62 } },
        "type": "binary-expr",
        "locations": [
          { "start": { "line": 6, "column": 6 }, "end": { "line": 6, "column": 35 } },
          { "start": { "line": 6, "column": 35 }, "end": { "line": 6, "column": 62 } }
        ],
        "line": 6
      },
      "2": {
        "loc": { "start": { "line": 10, "column": 2 }, "end": { "line": 12, "column": null } },
        "type": "if",
        "locations": [
          { "start": { "line": 10, "column": 2 }, "end": { "line": 12, "column": null } },
          { "start": {}, "end": {} }
        ],
        "line": 10
      },
      "3": {
        "loc": { "start": { "line": 14, "column": 2 }, "end": { "line": 16, "column": null } },
        "type": "if",
        "locations": [
          { "start": { "line": 14, "column": 2 }, "end": { "line": 16, "column": null } },
          { "start": {}, "end": {} }
        ],
        "line": 14
      },
      "4": {
        "loc": { "start": { "line": 18, "column": 2 }, "end": { "line": 20, "column": null } },
        "type": "if",
        "locations": [
          { "start": { "line": 18, "column": 2 }, "end": { "line": 20, "column": null } },
          { "start": {}, "end": {} }
        ],
        "line": 18
      },
      "5": {
        "loc": { "start": { "line": 22, "column": 2 }, "end": { "line": 24, "column": null } },
        "type": "if",
        "locations": [
          { "start": { "line": 22, "column": 2 }, "end": { "line": 24, "column": null } },
          { "start": {}, "end": {} }
        ],
        "line": 22
      },
      "6": {
        "loc": { "start": { "line": 32, "column": 4 }, "end": { "line": 32, "column": null } },
        "type": "if",
        "locations": [
          { "start": { "line": 32, "column": 4 }, "end": { "line": 32, "column": null } },
          { "start": {}, "end": {} }
        ],
        "line": 32
      },
      "7": {
        "loc": { "start": { "line": 32, "column": 8 }, "end": { "line": 32, "column": 66 } },
        "type": "binary-expr",
        "locations": [
          { "start": { "line": 32, "column": 8 }, "end": { "line": 32, "column": 38 } },
          { "start": { "line": 32, "column": 38 }, "end": { "line": 32, "column": 66 } }
        ],
        "line": 32
      },
      "8": {
        "loc": { "start": { "line": 34, "column": 19 }, "end": { "line": 34, "column": null } },
        "type": "binary-expr",
        "locations": [
          { "start": { "line": 34, "column": 19 }, "end": { "line": 34, "column": 41 } },
          { "start": { "line": 34, "column": 41 }, "end": { "line": 34, "column": null } }
        ],
        "line": 34
      },
      "9": {
        "loc": { "start": { "line": 35, "column": 19 }, "end": { "line": 35, "column": null } },
        "type": "binary-expr",
        "locations": [
          { "start": { "line": 35, "column": 19 }, "end": { "line": 35, "column": 41 } },
          { "start": { "line": 35, "column": 41 }, "end": { "line": 35, "column": null } }
        ],
        "line": 35
      },
      "10": {
        "loc": { "start": { "line": 37, "column": 4 }, "end": { "line": 37, "column": null } },
        "type": "if",
        "locations": [
          { "start": { "line": 37, "column": 4 }, "end": { "line": 37, "column": null } },
          { "start": {}, "end": {} }
        ],
        "line": 37
      },
      "11": {
        "loc": { "start": { "line": 37, "column": 8 }, "end": { "line": 37, "column": 37 } },
        "type": "binary-expr",
        "locations": [
          { "start": { "line": 37, "column": 8 }, "end": { "line": 37, "column": 23 } },
          { "start": { "line": 37, "column": 23 }, "end": { "line": 37, "column": 37 } }
        ],
        "line": 37
      },
      "12": {
        "loc": { "start": { "line": 38, "column": 4 }, "end": { "line": 38, "column": null } },
        "type": "if",
        "locations": [
          { "start": { "line": 38, "column": 4 }, "end": { "line": 38, "column": null } },
          { "start": {}, "end": {} }
        ],
        "line": 38
      },
      "13": {
        "loc": { "start": { "line": 38, "column": 8 }, "end": { "line": 38, "column": 37 } },
        "type": "binary-expr",
        "locations": [
          { "start": { "line": 38, "column": 8 }, "end": { "line": 38, "column": 23 } },
          { "start": { "line": 38, "column": 23 }, "end": { "line": 38, "column": 37 } }
        ],
        "line": 38
      },
      "14": {
        "loc": { "start": { "line": 55, "column": 4 }, "end": { "line": 59, "column": null } },
        "type": "if",
        "locations": [
          { "start": { "line": 55, "column": 4 }, "end": { "line": 59, "column": null } },
          { "start": { "line": 57, "column": 11 }, "end": { "line": 59, "column": null } }
        ],
        "line": 55
      },
      "15": {
        "loc": { "start": { "line": 75, "column": 85 }, "end": { "line": 75, "column": 118 } },
        "type": "binary-expr",
        "locations": [
          { "start": { "line": 75, "column": 85 }, "end": { "line": 75, "column": 116 } },
          { "start": { "line": 75, "column": 116 }, "end": { "line": 75, "column": 118 } }
        ],
        "line": 75
      },
      "16": {
        "loc": { "start": { "line": 76, "column": 4 }, "end": { "line": 76, "column": null } },
        "type": "if",
        "locations": [
          { "start": { "line": 76, "column": 4 }, "end": { "line": 76, "column": null } },
          { "start": {}, "end": {} }
        ],
        "line": 76
      }
    },
    "s": {
      "0": 7,
      "1": 7,
      "2": 2,
      "3": 7,
      "4": 2,
      "5": 7,
      "6": 1,
      "7": 7,
      "8": 1,
      "9": 7,
      "10": 1,
      "11": 7,
      "12": 7,
      "13": 24,
      "14": 5,
      "15": 19,
      "16": 24,
      "17": 24,
      "18": 5,
      "19": 14,
      "20": 2,
      "21": 12,
      "22": 8,
      "23": 9,
      "24": 8,
      "25": 20,
      "26": 20,
      "27": 20,
      "28": 20,
      "29": 12,
      "30": 12,
      "31": 8,
      "32": 8,
      "33": 4,
      "34": 5,
      "35": 4,
      "36": 11,
      "37": 2,
      "38": 5,
      "39": 3,
      "40": 3,
      "41": 5,
      "42": 5,
      "43": 2,
      "44": 3,
      "45": 3
    },
    "f": {
      "0": 7,
      "1": 7,
      "2": 24,
      "3": 8,
      "4": 9,
      "5": 20,
      "6": 12,
      "7": 8,
      "8": 4,
      "9": 5,
      "10": 11,
      "11": 2,
      "12": 5,
      "13": 3,
      "14": 5
    },
    "b": {
      "0": [2, 5],
      "1": [7, 5],
      "2": [2, 5],
      "3": [1, 6],
      "4": [1, 6],
      "5": [1, 6],
      "6": [5, 19],
      "7": [24, 5],
      "8": [19, 0],
      "9": [24, 0],
      "10": [5, 19],
      "11": [24, 13],
      "12": [2, 12],
      "13": [14, 6],
      "14": [12, 8],
      "15": [5, 0],
      "16": [2, 3]
    },
    "meta": {
      "lastBranch": 17,
      "lastFunction": 15,
      "lastStatement": 46,
      "seen": {
        "f:3:16:3:33": 0,
        "s:4:17:4:Infinity": 0,
        "b:6:2:8:Infinity:undefined:undefined:undefined:undefined": 0,
        "s:6:2:8:Infinity": 1,
        "b:6:6:6:35:6:35:6:62": 1,
        "s:7:4:7:Infinity": 2,
        "b:10:2:12:Infinity:undefined:undefined:undefined:undefined": 2,
        "s:10:2:12:Infinity": 3,
        "s:11:4:11:Infinity": 4,
        "b:14:2:16:Infinity:undefined:undefined:undefined:undefined": 3,
        "s:14:2:16:Infinity": 5,
        "s:15:4:15:Infinity": 6,
        "b:18:2:20:Infinity:undefined:undefined:undefined:undefined": 4,
        "s:18:2:20:Infinity": 7,
        "s:19:4:19:Infinity": 8,
        "b:22:2:24:Infinity:undefined:undefined:undefined:undefined": 5,
        "s:22:2:24:Infinity": 9,
        "s:23:4:23:Infinity": 10,
        "s:26:2:26:Infinity": 11,
        "f:29:16:29:36": 1,
        "s:30:2:40:Infinity": 12,
        "f:30:21:30:22": 2,
        "b:32:4:32:Infinity:undefined:undefined:undefined:undefined": 6,
        "s:32:4:32:Infinity": 13,
        "b:32:8:32:38:32:38:32:66": 7,
        "s:32:66:32:Infinity": 14,
        "s:34:19:34:Infinity": 15,
        "b:34:19:34:41:34:41:34:Infinity": 8,
        "s:35:19:35:Infinity": 16,
        "b:35:19:35:41:35:41:35:Infinity": 9,
        "b:37:4:37:Infinity:undefined:undefined:undefined:undefined": 10,
        "s:37:4:37:Infinity": 17,
        "b:37:8:37:23:37:23:37:37": 11,
        "s:37:37:37:Infinity": 18,
        "b:38:4:38:Infinity:undefined:undefined:undefined:undefined": 12,
        "s:38:4:38:Infinity": 19,
        "b:38:8:38:23:38:23:38:37": 13,
        "s:38:37:38:Infinity": 20,
        "s:39:4:39:Infinity": 21,
        "f:43:16:43:Infinity": 3,
        "s:48:24:48:Infinity": 22,
        "f:48:37:48:38": 4,
        "s:48:44:48:59": 23,
        "s:50:2:60:Infinity": 24,
        "f:50:21:50:22": 5,
        "s:51:24:51:Infinity": 25,
        "s:52:18:52:Infinity": 26,
        "s:53:17:53:Infinity": 27,
        "b:55:4:59:Infinity:57:11:59:Infinity": 14,
        "s:55:4:59:Infinity": 28,
        "s:56:6:56:Infinity": 29,
        "f:56:32:56:33": 6,
        "s:56:40:56:57": 30,
        "s:58:6:58:Infinity": 31,
        "f:58:33:58:34": 7,
        "s:58:41:58:58": 32,
        "f:63:16:63:32": 8,
        "s:64:23:64:Infinity": 33,
        "f:64:44:64:45": 9,
        "s:64:51:64:66": 34,
        "s:65:2:65:Infinity": 35,
        "f:65:21:65:22": 10,
        "s:65:30:65:85": 36,
        "f:68:16:68:36": 11,
        "s:69:2:69:Infinity": 37,
        "f:69:21:69:22": 12,
        "s:69:30:69:53": 38,
        "f:72:16:72:32": 13,
        "s:73:15:73:Infinity": 39,
        "s:74:2:79:Infinity": 40,
        "f:74:21:74:22": 14,
        "s:75:16:75:Infinity": 41,
        "b:75:85:75:116:75:116:75:118": 15,
        "b:76:4:76:Infinity:undefined:undefined:undefined:undefined": 16,
        "s:76:4:76:Infinity": 42,
        "s:76:23:76:Infinity": 43,
        "s:77:4:77:Infinity": 44,
        "s:78:4:78:Infinity": 45
      }
    }
  },
  "C:\\Users\\lukaf\\Desktop\\Dev Work\\My Projects\\Job Search Tool\\packages\\core\\src\\storage\\index.ts": {
    "path": "C:\\Users\\lukaf\\Desktop\\Dev Work\\My Projects\\Job Search Tool\\packages\\core\\src\\storage\\index.ts",
    "statementMap": {
      "0": { "start": { "line": 7, "column": 6 }, "end": { "line": 7, "column": null } },
      "1": { "start": { "line": 8, "column": 6 }, "end": { "line": 8, "column": null } },
      "2": { "start": { "line": 11, "column": 2 }, "end": { "line": 11, "column": null } },
      "3": { "start": { "line": 15, "column": 2 }, "end": { "line": 20, "column": null } },
      "4": { "start": { "line": 16, "column": 17 }, "end": { "line": 16, "column": null } },
      "5": { "start": { "line": 17, "column": 4 }, "end": { "line": 17, "column": null } },
      "6": { "start": { "line": 19, "column": 4 }, "end": { "line": 19, "column": null } },
      "7": { "start": { "line": 24, "column": 2 }, "end": { "line": 24, "column": null } },
      "8": { "start": { "line": 25, "column": 2 }, "end": { "line": 25, "column": null } },
      "9": { "start": { "line": 31, "column": 15 }, "end": { "line": 31, "column": null } },
      "10": { "start": { "line": 32, "column": 17 }, "end": { "line": 32, "column": null } },
      "11": { "start": { "line": 32, "column": 44 }, "end": { "line": 32, "column": 71 } },
      "12": { "start": { "line": 33, "column": 2 }, "end": { "line": 33, "column": null } },
      "13": { "start": { "line": 33, "column": 14 }, "end": { "line": 33, "column": null } },
      "14": { "start": { "line": 35, "column": 2 }, "end": { "line": 39, "column": null } },
      "15": { "start": { "line": 40, "column": 2 }, "end": { "line": 40, "column": null } },
      "16": { "start": { "line": 44, "column": 15 }, "end": { "line": 44, "column": null } },
      "17": { "start": { "line": 45, "column": 2 }, "end": { "line": 45, "column": null } },
      "18": { "start": { "line": 49, "column": 15 }, "end": { "line": 49, "column": null } },
      "19": { "start": { "line": 50, "column": 17 }, "end": { "line": 50, "column": null } },
      "20": { "start": { "line": 51, "column": 2 }, "end": { "line": 51, "column": null } },
      "21": { "start": { "line": 51, "column": 48 }, "end": { "line": 51, "column": 70 } },
      "22": { "start": { "line": 52, "column": 2 }, "end": { "line": 52, "column": null } },
      "23": { "start": { "line": 52, "column": 40 }, "end": { "line": 52, "column": null } },
      "24": { "start": { "line": 53, "column": 2 }, "end": { "line": 53, "column": null } },
      "25": { "start": { "line": 54, "column": 2 }, "end": { "line": 54, "column": null } },
      "26": { "start": { "line": 64, "column": 15 }, "end": { "line": 64, "column": null } },
      "27": { "start": { "line": 66, "column": 2 }, "end": { "line": 66, "column": null } },
      "28": { "start": { "line": 66, "column": 46 }, "end": { "line": 66, "column": 61 } },
      "29": { "start": { "line": 67, "column": 2 }, "end": { "line": 72, "column": null } },
      "30": { "start": { "line": 73, "column": 2 }, "end": { "line": 73, "column": null } },
      "31": { "start": { "line": 77, "column": 15 }, "end": { "line": 77, "column": null } },
      "32": { "start": { "line": 78, "column": 2 }, "end": { "line": 78, "column": null } },
      "33": { "start": { "line": 82, "column": 15 }, "end": { "line": 82, "column": null } },
      "34": { "start": { "line": 83, "column": 2 }, "end": { "line": 83, "column": null } },
      "35": { "start": { "line": 83, "column": 35 }, "end": { "line": 83, "column": 50 } },
      "36": { "start": { "line": 87, "column": 15 }, "end": { "line": 87, "column": null } },
      "37": { "start": { "line": 88, "column": 17 }, "end": { "line": 88, "column": null } },
      "38": { "start": { "line": 89, "column": 2 }, "end": { "line": 89, "column": null } },
      "39": { "start": { "line": 89, "column": 46 }, "end": { "line": 89, "column": 61 } },
      "40": { "start": { "line": 90, "column": 2 }, "end": { "line": 90, "column": null } },
      "41": { "start": { "line": 90, "column": 39 }, "end": { "line": 90, "column": null } },
      "42": { "start": { "line": 91, "column": 2 }, "end": { "line": 91, "column": null } },
      "43": { "start": { "line": 92, "column": 2 }, "end": { "line": 92, "column": null } },
      "44": { "start": { "line": 98, "column": 15 }, "end": { "line": 98, "column": null } },
      "45": { "start": { "line": 99, "column": 16 }, "end": { "line": 99, "column": null } },
      "46": { "start": { "line": 100, "column": 2 }, "end": { "line": 102, "column": null } },
      "47": { "start": { "line": 101, "column": 4 }, "end": { "line": 101, "column": null } },
      "48": { "start": { "line": 103, "column": 2 }, "end": { "line": 103, "column": null } },
      "49": { "start": { "line": 104, "column": 2 }, "end": { "line": 104, "column": null } },
      "50": { "start": { "line": 108, "column": 15 }, "end": { "line": 108, "column": null } },
      "51": { "start": { "line": 109, "column": 2 }, "end": { "line": 109, "column": null } },
      "52": { "start": { "line": 114, "column": 25 }, "end": { "line": 114, "column": null } },
      "53": { "start": { "line": 115, "column": 26 }, "end": { "line": 115, "column": null } },
      "54": { "start": { "line": 116, "column": 29 }, "end": { "line": 116, "column": null } },
      "55": { "start": { "line": 117, "column": 30 }, "end": { "line": 117, "column": null } },
      "56": { "start": { "line": 120, "column": 15 }, "end": { "line": 120, "column": null } },
      "57": { "start": { "line": 121, "column": 2 }, "end": { "line": 121, "column": null } },
      "58": { "start": { "line": 121, "column": 26 }, "end": { "line": 121, "column": null } },
      "59": { "start": { "line": 122, "column": 2 }, "end": { "line": 122, "column": null } },
      "60": { "start": { "line": 124, "column": 17 }, "end": { "line": 124, "column": null } },
      "61": { "start": { "line": 125, "column": 2 }, "end": { "line": 125, "column": null } },
      "62": { "start": { "line": 125, "column": 55 }, "end": { "line": 125, "column": 67 } },
      "63": { "start": { "line": 126, "column": 2 }, "end": { "line": 126, "column": null } },
      "64": { "start": { "line": 130, "column": 15 }, "end": { "line": 130, "column": null } },
      "65": { "start": { "line": 131, "column": 14 }, "end": { "line": 131, "column": null } },
      "66": { "start": { "line": 132, "column": 17 }, "end": { "line": 132, "column": null } },
      "67": { "start": { "line": 133, "column": 22 }, "end": { "line": 133, "column": null } },
      "68": { "start": { "line": 134, "column": 23 }, "end": { "line": 134, "column": null } },
      "69": { "start": { "line": 136, "column": 14 }, "end": { "line": 136, "column": null } },
      "70": { "start": { "line": 137, "column": 18 }, "end": { "line": 137, "column": null } },
      "71": { "start": { "line": 138, "column": 19 }, "end": { "line": 138, "column": null } },
      "72": { "start": { "line": 140, "column": 24 }, "end": { "line": 140, "column": null } },
      "73": { "start": { "line": 140, "column": 43 }, "end": { "line": 140, "column": 56 } },
      "74": { "start": { "line": 141, "column": 25 }, "end": { "line": 141, "column": null } },
      "75": { "start": { "line": 141, "column": 44 }, "end": { "line": 141, "column": 58 } },
      "76": { "start": { "line": 143, "column": 21 }, "end": { "line": 143, "column": null } },
      "77": { "start": { "line": 144, "column": 22 }, "end": { "line": 144, "column": null } },
      "78": { "start": { "line": 146, "column": 38 }, "end": { "line": 146, "column": null } },
      "79": { "start": { "line": 147, "column": 2 }, "end": { "line": 151, "column": null } },
      "80": { "start": { "line": 148, "column": 4 }, "end": { "line": 150, "column": null } },
      "81": { "start": { "line": 153, "column": 39 }, "end": { "line": 153, "column": null } },
      "82": { "start": { "line": 154, "column": 2 }, "end": { "line": 158, "column": null } },
      "83": { "start": { "line": 155, "column": 4 }, "end": { "line": 157, "column": null } },
      "84": { "start": { "line": 160, "column": 2 }, "end": { "line": 169, "column": null } },
      "85": { "start": { "line": 173, "column": 17 }, "end": { "line": 173, "column": null } },
      "86": { "start": { "line": 174, "column": 2 }, "end": { "line": 176, "column": null } },
      "87": { "start": { "line": 175, "column": 4 }, "end": { "line": 175, "column": null } },
      "88": { "start": { "line": 177, "column": 2 }, "end": { "line": 179, "column": null } },
      "89": { "start": { "line": 178, "column": 4 }, "end": { "line": 178, "column": null } }
    },
    "fnMap": {
      "0": {
        "name": "ensureStorageDir",
        "decl": { "start": { "line": 10, "column": 15 }, "end": { "line": 10, "column": 49 } },
        "loc": { "start": { "line": 10, "column": 49 }, "end": { "line": 12, "column": null } },
        "line": 10
      },
      "1": {
        "name": "readStorage",
        "decl": { "start": { "line": 14, "column": 15 }, "end": { "line": 14, "column": 51 } },
        "loc": { "start": { "line": 14, "column": 51 }, "end": { "line": 21, "column": null } },
        "line": 14
      },
      "2": {
        "name": "writeStorage",
        "decl": { "start": { "line": 23, "column": 15 }, "end": { "line": 23, "column": 28 } },
        "loc": { "start": { "line": 23, "column": 62 }, "end": { "line": 26, "column": null } },
        "line": 23
      },
      "3": {
        "name": "saveJob",
        "decl": { "start": { "line": 30, "column": 22 }, "end": { "line": 30, "column": 30 } },
        "loc": { "start": { "line": 30, "column": 77 }, "end": { "line": 41, "column": null } },
        "line": 30
      },
      "4": {
        "name": "(anonymous_4)",
        "decl": { "start": { "line": 32, "column": 37 }, "end": { "line": 32, "column": 38 } },
        "loc": { "start": { "line": 32, "column": 44 }, "end": { "line": 32, "column": 71 } },
        "line": 32
      },
      "5": {
        "name": "getSavedJobs",
        "decl": { "start": { "line": 43, "column": 22 }, "end": { "line": 43, "column": 58 } },
        "loc": { "start": { "line": 43, "column": 58 }, "end": { "line": 46, "column": null } },
        "line": 43
      },
      "6": {
        "name": "removeSavedJob",
        "decl": { "start": { "line": 48, "column": 22 }, "end": { "line": 48, "column": 37 } },
        "loc": { "start": { "line": 48, "column": 70 }, "end": { "line": 55, "column": null } },
        "line": 48
      },
      "7": {
        "name": "(anonymous_7)",
        "decl": { "start": { "line": 51, "column": 41 }, "end": { "line": 51, "column": 42 } },
        "loc": { "start": { "line": 51, "column": 48 }, "end": { "line": 51, "column": 70 } },
        "line": 51
      },
      "8": {
        "name": "saveProfile",
        "decl": { "start": { "line": 59, "column": 22 }, "end": { "line": 59, "column": null } },
        "loc": { "start": { "line": 63, "column": 17 }, "end": { "line": 74, "column": null } },
        "line": 63
      },
      "9": {
        "name": "(anonymous_9)",
        "decl": { "start": { "line": 66, "column": 39 }, "end": { "line": 66, "column": 40 } },
        "loc": { "start": { "line": 66, "column": 46 }, "end": { "line": 66, "column": 61 } },
        "line": 66
      },
      "10": {
        "name": "getProfiles",
        "decl": { "start": { "line": 76, "column": 22 }, "end": { "line": 76, "column": 62 } },
        "loc": { "start": { "line": 76, "column": 62 }, "end": { "line": 79, "column": null } },
        "line": 76
      },
      "11": {
        "name": "getProfile",
        "decl": { "start": { "line": 81, "column": 22 }, "end": { "line": 81, "column": 33 } },
        "loc": { "start": { "line": 81, "column": 83 }, "end": { "line": 84, "column": null } },
        "line": 81
      },
      "12": {
        "name": "(anonymous_12)",
        "decl": { "start": { "line": 83, "column": 28 }, "end": { "line": 83, "column": 29 } },
        "loc": { "start": { "line": 83, "column": 35 }, "end": { "line": 83, "column": 50 } },
        "line": 83
      },
      "13": {
        "name": "removeProfile",
        "decl": { "start": { "line": 86, "column": 22 }, "end": { "line": 86, "column": 36 } },
        "loc": { "start": { "line": 86, "column": 68 }, "end": { "line": 93, "column": null } },
        "line": 86
      },
      "14": {
        "name": "(anonymous_14)",
        "decl": { "start": { "line": 89, "column": 39 }, "end": { "line": 89, "column": 40 } },
        "loc": { "start": { "line": 89, "column": 46 }, "end": { "line": 89, "column": 61 } },
        "line": 89
      },
      "15": {
        "name": "markJobsSeen",
        "decl": { "start": { "line": 97, "column": 22 }, "end": { "line": 97, "column": 35 } },
        "loc": { "start": { "line": 97, "column": 68 }, "end": { "line": 105, "column": null } },
        "line": 97
      },
      "16": {
        "name": "getSeenJobIds",
        "decl": { "start": { "line": 107, "column": 22 }, "end": { "line": 107, "column": 60 } },
        "loc": { "start": { "line": 107, "column": 60 }, "end": { "line": 110, "column": null } },
        "line": 107
      },
      "17": {
        "name": "recordApiRequest",
        "decl": { "start": { "line": 119, "column": 22 }, "end": { "line": 119, "column": 56 } },
        "loc": { "start": { "line": 119, "column": 56 }, "end": { "line": 127, "column": null } },
        "line": 119
      },
      "18": {
        "name": "(anonymous_18)",
        "decl": { "start": { "line": 125, "column": 47 }, "end": { "line": 125, "column": 48 } },
        "loc": { "start": { "line": 125, "column": 55 }, "end": { "line": 125, "column": 67 } },
        "line": 125
      },
      "19": {
        "name": "getQuotaStatus",
        "decl": { "start": { "line": 129, "column": 22 }, "end": { "line": 129, "column": 61 } },
        "loc": { "start": { "line": 129, "column": 61 }, "end": { "line": 170, "column": null } },
        "line": 129
      },
      "20": {
        "name": "(anonymous_20)",
        "decl": { "start": { "line": 140, "column": 35 }, "end": { "line": 140, "column": 36 } },
        "loc": { "start": { "line": 140, "column": 43 }, "end": { "line": 140, "column": 56 } },
        "line": 140
      },
      "21": {
        "name": "(anonymous_21)",
        "decl": { "start": { "line": 141, "column": 36 }, "end": { "line": 141, "column": 37 } },
        "loc": { "start": { "line": 141, "column": 44 }, "end": { "line": 141, "column": 58 } },
        "line": 141
      },
      "22": {
        "name": "checkRateLimit",
        "decl": { "start": { "line": 172, "column": 22 }, "end": { "line": 172, "column": 54 } },
        "loc": { "start": { "line": 172, "column": 54 }, "end": { "line": 180, "column": null } },
        "line": 172
      }
    },
    "branchMap": {
      "0": {
        "loc": { "start": { "line": 33, "column": 2 }, "end": { "line": 33, "column": null } },
        "type": "if",
        "locations": [
          { "start": { "line": 33, "column": 2 }, "end": { "line": 33, "column": null } },
          { "start": {}, "end": {} }
        ],
        "line": 33
      },
      "1": {
        "loc": { "start": { "line": 52, "column": 2 }, "end": { "line": 52, "column": null } },
        "type": "if",
        "locations": [
          { "start": { "line": 52, "column": 2 }, "end": { "line": 52, "column": null } },
          { "start": {}, "end": {} }
        ],
        "line": 52
      },
      "2": {
        "loc": { "start": { "line": 90, "column": 2 }, "end": { "line": 90, "column": null } },
        "type": "if",
        "locations": [
          { "start": { "line": 90, "column": 2 }, "end": { "line": 90, "column": null } },
          { "start": {}, "end": {} }
        ],
        "line": 90
      },
      "3": {
        "loc": { "start": { "line": 121, "column": 2 }, "end": { "line": 121, "column": null } },
        "type": "if",
        "locations": [
          { "start": { "line": 121, "column": 2 }, "end": { "line": 121, "column": null } },
          { "start": {}, "end": {} }
        ],
        "line": 121
      },
      "4": {
        "loc": { "start": { "line": 131, "column": 14 }, "end": { "line": 131, "column": null } },
        "type": "binary-expr",
        "locations": [
          { "start": { "line": 131, "column": 14 }, "end": { "line": 131, "column": 35 } },
          { "start": { "line": 131, "column": 35 }, "end": { "line": 131, "column": null } }
        ],
        "line": 131
      },
      "5": {
        "loc": { "start": { "line": 133, "column": 22 }, "end": { "line": 133, "column": null } },
        "type": "binary-expr",
        "locations": [
          { "start": { "line": 133, "column": 22 }, "end": { "line": 133, "column": 45 } },
          { "start": { "line": 133, "column": 45 }, "end": { "line": 133, "column": null } }
        ],
        "line": 133
      },
      "6": {
        "loc": { "start": { "line": 134, "column": 23 }, "end": { "line": 134, "column": null } },
        "type": "binary-expr",
        "locations": [
          { "start": { "line": 134, "column": 23 }, "end": { "line": 134, "column": 47 } },
          { "start": { "line": 134, "column": 47 }, "end": { "line": 134, "column": null } }
        ],
        "line": 134
      },
      "7": {
        "loc": { "start": { "line": 147, "column": 2 }, "end": { "line": 151, "column": null } },
        "type": "if",
        "locations": [
          { "start": { "line": 147, "column": 2 }, "end": { "line": 151, "column": null } },
          { "start": {}, "end": {} }
        ],
        "line": 147
      },
      "8": {
        "loc": { "start": { "line": 154, "column": 2 }, "end": { "line": 158, "column": null } },
        "type": "if",
        "locations": [
          { "start": { "line": 154, "column": 2 }, "end": { "line": 158, "column": null } },
          { "start": {}, "end": {} }
        ],
        "line": 154
      },
      "9": {
        "loc": { "start": { "line": 174, "column": 2 }, "end": { "line": 176, "column": null } },
        "type": "if",
        "locations": [
          { "start": { "line": 174, "column": 2 }, "end": { "line": 176, "column": null } },
          { "start": {}, "end": {} }
        ],
        "line": 174
      },
      "10": {
        "loc": { "start": { "line": 177, "column": 2 }, "end": { "line": 179, "column": null } },
        "type": "if",
        "locations": [
          { "start": { "line": 177, "column": 2 }, "end": { "line": 179, "column": null } },
          { "start": {}, "end": {} }
        ],
        "line": 177
      }
    },
    "s": {
      "0": 1,
      "1": 1,
      "2": 8,
      "3": 21,
      "4": 21,
      "5": 20,
      "6": 1,
      "7": 8,
      "8": 8,
      "9": 2,
      "10": 2,
      "11": 1,
      "12": 2,
      "13": 1,
      "14": 1,
      "15": 1,
      "16": 2,
      "17": 2,
      "18": 2,
      "19": 2,
      "20": 2,
      "21": 1,
      "22": 2,
      "23": 1,
      "24": 1,
      "25": 1,
      "26": 2,
      "27": 2,
      "28": 1,
      "29": 2,
      "30": 2,
      "31": 1,
      "32": 1,
      "33": 2,
      "34": 2,
      "35": 1,
      "36": 1,
      "37": 1,
      "38": 1,
      "39": 1,
      "40": 1,
      "41": 0,
      "42": 1,
      "43": 1,
      "44": 1,
      "45": 1,
      "46": 1,
      "47": 2,
      "48": 1,
      "49": 1,
      "50": 1,
      "51": 1,
      "52": 1,
      "53": 1,
      "54": 1,
      "55": 1,
      "56": 2,
      "57": 2,
      "58": 0,
      "59": 2,
      "60": 2,
      "61": 2,
      "62": 5,
      "63": 2,
      "64": 5,
      "65": 5,
      "66": 5,
      "67": 5,
      "68": 5,
      "69": 5,
      "70": 5,
      "71": 5,
      "72": 5,
      "73": 253,
      "74": 5,
      "75": 253,
      "76": 5,
      "77": 5,
      "78": 5,
      "79": 5,
      "80": 3,
      "81": 5,
      "82": 5,
      "83": 3,
      "84": 5,
      "85": 3,
      "86": 3,
      "87": 2,
      "88": 1,
      "89": 0
    },
    "f": {
      "0": 8,
      "1": 21,
      "2": 8,
      "3": 2,
      "4": 1,
      "5": 2,
      "6": 2,
      "7": 1,
      "8": 2,
      "9": 1,
      "10": 1,
      "11": 2,
      "12": 1,
      "13": 1,
      "14": 1,
      "15": 1,
      "16": 1,
      "17": 2,
      "18": 5,
      "19": 5,
      "20": 253,
      "21": 253,
      "22": 3
    },
    "b": {
      "0": [1, 1],
      "1": [1, 1],
      "2": [0, 1],
      "3": [0, 2],
      "4": [5, 0],
      "5": [5, 5],
      "6": [5, 5],
      "7": [3, 2],
      "8": [3, 2],
      "9": [2, 1],
      "10": [0, 1]
    },
    "meta": {
      "lastBranch": 11,
      "lastFunction": 23,
      "lastStatement": 90,
      "seen": {
        "s:7:6:7:Infinity": 0,
        "s:8:6:8:Infinity": 1,
        "f:10:15:10:49": 0,
        "s:11:2:11:Infinity": 2,
        "f:14:15:14:51": 1,
        "s:15:2:20:Infinity": 3,
        "s:16:17:16:Infinity": 4,
        "s:17:4:17:Infinity": 5,
        "s:19:4:19:Infinity": 6,
        "f:23:15:23:28": 2,
        "s:24:2:24:Infinity": 7,
        "s:25:2:25:Infinity": 8,
        "f:30:22:30:30": 3,
        "s:31:15:31:Infinity": 9,
        "s:32:17:32:Infinity": 10,
        "f:32:37:32:38": 4,
        "s:32:44:32:71": 11,
        "b:33:2:33:Infinity:undefined:undefined:undefined:undefined": 0,
        "s:33:2:33:Infinity": 12,
        "s:33:14:33:Infinity": 13,
        "s:35:2:39:Infinity": 14,
        "s:40:2:40:Infinity": 15,
        "f:43:22:43:58": 5,
        "s:44:15:44:Infinity": 16,
        "s:45:2:45:Infinity": 17,
        "f:48:22:48:37": 6,
        "s:49:15:49:Infinity": 18,
        "s:50:17:50:Infinity": 19,
        "s:51:2:51:Infinity": 20,
        "f:51:41:51:42": 7,
        "s:51:48:51:70": 21,
        "b:52:2:52:Infinity:undefined:undefined:undefined:undefined": 1,
        "s:52:2:52:Infinity": 22,
        "s:52:40:52:Infinity": 23,
        "s:53:2:53:Infinity": 24,
        "s:54:2:54:Infinity": 25,
        "f:59:22:59:Infinity": 8,
        "s:64:15:64:Infinity": 26,
        "s:66:2:66:Infinity": 27,
        "f:66:39:66:40": 9,
        "s:66:46:66:61": 28,
        "s:67:2:72:Infinity": 29,
        "s:73:2:73:Infinity": 30,
        "f:76:22:76:62": 10,
        "s:77:15:77:Infinity": 31,
        "s:78:2:78:Infinity": 32,
        "f:81:22:81:33": 11,
        "s:82:15:82:Infinity": 33,
        "s:83:2:83:Infinity": 34,
        "f:83:28:83:29": 12,
        "s:83:35:83:50": 35,
        "f:86:22:86:36": 13,
        "s:87:15:87:Infinity": 36,
        "s:88:17:88:Infinity": 37,
        "s:89:2:89:Infinity": 38,
        "f:89:39:89:40": 14,
        "s:89:46:89:61": 39,
        "b:90:2:90:Infinity:undefined:undefined:undefined:undefined": 2,
        "s:90:2:90:Infinity": 40,
        "s:90:39:90:Infinity": 41,
        "s:91:2:91:Infinity": 42,
        "s:92:2:92:Infinity": 43,
        "f:97:22:97:35": 15,
        "s:98:15:98:Infinity": 44,
        "s:99:16:99:Infinity": 45,
        "s:100:2:102:Infinity": 46,
        "s:101:4:101:Infinity": 47,
        "s:103:2:103:Infinity": 48,
        "s:104:2:104:Infinity": 49,
        "f:107:22:107:60": 16,
        "s:108:15:108:Infinity": 50,
        "s:109:2:109:Infinity": 51,
        "s:114:25:114:Infinity": 52,
        "s:115:26:115:Infinity": 53,
        "s:116:29:116:Infinity": 54,
        "s:117:30:117:Infinity": 55,
        "f:119:22:119:56": 17,
        "s:120:15:120:Infinity": 56,
        "b:121:2:121:Infinity:undefined:undefined:undefined:undefined": 3,
        "s:121:2:121:Infinity": 57,
        "s:121:26:121:Infinity": 58,
        "s:122:2:122:Infinity": 59,
        "s:124:17:124:Infinity": 60,
        "s:125:2:125:Infinity": 61,
        "f:125:47:125:48": 18,
        "s:125:55:125:67": 62,
        "s:126:2:126:Infinity": 63,
        "f:129:22:129:61": 19,
        "s:130:15:130:Infinity": 64,
        "s:131:14:131:Infinity": 65,
        "b:131:14:131:35:131:35:131:Infinity": 4,
        "s:132:17:132:Infinity": 66,
        "s:133:22:133:Infinity": 67,
        "b:133:22:133:45:133:45:133:Infinity": 5,
        "s:134:23:134:Infinity": 68,
        "b:134:23:134:47:134:47:134:Infinity": 6,
        "s:136:14:136:Infinity": 69,
        "s:137:18:137:Infinity": 70,
        "s:138:19:138:Infinity": 71,
        "s:140:24:140:Infinity": 72,
        "f:140:35:140:36": 20,
        "s:140:43:140:56": 73,
        "s:141:25:141:Infinity": 74,
        "f:141:36:141:37": 21,
        "s:141:44:141:58": 75,
        "s:143:21:143:Infinity": 76,
        "s:144:22:144:Infinity": 77,
        "s:146:38:146:Infinity": 78,
        "b:147:2:151:Infinity:undefined:undefined:undefined:undefined": 7,
        "s:147:2:151:Infinity": 79,
        "s:148:4:150:Infinity": 80,
        "s:153:39:153:Infinity": 81,
        "b:154:2:158:Infinity:undefined:undefined:undefined:undefined": 8,
        "s:154:2:158:Infinity": 82,
        "s:155:4:157:Infinity": 83,
        "s:160:2:169:Infinity": 84,
        "f:172:22:172:54": 22,
        "s:173:17:173:Infinity": 85,
        "b:174:2:176:Infinity:undefined:undefined:undefined:undefined": 9,
        "s:174:2:176:Infinity": 86,
        "s:175:4:175:Infinity": 87,
        "b:177:2:179:Infinity:undefined:undefined:undefined:undefined": 10,
        "s:177:2:179:Infinity": 88,
        "s:178:4:178:Infinity": 89
      }
    }
  }
}
