<?xml version="1.0" encoding="UTF-8"?>
<coverage generated="1772496560169" clover="3.2.0">
  <project timestamp="1772496560169" name="All files">
    <metrics statements="636" coveredstatements="578" conditionals="478" coveredconditionals="403" methods="227" coveredmethods="194" elements="1341" coveredelements="1175" complexity="0" loc="636" ncloc="636" packages="4" files="15" classes="15"/>
    <package name="main">
      <metrics statements="185" coveredstatements="153" conditionals="76" coveredconditionals="53" methods="39" coveredmethods="24"/>
      <file name="ipc-handlers.ts" path="C:\Users\lukaf\Desktop\Dev Work\My Projects\Job Search Tool\apps\desktop\src\main\ipc-handlers.ts">
        <metrics statements="185" coveredstatements="153" conditionals="76" coveredconditionals="53" methods="39" coveredmethods="24"/>
        <line num="21" count="1" type="stmt"/>
        <line num="22" count="1" type="stmt"/>
        <line num="23" count="1" type="stmt"/>
        <line num="25" count="1" type="stmt"/>
        <line num="26" count="1" type="stmt"/>
        <line num="27" count="1" type="stmt"/>
        <line num="30" count="5" type="cond" truecount="1" falsecount="1"/>
        <line num="31" count="5" type="stmt"/>
        <line num="32" count="5" type="cond" truecount="2" falsecount="0"/>
        <line num="33" count="4" type="stmt"/>
        <line num="34" count="4" type="cond" truecount="1" falsecount="1"/>
        <line num="35" count="0" type="stmt"/>
        <line num="37" count="4" type="stmt"/>
        <line num="39" count="4" type="stmt"/>
        <line num="41" count="0" type="stmt"/>
        <line num="46" count="1" type="stmt"/>
        <line num="47" count="1" type="stmt"/>
        <line num="48" count="1" type="cond" truecount="1" falsecount="1"/>
        <line num="49" count="0" type="stmt"/>
        <line num="51" count="1" type="stmt"/>
        <line num="53" count="1" type="stmt"/>
        <line num="54" count="1" type="stmt"/>
        <line num="58" count="37" type="stmt"/>
        <line num="59" count="37" type="cond" truecount="2" falsecount="0"/>
        <line num="63" count="37" type="stmt"/>
        <line num="64" count="37" type="stmt"/>
        <line num="68" count="19" type="cond" truecount="2" falsecount="0"/>
        <line num="69" count="6" type="stmt"/>
        <line num="70" count="6" type="cond" truecount="2" falsecount="0"/>
        <line num="71" count="1" type="stmt"/>
        <line num="72" count="1" type="cond" truecount="1" falsecount="1"/>
        <line num="73" count="0" type="stmt"/>
        <line num="75" count="1" type="stmt"/>
        <line num="77" count="1" type="stmt"/>
        <line num="79" count="0" type="stmt"/>
        <line num="84" count="14" type="stmt"/>
        <line num="85" count="14" type="stmt"/>
        <line num="86" count="14" type="cond" truecount="1" falsecount="1"/>
        <line num="87" count="0" type="stmt"/>
        <line num="89" count="14" type="stmt"/>
        <line num="91" count="14" type="stmt"/>
        <line num="95" count="37" type="stmt"/>
        <line num="96" count="37" type="cond" truecount="2" falsecount="0"/>
        <line num="100" count="37" type="stmt"/>
        <line num="104" count="4" type="cond" truecount="1" falsecount="1"/>
        <line num="105" count="4" type="stmt"/>
        <line num="106" count="4" type="cond" truecount="1" falsecount="1"/>
        <line num="107" count="0" type="stmt"/>
        <line num="109" count="4" type="stmt"/>
        <line num="111" count="4" type="stmt"/>
        <line num="123" count="4" type="stmt"/>
        <line num="125" count="3" type="stmt"/>
        <line num="126" count="3" type="stmt"/>
        <line num="128" count="3" type="cond" truecount="1" falsecount="1"/>
        <line num="129" count="4" type="stmt"/>
        <line num="131" count="4" type="cond" truecount="2" falsecount="0"/>
        <line num="132" count="1" type="stmt"/>
        <line num="135" count="3" type="stmt"/>
        <line num="137" count="3" type="stmt"/>
        <line num="143" count="1" type="stmt"/>
        <line num="144" count="1" type="stmt"/>
        <line num="148" count="1" type="stmt"/>
        <line num="152" count="2" type="stmt"/>
        <line num="154" count="2" type="stmt"/>
        <line num="155" count="2" type="stmt"/>
        <line num="156" count="1" type="stmt"/>
        <line num="157" count="1" type="stmt"/>
        <line num="159" count="1" type="stmt"/>
        <line num="167" count="1" type="stmt"/>
        <line num="171" count="37" type="stmt"/>
        <line num="172" count="37" type="stmt"/>
        <line num="176" count="14" type="stmt"/>
        <line num="177" count="14" type="stmt"/>
        <line num="181" count="2" type="stmt"/>
        <line num="185" count="37" type="stmt"/>
        <line num="186" count="37" type="stmt"/>
        <line num="190" count="1" type="stmt"/>
        <line num="191" count="1" type="stmt"/>
        <line num="192" count="1" type="stmt"/>
        <line num="193" count="1" type="stmt"/>
        <line num="197" count="3" type="stmt"/>
        <line num="198" count="3" type="cond" truecount="2" falsecount="0"/>
        <line num="199" count="2" type="stmt"/>
        <line num="200" count="2" type="stmt"/>
        <line num="202" count="1" type="stmt"/>
        <line num="213" count="6" type="stmt"/>
        <line num="214" count="6" type="cond" truecount="2" falsecount="0"/>
        <line num="215" count="1" type="stmt"/>
        <line num="222" count="5" type="stmt"/>
        <line num="228" count="5" type="cond" truecount="4" falsecount="0"/>
        <line num="229" count="1" type="stmt"/>
        <line num="232" count="4" type="stmt"/>
        <line num="233" count="4" type="stmt"/>
        <line num="235" count="4" type="stmt"/>
        <line num="238" count="4" type="cond" truecount="2" falsecount="0"/>
        <line num="239" count="2" type="stmt"/>
        <line num="241" count="2" type="stmt"/>
        <line num="242" count="2" type="stmt"/>
        <line num="243" count="1" type="stmt"/>
        <line num="244" count="2" type="cond" truecount="2" falsecount="0"/>
        <line num="245" count="1" type="stmt"/>
        <line num="246" count="1" type="stmt"/>
        <line num="247" count="1" type="stmt"/>
        <line num="248" count="1" type="stmt"/>
        <line num="250" count="1" type="stmt"/>
        <line num="253" count="2" type="stmt"/>
        <line num="255" count="1" type="stmt"/>
        <line num="265" count="3" type="stmt"/>
        <line num="266" count="3" type="cond" truecount="2" falsecount="0"/>
        <line num="267" count="1" type="stmt"/>
        <line num="270" count="2" type="stmt"/>
        <line num="271" count="2" type="stmt"/>
        <line num="272" count="1" type="stmt"/>
        <line num="274" count="1" type="stmt"/>
        <line num="282" count="4" type="stmt"/>
        <line num="293" count="4" type="stmt"/>
        <line num="294" count="4" type="cond" truecount="2" falsecount="0"/>
        <line num="295" count="1" type="stmt"/>
        <line num="302" count="3" type="cond" truecount="4" falsecount="0"/>
        <line num="303" count="1" type="stmt"/>
        <line num="309" count="2" type="stmt"/>
        <line num="310" count="2" type="stmt"/>
        <line num="315" count="1" type="stmt"/>
        <line num="316" count="1" type="cond" truecount="1" falsecount="1"/>
        <line num="317" count="4" type="stmt"/>
        <line num="318" count="4" type="stmt"/>
        <line num="319" count="4" type="stmt"/>
        <line num="320" count="4" type="stmt"/>
        <line num="321" count="4" type="stmt"/>
        <line num="323" count="1" type="stmt"/>
        <line num="334" count="4" type="stmt"/>
        <line num="335" count="4" type="cond" truecount="2" falsecount="0"/>
        <line num="336" count="1" type="stmt"/>
        <line num="343" count="3" type="cond" truecount="4" falsecount="0"/>
        <line num="344" count="1" type="stmt"/>
        <line num="350" count="2" type="stmt"/>
        <line num="351" count="2" type="stmt"/>
        <line num="356" count="1" type="stmt"/>
        <line num="357" count="1" type="cond" truecount="1" falsecount="1"/>
        <line num="358" count="4" type="stmt"/>
        <line num="359" count="4" type="stmt"/>
        <line num="360" count="4" type="stmt"/>
        <line num="361" count="4" type="stmt"/>
        <line num="362" count="4" type="stmt"/>
        <line num="364" count="1" type="stmt"/>
        <line num="372" count="1" type="stmt"/>
        <line num="375" count="0" type="stmt"/>
        <line num="376" count="0" type="stmt"/>
        <line num="378" count="0" type="cond" truecount="0" falsecount="2"/>
        <line num="379" count="0" type="stmt"/>
        <line num="386" count="0" type="stmt"/>
        <line num="394" count="1" type="stmt"/>
        <line num="395" count="0" type="stmt"/>
        <line num="396" count="0" type="stmt"/>
        <line num="397" count="0" type="stmt"/>
        <line num="399" count="0" type="stmt"/>
        <line num="406" count="1" type="stmt"/>
        <line num="407" count="0" type="stmt"/>
        <line num="408" count="0" type="stmt"/>
        <line num="409" count="0" type="stmt"/>
        <line num="411" count="0" type="stmt"/>
        <line num="418" count="1" type="stmt"/>
        <line num="419" count="0" type="stmt"/>
        <line num="422" count="1" type="stmt"/>
        <line num="423" count="0" type="stmt"/>
        <line num="426" count="1" type="stmt"/>
        <line num="427" count="0" type="stmt"/>
        <line num="430" count="1" type="stmt"/>
        <line num="431" count="0" type="stmt"/>
        <line num="434" count="1" type="stmt"/>
        <line num="435" count="0" type="stmt"/>
        <line num="438" count="1" type="stmt"/>
        <line num="439" count="0" type="stmt"/>
        <line num="442" count="1" type="stmt"/>
        <line num="443" count="0" type="stmt"/>
        <line num="446" count="1" type="stmt"/>
        <line num="447" count="0" type="stmt"/>
        <line num="450" count="1" type="stmt"/>
        <line num="451" count="0" type="stmt"/>
        <line num="454" count="1" type="stmt"/>
        <line num="455" count="0" type="stmt"/>
        <line num="458" count="1" type="stmt"/>
        <line num="461" count="0" type="stmt"/>
        <line num="465" count="1" type="stmt"/>
        <line num="468" count="0" type="stmt"/>
      </file>
    </package>
    <package name="renderer">
      <metrics statements="39" coveredstatements="36" conditionals="14" coveredconditionals="12" methods="16" coveredmethods="15"/>
      <file name="App.tsx" path="C:\Users\lukaf\Desktop\Dev Work\My Projects\Job Search Tool\apps\desktop\src\renderer\App.tsx">
        <metrics statements="38" coveredstatements="36" conditionals="14" coveredconditionals="12" methods="16" coveredmethods="15"/>
        <line num="20" count="1" type="stmt"/>
        <line num="23" count="10" type="stmt"/>
        <line num="24" count="10" type="stmt"/>
        <line num="25" count="10" type="cond" truecount="1" falsecount="1"/>
        <line num="27" count="0" type="stmt"/>
        <line num="32" count="13" type="stmt"/>
        <line num="36" count="29" type="stmt"/>
        <line num="37" count="29" type="stmt"/>
        <line num="38" count="29" type="stmt"/>
        <line num="39" count="29" type="stmt"/>
        <line num="41" count="29" type="stmt"/>
        <line num="43" count="29" type="stmt"/>
        <line num="54" count="29" type="stmt"/>
        <line num="56" count="29" type="stmt"/>
        <line num="59" count="29" type="stmt"/>
        <line num="60" count="13" type="stmt"/>
        <line num="64" count="29" type="stmt"/>
        <line num="65" count="13" type="stmt"/>
        <line num="66" count="13" type="cond" truecount="4" falsecount="0"/>
        <line num="67" count="1" type="stmt"/>
        <line num="72" count="29" type="stmt"/>
        <line num="74" count="4" type="stmt"/>
        <line num="79" count="29" type="stmt"/>
        <line num="80" count="3" type="stmt"/>
        <line num="81" count="3" type="stmt"/>
        <line num="82" count="3" type="cond" truecount="2" falsecount="0"/>
        <line num="83" count="1" type="stmt"/>
        <line num="85" count="2" type="stmt"/>
        <line num="89" count="29" type="stmt"/>
        <line num="90" count="29" type="cond" truecount="4" falsecount="0"/>
        <line num="92" count="26" type="stmt"/>
        <line num="109" count="1" type="stmt"/>
        <line num="117" count="1" type="stmt"/>
        <line num="119" count="1" type="stmt"/>
        <line num="123" count="29" type="stmt"/>
        <line num="125" count="4" type="stmt"/>
        <line num="131" count="3" type="stmt"/>
        <line num="141" count="0" type="stmt"/>
      </file>
      <file name="main.tsx" path="C:\Users\lukaf\Desktop\Dev Work\My Projects\Job Search Tool\apps\desktop\src\renderer\main.tsx">
        <metrics statements="1" coveredstatements="0" conditionals="0" coveredconditionals="0" methods="0" coveredmethods="0"/>
        <line num="6" count="0" type="stmt"/>
      </file>
    </package>
    <package name="renderer.components">
      <metrics statements="310" coveredstatements="296" conditionals="362" coveredconditionals="321" methods="150" coveredmethods="136"/>
      <file name="Header.tsx" path="C:\Users\lukaf\Desktop\Dev Work\My Projects\Job Search Tool\apps\desktop\src\renderer\components\Header.tsx">
        <metrics statements="1" coveredstatements="1" conditionals="0" coveredconditionals="0" methods="1" coveredmethods="1"/>
        <line num="6" count="33" type="stmt"/>
      </file>
      <file name="JobCard.tsx" path="C:\Users\lukaf\Desktop\Dev Work\My Projects\Job Search Tool\apps\desktop\src\renderer\components\JobCard.tsx">
        <metrics statements="21" coveredstatements="21" conditionals="38" coveredconditionals="34" methods="7" coveredmethods="7"/>
        <line num="11" count="44" type="cond" truecount="4" falsecount="0"/>
        <line num="12" count="3" type="cond" truecount="1" falsecount="1"/>
        <line num="13" count="44" type="cond" truecount="1" falsecount="1"/>
        <line num="14" count="44" type="cond" truecount="2" falsecount="0"/>
        <line num="15" count="44" type="cond" truecount="1" falsecount="1"/>
        <line num="16" count="44" type="cond" truecount="2" falsecount="0"/>
        <line num="17" count="44" type="stmt"/>
        <line num="21" count="44" type="stmt"/>
        <line num="22" count="44" type="stmt"/>
        <line num="23" count="44" type="cond" truecount="2" falsecount="0"/>
        <line num="24" count="3" type="cond" truecount="2" falsecount="0"/>
        <line num="25" count="2" type="cond" truecount="1" falsecount="1"/>
        <line num="26" count="2" type="cond" truecount="2" falsecount="0"/>
        <line num="27" count="1" type="stmt"/>
        <line num="31" count="44" type="stmt"/>
        <line num="33" count="44" type="stmt"/>
        <line num="36" count="2" type="stmt"/>
        <line num="47" count="1" type="stmt"/>
        <line num="90" count="5" type="stmt"/>
        <line num="91" count="5" type="stmt"/>
        <line num="107" count="1" type="stmt"/>
      </file>
      <file name="JobDetail.tsx" path="C:\Users\lukaf\Desktop\Dev Work\My Projects\Job Search Tool\apps\desktop\src\renderer\components\JobDetail.tsx">
        <metrics statements="49" coveredstatements="49" conditionals="142" coveredconditionals="124" methods="16" coveredmethods="16"/>
        <line num="6" count="61" type="stmt"/>
        <line num="7" count="61" type="stmt"/>
        <line num="8" count="61" type="cond" truecount="2" falsecount="0"/>
        <line num="9" count="4" type="cond" truecount="2" falsecount="0"/>
        <line num="10" count="3" type="cond" truecount="1" falsecount="1"/>
        <line num="11" count="3" type="cond" truecount="2" falsecount="0"/>
        <line num="12" count="2" type="cond" truecount="1" falsecount="1"/>
        <line num="13" count="2" type="cond" truecount="2" falsecount="0"/>
        <line num="14" count="1" type="stmt"/>
        <line num="18" count="61" type="cond" truecount="1" falsecount="1"/>
        <line num="19" count="61" type="cond" truecount="2" falsecount="0"/>
        <line num="20" count="60" type="cond" truecount="2" falsecount="0"/>
        <line num="21" count="58" type="cond" truecount="1" falsecount="1"/>
        <line num="22" count="58" type="cond" truecount="1" falsecount="1"/>
        <line num="23" count="58" type="cond" truecount="1" falsecount="1"/>
        <line num="24" count="58" type="cond" truecount="2" falsecount="2"/>
        <line num="25" count="58" type="cond" truecount="2" falsecount="0"/>
        <line num="26" count="57" type="stmt"/>
        <line num="30" count="7" type="stmt"/>
        <line num="53" count="61" type="stmt"/>
        <line num="54" count="61" type="stmt"/>
        <line num="55" count="61" type="stmt"/>
        <line num="59" count="61" type="stmt"/>
        <line num="61" count="7" type="cond" truecount="1" falsecount="1"/>
        <line num="62" count="7" type="stmt"/>
        <line num="63" count="7" type="stmt"/>
        <line num="64" count="7" type="stmt"/>
        <line num="65" count="7" type="stmt"/>
        <line num="67" count="7" type="cond" truecount="2" falsecount="0"/>
        <line num="76" count="2" type="cond" truecount="2" falsecount="0"/>
        <line num="77" count="4" type="cond" truecount="1" falsecount="1"/>
        <line num="78" count="4" type="stmt"/>
        <line num="79" count="2" type="cond" truecount="2" falsecount="0"/>
        <line num="80" count="1" type="stmt"/>
        <line num="85" count="1" type="cond" truecount="1" falsecount="1"/>
        <line num="88" count="1" type="stmt"/>
        <line num="90" count="7" type="stmt"/>
        <line num="96" count="61" type="stmt"/>
        <line num="103" count="10" type="stmt"/>
        <line num="114" count="1" type="stmt"/>
        <line num="208" count="3" type="stmt"/>
        <line num="256" count="2" type="stmt"/>
        <line num="275" count="2" type="stmt"/>
        <line num="289" count="4" type="cond" truecount="2" falsecount="0"/>
        <line num="296" count="5" type="stmt"/>
        <line num="361" count="2" type="stmt"/>
        <line num="404" count="1" type="stmt"/>
        <line num="416" count="5" type="stmt"/>
        <line num="430" count="2" type="stmt"/>
      </file>
      <file name="JobList.tsx" path="C:\Users\lukaf\Desktop\Dev Work\My Projects\Job Search Tool\apps\desktop\src\renderer\components\JobList.tsx">
        <metrics statements="13" coveredstatements="13" conditionals="15" coveredconditionals="15" methods="4" coveredmethods="4"/>
        <line num="27" count="38" type="cond" truecount="2" falsecount="0"/>
        <line num="28" count="5" type="stmt"/>
        <line num="38" count="33" type="cond" truecount="2" falsecount="0"/>
        <line num="39" count="2" type="stmt"/>
        <line num="47" count="31" type="cond" truecount="2" falsecount="0"/>
        <line num="48" count="16" type="stmt"/>
        <line num="57" count="15" type="cond" truecount="3" falsecount="0"/>
        <line num="59" count="38" type="stmt"/>
        <line num="66" count="19" type="stmt"/>
        <line num="79" count="1" type="stmt"/>
        <line num="80" count="1" type="stmt"/>
        <line num="90" count="1" type="stmt"/>
        <line num="91" count="1" type="stmt"/>
      </file>
      <file name="ResumeBuilder.tsx" path="C:\Users\lukaf\Desktop\Dev Work\My Projects\Job Search Tool\apps\desktop\src\renderer\components\ResumeBuilder.tsx">
        <metrics statements="126" coveredstatements="112" conditionals="69" coveredconditionals="61" methods="89" coveredmethods="75"/>
        <line num="12" count="2" type="stmt"/>
        <line num="14" count="2" type="stmt"/>
        <line num="17" count="2" type="stmt"/>
        <line num="20" count="2" type="stmt"/>
        <line num="23" count="2" type="stmt"/>
        <line num="34" count="655" type="stmt"/>
        <line num="55" count="193" type="stmt"/>
        <line num="57" count="193" type="stmt"/>
        <line num="64" count="193" type="stmt"/>
        <line num="65" count="193" type="stmt"/>
        <line num="66" count="193" type="stmt"/>
        <line num="68" count="193" type="stmt"/>
        <line num="69" count="9" type="stmt"/>
        <line num="70" count="9" type="stmt"/>
        <line num="72" count="9" type="stmt"/>
        <line num="73" count="8" type="cond" truecount="2" falsecount="0"/>
        <line num="74" count="7" type="cond" truecount="2" falsecount="0"/>
        <line num="75" count="3" type="cond" truecount="2" falsecount="0"/>
        <line num="76" count="1" type="stmt"/>
        <line num="78" count="2" type="cond" truecount="2" falsecount="0"/>
        <line num="80" count="3" type="stmt"/>
        <line num="84" count="4" type="stmt"/>
        <line num="85" count="4" type="stmt"/>
        <line num="86" count="4" type="cond" truecount="4" falsecount="0"/>
        <line num="87" count="2" type="stmt"/>
        <line num="88" count="2" type="cond" truecount="1" falsecount="1"/>
        <line num="89" count="2" type="cond" truecount="2" falsecount="0"/>
        <line num="92" count="1" type="stmt"/>
        <line num="94" count="9" type="stmt"/>
        <line num="98" count="193" type="stmt"/>
        <line num="99" count="3" type="stmt"/>
        <line num="102" count="193" type="stmt"/>
        <line num="104" count="8" type="stmt"/>
        <line num="113" count="193" type="stmt"/>
        <line num="114" count="10" type="stmt"/>
        <line num="132" count="193" type="stmt"/>
        <line num="134" count="5" type="stmt"/>
        <line num="137" count="5" type="cond" truecount="1" falsecount="1"/>
        <line num="144" count="193" type="stmt"/>
        <line num="146" count="1" type="stmt"/>
        <line num="148" count="1" type="stmt"/>
        <line num="154" count="193" type="stmt"/>
        <line num="156" count="1" type="stmt"/>
        <line num="159" count="1" type="cond" truecount="1" falsecount="1"/>
        <line num="160" count="1" type="stmt"/>
        <line num="161" count="1" type="stmt"/>
        <line num="162" count="1" type="stmt"/>
        <line num="169" count="193" type="stmt"/>
        <line num="171" count="2" type="stmt"/>
        <line num="174" count="2" type="cond" truecount="1" falsecount="1"/>
        <line num="181" count="193" type="stmt"/>
        <line num="183" count="1" type="stmt"/>
        <line num="186" count="1" type="cond" truecount="1" falsecount="1"/>
        <line num="187" count="2" type="stmt"/>
        <line num="195" count="193" type="stmt"/>
        <line num="196" count="6" type="stmt"/>
        <line num="214" count="193" type="stmt"/>
        <line num="216" count="4" type="stmt"/>
        <line num="218" count="4" type="cond" truecount="1" falsecount="1"/>
        <line num="224" count="193" type="stmt"/>
        <line num="226" count="1" type="stmt"/>
        <line num="228" count="1" type="stmt"/>
        <line num="235" count="193" type="stmt"/>
        <line num="236" count="4" type="stmt"/>
        <line num="237" count="4" type="cond" truecount="2" falsecount="0"/>
        <line num="238" count="3" type="stmt"/>
        <line num="242" count="3" type="stmt"/>
        <line num="245" count="193" type="stmt"/>
        <line num="247" count="1" type="stmt"/>
        <line num="249" count="1" type="stmt"/>
        <line num="256" count="193" type="stmt"/>
        <line num="257" count="5" type="stmt"/>
        <line num="272" count="193" type="stmt"/>
        <line num="274" count="4" type="stmt"/>
        <line num="277" count="4" type="cond" truecount="1" falsecount="1"/>
        <line num="284" count="193" type="stmt"/>
        <line num="286" count="1" type="stmt"/>
        <line num="288" count="1" type="stmt"/>
        <line num="294" count="193" type="cond" truecount="2" falsecount="0"/>
        <line num="295" count="53" type="stmt"/>
        <line num="302" count="140" type="stmt"/>
        <line num="361" count="3" type="stmt"/>
        <line num="373" count="8" type="stmt"/>
        <line num="383" count="0" type="stmt"/>
        <line num="395" count="0" type="stmt"/>
        <line num="405" count="0" type="stmt"/>
        <line num="416" count="0" type="stmt"/>
        <line num="427" count="0" type="stmt"/>
        <line num="437" count="0" type="stmt"/>
        <line num="450" count="0" type="stmt"/>
        <line num="455" count="19" type="stmt"/>
        <line num="466" count="1" type="stmt"/>
        <line num="480" count="1" type="stmt"/>
        <line num="490" count="1" type="stmt"/>
        <line num="501" count="1" type="stmt"/>
        <line num="512" count="1" type="stmt"/>
        <line num="524" count="0" type="stmt"/>
        <line num="530" count="1" type="stmt"/>
        <line num="541" count="21" type="stmt"/>
        <line num="548" count="1" type="stmt"/>
        <line num="553" count="1" type="stmt"/>
        <line num="564" count="2" type="stmt"/>
        <line num="585" count="0" type="stmt"/>
        <line num="590" count="10" type="stmt"/>
        <line num="601" count="1" type="stmt"/>
        <line num="615" count="1" type="stmt"/>
        <line num="625" count="1" type="stmt"/>
        <line num="637" count="1" type="stmt"/>
        <line num="647" count="0" type="stmt"/>
        <line num="659" count="0" type="stmt"/>
        <line num="671" count="0" type="stmt"/>
        <line num="677" count="1" type="stmt"/>
        <line num="698" count="0" type="stmt"/>
        <line num="704" count="3" type="stmt"/>
        <line num="711" count="1" type="stmt"/>
        <line num="726" count="4" type="stmt"/>
        <line num="728" count="1" type="cond" truecount="1" falsecount="1"/>
        <line num="729" count="1" type="stmt"/>
        <line num="730" count="1" type="stmt"/>
        <line num="747" count="0" type="stmt"/>
        <line num="752" count="9" type="stmt"/>
        <line num="763" count="1" type="stmt"/>
        <line num="777" count="1" type="stmt"/>
        <line num="787" count="1" type="stmt"/>
        <line num="799" count="1" type="stmt"/>
        <line num="810" count="1" type="stmt"/>
      </file>
      <file name="SavedJobs.tsx" path="C:\Users\lukaf\Desktop\Dev Work\My Projects\Job Search Tool\apps\desktop\src\renderer\components\SavedJobs.tsx">
        <metrics statements="4" coveredstatements="4" conditionals="2" coveredconditionals="2" methods="2" coveredmethods="2"/>
        <line num="17" count="6" type="cond" truecount="2" falsecount="0"/>
        <line num="18" count="2" type="stmt"/>
        <line num="27" count="4" type="stmt"/>
        <line num="36" count="6" type="stmt"/>
      </file>
      <file name="SearchForm.tsx" path="C:\Users\lukaf\Desktop\Dev Work\My Projects\Job Search Tool\apps\desktop\src\renderer\components\SearchForm.tsx">
        <metrics statements="40" coveredstatements="40" conditionals="32" coveredconditionals="32" methods="16" coveredmethods="16"/>
        <line num="10" count="68" type="stmt"/>
        <line num="11" count="68" type="stmt"/>
        <line num="12" count="68" type="stmt"/>
        <line num="13" count="68" type="stmt"/>
        <line num="14" count="68" type="stmt"/>
        <line num="15" count="68" type="stmt"/>
        <line num="16" count="68" type="stmt"/>
        <line num="17" count="68" type="stmt"/>
        <line num="18" count="68" type="stmt"/>
        <line num="19" count="68" type="stmt"/>
        <line num="20" count="68" type="stmt"/>
        <line num="21" count="68" type="stmt"/>
        <line num="23" count="68" type="stmt"/>
        <line num="24" count="14" type="stmt"/>
        <line num="25" count="14" type="cond" truecount="2" falsecount="0"/>
        <line num="27" count="13" type="stmt"/>
        <line num="30" count="14" type="cond" truecount="2" falsecount="0"/>
        <line num="31" count="13" type="cond" truecount="2" falsecount="0"/>
        <line num="32" count="13" type="cond" truecount="2" falsecount="0"/>
        <line num="33" count="13" type="cond" truecount="2" falsecount="0"/>
        <line num="35" count="13" type="stmt"/>
        <line num="36" count="13" type="cond" truecount="2" falsecount="0"/>
        <line num="37" count="13" type="cond" truecount="2" falsecount="0"/>
        <line num="38" count="13" type="cond" truecount="2" falsecount="0"/>
        <line num="39" count="13" type="cond" truecount="2" falsecount="0"/>
        <line num="40" count="13" type="cond" truecount="2" falsecount="0"/>
        <line num="42" count="13" type="cond" truecount="2" falsecount="0"/>
        <line num="45" count="68" type="stmt"/>
        <line num="59" count="14" type="stmt"/>
        <line num="74" count="1" type="stmt"/>
        <line num="87" count="1" type="stmt"/>
        <line num="97" count="1" type="stmt"/>
        <line num="105" count="1" type="stmt"/>
        <line num="117" count="1" type="stmt"/>
        <line num="129" count="1" type="stmt"/>
        <line num="141" count="4" type="stmt"/>
        <line num="158" count="1" type="stmt"/>
        <line num="170" count="1" type="stmt"/>
        <line num="182" count="1" type="stmt"/>
        <line num="194" count="1" type="stmt"/>
      </file>
      <file name="Settings.tsx" path="C:\Users\lukaf\Desktop\Dev Work\My Projects\Job Search Tool\apps\desktop\src\renderer\components\Settings.tsx">
        <metrics statements="50" coveredstatements="50" conditionals="50" coveredconditionals="39" methods="12" coveredmethods="12"/>
        <line num="9" count="42" type="stmt"/>
        <line num="10" count="42" type="stmt"/>
        <line num="11" count="42" type="stmt"/>
        <line num="12" count="42" type="stmt"/>
        <line num="13" count="42" type="stmt"/>
        <line num="15" count="42" type="stmt"/>
        <line num="16" count="42" type="stmt"/>
        <line num="17" count="42" type="stmt"/>
        <line num="21" count="42" type="stmt"/>
        <line num="23" count="42" type="stmt"/>
        <line num="24" count="18" type="stmt"/>
        <line num="25" count="18" type="cond" truecount="1" falsecount="1"/>
        <line num="26" count="18" type="stmt"/>
        <line num="29" count="18" type="stmt"/>
        <line num="30" count="18" type="cond" truecount="1" falsecount="1"/>
        <line num="31" count="18" type="stmt"/>
        <line num="36" count="42" type="stmt"/>
        <line num="37" count="2" type="cond" truecount="1" falsecount="1"/>
        <line num="38" count="2" type="stmt"/>
        <line num="39" count="2" type="stmt"/>
        <line num="41" count="2" type="stmt"/>
        <line num="43" count="2" type="cond" truecount="2" falsecount="0"/>
        <line num="44" count="1" type="stmt"/>
        <line num="45" count="1" type="stmt"/>
        <line num="46" count="1" type="stmt"/>
        <line num="48" count="1" type="cond" truecount="1" falsecount="1"/>
        <line num="51" count="2" type="stmt"/>
        <line num="54" count="42" type="stmt"/>
        <line num="55" count="1" type="stmt"/>
        <line num="56" count="1" type="cond" truecount="1" falsecount="1"/>
        <line num="57" count="1" type="stmt"/>
        <line num="58" count="1" type="stmt"/>
        <line num="62" count="42" type="stmt"/>
        <line num="63" count="1" type="cond" truecount="1" falsecount="1"/>
        <line num="64" count="1" type="stmt"/>
        <line num="66" count="1" type="stmt"/>
        <line num="68" count="1" type="cond" truecount="1" falsecount="1"/>
        <line num="69" count="1" type="stmt"/>
        <line num="70" count="1" type="stmt"/>
        <line num="71" count="1" type="stmt"/>
        <line num="75" count="42" type="stmt"/>
        <line num="76" count="1" type="stmt"/>
        <line num="77" count="1" type="cond" truecount="1" falsecount="1"/>
        <line num="78" count="1" type="stmt"/>
        <line num="79" count="1" type="stmt"/>
        <line num="83" count="42" type="stmt"/>
        <line num="145" count="2" type="stmt"/>
        <line num="178" count="3" type="stmt"/>
        <line num="264" count="1" type="stmt"/>
        <line num="297" count="2" type="stmt"/>
      </file>
      <file name="Sidebar.tsx" path="C:\Users\lukaf\Desktop\Dev Work\My Projects\Job Search Tool\apps\desktop\src\renderer\components\Sidebar.tsx">
        <metrics statements="6" coveredstatements="6" conditionals="14" coveredconditionals="14" methods="3" coveredmethods="3"/>
        <line num="11" count="2" type="stmt"/>
        <line num="42" count="38" type="cond" truecount="2" falsecount="0"/>
        <line num="44" count="12" type="stmt"/>
        <line num="73" count="48" type="stmt"/>
        <line num="76" count="4" type="stmt"/>
        <line num="77" count="4" type="stmt"/>
      </file>
    </package>
    <package name="renderer.hooks">
      <metrics statements="102" coveredstatements="93" conditionals="26" coveredconditionals="17" methods="22" coveredmethods="19"/>
      <file name="useJobSearch.ts" path="C:\Users\lukaf\Desktop\Dev Work\My Projects\Job Search Tool\apps\desktop\src\renderer\hooks\useJobSearch.ts">
        <metrics statements="36" coveredstatements="33" conditionals="6" coveredconditionals="3" methods="4" coveredmethods="3"/>
        <line num="4" count="1" type="stmt"/>
        <line num="5" count="1" type="stmt"/>
        <line num="20" count="29" type="stmt"/>
        <line num="21" count="29" type="stmt"/>
        <line num="22" count="29" type="stmt"/>
        <line num="23" count="29" type="stmt"/>
        <line num="24" count="29" type="stmt"/>
        <line num="25" count="29" type="stmt"/>
        <line num="26" count="29" type="stmt"/>
        <line num="28" count="29" type="stmt"/>
        <line num="30" count="29" type="stmt"/>
        <line num="32" count="4" type="stmt"/>
        <line num="33" count="4" type="stmt"/>
        <line num="35" count="4" type="stmt"/>
        <line num="36" count="4" type="stmt"/>
        <line num="37" count="4" type="stmt"/>
        <line num="43" count="4" type="stmt"/>
        <line num="45" count="4" type="cond" truecount="2" falsecount="0"/>
        <line num="46" count="1" type="stmt"/>
        <line num="49" count="3" type="stmt"/>
        <line num="50" count="3" type="stmt"/>
        <line num="51" count="3" type="stmt"/>
        <line num="52" count="3" type="stmt"/>
        <line num="53" count="3" type="stmt"/>
        <line num="54" count="3" type="stmt"/>
        <line num="56" count="1" type="cond" truecount="1" falsecount="1"/>
        <line num="57" count="1" type="stmt"/>
        <line num="59" count="4" type="stmt"/>
        <line num="65" count="29" type="stmt"/>
        <line num="67" count="4" type="stmt"/>
        <line num="68" count="4" type="stmt"/>
        <line num="73" count="29" type="stmt"/>
        <line num="75" count="0" type="cond" truecount="0" falsecount="2"/>
        <line num="76" count="0" type="stmt"/>
        <line num="77" count="0" type="stmt"/>
        <line num="82" count="29" type="stmt"/>
      </file>
      <file name="useResume.ts" path="C:\Users\lukaf\Desktop\Dev Work\My Projects\Job Search Tool\apps\desktop\src\renderer\hooks\useResume.ts">
        <metrics statements="50" coveredstatements="44" conditionals="16" coveredconditionals="10" methods="11" coveredmethods="9"/>
        <line num="16" count="193" type="stmt"/>
        <line num="17" count="193" type="stmt"/>
        <line num="18" count="193" type="stmt"/>
        <line num="19" count="193" type="stmt"/>
        <line num="20" count="193" type="stmt"/>
        <line num="21" count="193" type="stmt"/>
        <line num="24" count="193" type="stmt"/>
        <line num="25" count="53" type="stmt"/>
        <line num="26" count="52" type="cond" truecount="2" falsecount="0"/>
        <line num="27" count="2" type="stmt"/>
        <line num="28" count="2" type="stmt"/>
        <line num="29" count="2" type="stmt"/>
        <line num="30" count="2" type="stmt"/>
        <line num="32" count="52" type="stmt"/>
        <line num="37" count="193" type="stmt"/>
        <line num="38" count="53" type="stmt"/>
        <line num="39" count="53" type="cond" truecount="1" falsecount="1"/>
        <line num="40" count="53" type="stmt"/>
        <line num="42" count="53" type="stmt"/>
        <line num="46" count="193" type="stmt"/>
        <line num="47" count="3" type="stmt"/>
        <line num="48" count="3" type="stmt"/>
        <line num="49" count="3" type="stmt"/>
        <line num="50" count="3" type="stmt"/>
        <line num="51" count="3" type="stmt"/>
        <line num="52" count="3" type="stmt"/>
        <line num="56" count="193" type="stmt"/>
        <line num="57" count="1" type="stmt"/>
        <line num="58" count="1" type="stmt"/>
        <line num="62" count="193" type="stmt"/>
        <line num="63" count="2" type="stmt"/>
        <line num="64" count="2" type="stmt"/>
        <line num="66" count="2" type="cond" truecount="2" falsecount="0"/>
        <line num="67" count="1" type="stmt"/>
        <line num="68" count="1" type="stmt"/>
        <line num="69" count="2" type="cond" truecount="1" falsecount="1"/>
        <line num="70" count="2" type="stmt"/>
        <line num="75" count="2" type="cond" truecount="1" falsecount="1"/>
        <line num="76" count="0" type="stmt"/>
        <line num="78" count="2" type="cond" truecount="1" falsecount="1"/>
        <line num="79" count="0" type="stmt"/>
        <line num="81" count="2" type="cond" truecount="1" falsecount="1"/>
        <line num="82" count="0" type="stmt"/>
        <line num="83" count="0" type="stmt"/>
        <line num="84" count="0" type="stmt"/>
        <line num="86" count="2" type="cond" truecount="1" falsecount="1"/>
        <line num="87" count="0" type="stmt"/>
        <line num="90" count="2" type="stmt"/>
        <line num="92" count="2" type="stmt"/>
        <line num="95" count="193" type="stmt"/>
      </file>
      <file name="useSettings.ts" path="C:\Users\lukaf\Desktop\Dev Work\My Projects\Job Search Tool\apps\desktop\src\renderer\hooks\useSettings.ts">
        <metrics statements="16" coveredstatements="16" conditionals="4" coveredconditionals="4" methods="7" coveredmethods="7"/>
        <line num="7" count="2" type="stmt"/>
        <line num="10" count="16" type="stmt"/>
        <line num="11" count="16" type="stmt"/>
        <line num="12" count="16" type="cond" truecount="2" falsecount="0"/>
        <line num="14" count="1" type="stmt"/>
        <line num="19" count="19" type="stmt"/>
        <line num="23" count="19" type="cond" truecount="2" falsecount="0"/>
        <line num="24" count="4" type="stmt"/>
        <line num="26" count="15" type="stmt"/>
        <line num="31" count="38" type="stmt"/>
        <line num="34" count="38" type="stmt"/>
        <line num="35" count="19" type="stmt"/>
        <line num="36" count="19" type="stmt"/>
        <line num="39" count="38" type="stmt"/>
        <line num="40" count="3" type="stmt"/>
        <line num="43" count="38" type="stmt"/>
      </file>
    </package>
  </project>
</coverage>
