<?xml version="1.0" encoding="UTF-8"?>
<coverage generated="1772542737103" clover="3.2.0">
  <project timestamp="1772542737103" name="All files">
    <metrics statements="743" coveredstatements="685" conditionals="531" coveredconditionals="455" methods="255" coveredmethods="222" elements="1529" coveredelements="1362" complexity="0" loc="743" ncloc="743" packages="4" files="17" classes="17"/>
    <package name="main">
      <metrics statements="197" coveredstatements="165" conditionals="82" coveredconditionals="59" methods="45" coveredmethods="30"/>
      <file name="ipc-handlers.ts" path="C:\Users\lukaf\Desktop\Dev Work\My Projects\Job Search Tool\apps\desktop\src\main\ipc-handlers.ts">
        <metrics statements="197" coveredstatements="165" conditionals="82" coveredconditionals="59" methods="45" coveredmethods="30"/>
        <line num="22" count="1" type="stmt"/>
        <line num="23" count="1" type="stmt"/>
        <line num="24" count="1" type="stmt"/>
        <line num="26" count="1" type="stmt"/>
        <line num="27" count="1" type="stmt"/>
        <line num="28" count="1" type="stmt"/>
        <line num="31" count="5" type="cond" truecount="1" falsecount="1"/>
        <line num="32" count="5" type="stmt"/>
        <line num="33" count="5" type="cond" truecount="2" falsecount="0"/>
        <line num="34" count="4" type="stmt"/>
        <line num="35" count="4" type="cond" truecount="1" falsecount="1"/>
        <line num="36" count="0" type="stmt"/>
        <line num="38" count="4" type="stmt"/>
        <line num="40" count="4" type="stmt"/>
        <line num="42" count="0" type="stmt"/>
        <line num="47" count="1" type="stmt"/>
        <line num="48" count="1" type="stmt"/>
        <line num="49" count="1" type="cond" truecount="1" falsecount="1"/>
        <line num="50" count="0" type="stmt"/>
        <line num="52" count="1" type="stmt"/>
        <line num="54" count="1" type="stmt"/>
        <line num="55" count="1" type="stmt"/>
        <line num="59" count="44" type="stmt"/>
        <line num="60" count="44" type="cond" truecount="2" falsecount="0"/>
        <line num="64" count="44" type="stmt"/>
        <line num="65" count="44" type="stmt"/>
        <line num="69" count="19" type="cond" truecount="2" falsecount="0"/>
        <line num="70" count="6" type="stmt"/>
        <line num="71" count="6" type="cond" truecount="2" falsecount="0"/>
        <line num="72" count="1" type="stmt"/>
        <line num="73" count="1" type="cond" truecount="1" falsecount="1"/>
        <line num="74" count="0" type="stmt"/>
        <line num="76" count="1" type="stmt"/>
        <line num="78" count="1" type="stmt"/>
        <line num="80" count="0" type="stmt"/>
        <line num="85" count="14" type="stmt"/>
        <line num="86" count="14" type="stmt"/>
        <line num="87" count="14" type="cond" truecount="1" falsecount="1"/>
        <line num="88" count="0" type="stmt"/>
        <line num="90" count="14" type="stmt"/>
        <line num="92" count="14" type="stmt"/>
        <line num="96" count="44" type="stmt"/>
        <line num="97" count="44" type="cond" truecount="2" falsecount="0"/>
        <line num="101" count="44" type="stmt"/>
        <line num="105" count="4" type="cond" truecount="1" falsecount="1"/>
        <line num="106" count="4" type="stmt"/>
        <line num="107" count="4" type="cond" truecount="1" falsecount="1"/>
        <line num="108" count="0" type="stmt"/>
        <line num="110" count="4" type="stmt"/>
        <line num="112" count="4" type="stmt"/>
        <line num="124" count="4" type="stmt"/>
        <line num="126" count="3" type="stmt"/>
        <line num="127" count="3" type="stmt"/>
        <line num="129" count="3" type="cond" truecount="1" falsecount="1"/>
        <line num="130" count="4" type="stmt"/>
        <line num="132" count="4" type="cond" truecount="2" falsecount="0"/>
        <line num="133" count="1" type="stmt"/>
        <line num="136" count="3" type="stmt"/>
        <line num="138" count="3" type="stmt"/>
        <line num="144" count="1" type="stmt"/>
        <line num="145" count="1" type="stmt"/>
        <line num="149" count="1" type="stmt"/>
        <line num="153" count="2" type="stmt"/>
        <line num="155" count="2" type="stmt"/>
        <line num="156" count="2" type="stmt"/>
        <line num="157" count="1" type="stmt"/>
        <line num="158" count="1" type="stmt"/>
        <line num="160" count="1" type="stmt"/>
        <line num="168" count="1" type="stmt"/>
        <line num="172" count="44" type="stmt"/>
        <line num="173" count="44" type="stmt"/>
        <line num="177" count="14" type="stmt"/>
        <line num="178" count="14" type="stmt"/>
        <line num="182" count="2" type="stmt"/>
        <line num="186" count="44" type="stmt"/>
        <line num="187" count="44" type="stmt"/>
        <line num="191" count="1" type="stmt"/>
        <line num="192" count="1" type="stmt"/>
        <line num="193" count="1" type="stmt"/>
        <line num="194" count="1" type="stmt"/>
        <line num="198" count="3" type="stmt"/>
        <line num="199" count="3" type="cond" truecount="2" falsecount="0"/>
        <line num="200" count="2" type="stmt"/>
        <line num="201" count="2" type="stmt"/>
        <line num="203" count="1" type="stmt"/>
        <line num="214" count="6" type="stmt"/>
        <line num="215" count="6" type="cond" truecount="2" falsecount="0"/>
        <line num="216" count="1" type="stmt"/>
        <line num="223" count="5" type="stmt"/>
        <line num="229" count="5" type="cond" truecount="4" falsecount="0"/>
        <line num="230" count="1" type="stmt"/>
        <line num="233" count="4" type="stmt"/>
        <line num="234" count="4" type="stmt"/>
        <line num="236" count="4" type="stmt"/>
        <line num="239" count="4" type="cond" truecount="2" falsecount="0"/>
        <line num="240" count="2" type="stmt"/>
        <line num="242" count="2" type="stmt"/>
        <line num="243" count="2" type="stmt"/>
        <line num="244" count="1" type="stmt"/>
        <line num="245" count="2" type="cond" truecount="2" falsecount="0"/>
        <line num="246" count="1" type="stmt"/>
        <line num="247" count="1" type="stmt"/>
        <line num="248" count="1" type="stmt"/>
        <line num="249" count="1" type="stmt"/>
        <line num="251" count="1" type="stmt"/>
        <line num="254" count="2" type="stmt"/>
        <line num="256" count="1" type="stmt"/>
        <line num="266" count="3" type="stmt"/>
        <line num="267" count="3" type="cond" truecount="2" falsecount="0"/>
        <line num="268" count="1" type="stmt"/>
        <line num="271" count="2" type="stmt"/>
        <line num="272" count="2" type="stmt"/>
        <line num="273" count="1" type="stmt"/>
        <line num="275" count="1" type="stmt"/>
        <line num="283" count="4" type="stmt"/>
        <line num="294" count="4" type="stmt"/>
        <line num="295" count="4" type="cond" truecount="2" falsecount="0"/>
        <line num="296" count="1" type="stmt"/>
        <line num="303" count="3" type="cond" truecount="4" falsecount="0"/>
        <line num="304" count="1" type="stmt"/>
        <line num="310" count="2" type="stmt"/>
        <line num="311" count="2" type="stmt"/>
        <line num="316" count="1" type="stmt"/>
        <line num="317" count="1" type="cond" truecount="1" falsecount="1"/>
        <line num="318" count="4" type="stmt"/>
        <line num="319" count="4" type="stmt"/>
        <line num="320" count="4" type="stmt"/>
        <line num="321" count="4" type="stmt"/>
        <line num="322" count="4" type="stmt"/>
        <line num="324" count="1" type="stmt"/>
        <line num="335" count="4" type="stmt"/>
        <line num="336" count="4" type="cond" truecount="2" falsecount="0"/>
        <line num="337" count="1" type="stmt"/>
        <line num="344" count="3" type="cond" truecount="4" falsecount="0"/>
        <line num="345" count="1" type="stmt"/>
        <line num="351" count="2" type="stmt"/>
        <line num="352" count="2" type="stmt"/>
        <line num="357" count="1" type="stmt"/>
        <line num="358" count="1" type="cond" truecount="1" falsecount="1"/>
        <line num="359" count="4" type="stmt"/>
        <line num="360" count="4" type="stmt"/>
        <line num="361" count="4" type="stmt"/>
        <line num="362" count="4" type="stmt"/>
        <line num="363" count="4" type="stmt"/>
        <line num="365" count="1" type="stmt"/>
        <line num="373" count="8" type="stmt"/>
        <line num="376" count="0" type="stmt"/>
        <line num="377" count="0" type="stmt"/>
        <line num="379" count="0" type="cond" truecount="0" falsecount="2"/>
        <line num="380" count="0" type="stmt"/>
        <line num="387" count="0" type="stmt"/>
        <line num="395" count="8" type="stmt"/>
        <line num="396" count="0" type="stmt"/>
        <line num="397" count="0" type="stmt"/>
        <line num="398" count="0" type="stmt"/>
        <line num="400" count="0" type="stmt"/>
        <line num="407" count="8" type="stmt"/>
        <line num="408" count="0" type="stmt"/>
        <line num="409" count="0" type="stmt"/>
        <line num="410" count="0" type="stmt"/>
        <line num="412" count="0" type="stmt"/>
        <line num="419" count="8" type="stmt"/>
        <line num="420" count="0" type="stmt"/>
        <line num="423" count="8" type="stmt"/>
        <line num="424" count="0" type="stmt"/>
        <line num="427" count="8" type="stmt"/>
        <line num="428" count="0" type="stmt"/>
        <line num="431" count="8" type="stmt"/>
        <line num="432" count="0" type="stmt"/>
        <line num="435" count="8" type="stmt"/>
        <line num="436" count="0" type="stmt"/>
        <line num="439" count="8" type="stmt"/>
        <line num="440" count="0" type="stmt"/>
        <line num="443" count="8" type="stmt"/>
        <line num="444" count="0" type="stmt"/>
        <line num="447" count="8" type="stmt"/>
        <line num="448" count="0" type="stmt"/>
        <line num="451" count="8" type="stmt"/>
        <line num="452" count="0" type="stmt"/>
        <line num="455" count="8" type="stmt"/>
        <line num="456" count="0" type="stmt"/>
        <line num="459" count="8" type="stmt"/>
        <line num="462" count="0" type="stmt"/>
        <line num="466" count="8" type="stmt"/>
        <line num="469" count="0" type="stmt"/>
        <line num="473" count="8" type="stmt"/>
        <line num="474" count="4" type="stmt"/>
        <line num="475" count="4" type="cond" truecount="2" falsecount="0"/>
        <line num="476" count="3" type="stmt"/>
        <line num="484" count="3" type="stmt"/>
        <line num="485" count="2" type="stmt"/>
        <line num="491" count="8" type="stmt"/>
        <line num="492" count="1" type="stmt"/>
        <line num="495" count="8" type="stmt"/>
        <line num="496" count="1" type="stmt"/>
        <line num="499" count="8" type="stmt"/>
        <line num="500" count="1" type="stmt"/>
      </file>
    </package>
    <package name="renderer">
      <metrics statements="39" coveredstatements="36" conditionals="14" coveredconditionals="12" methods="16" coveredmethods="15"/>
      <file name="App.tsx" path="C:\Users\lukaf\Desktop\Dev Work\My Projects\Job Search Tool\apps\desktop\src\renderer\App.tsx">
        <metrics statements="38" coveredstatements="36" conditionals="14" coveredconditionals="12" methods="16" coveredmethods="15"/>
        <line num="21" count="1" type="stmt"/>
        <line num="24" count="10" type="stmt"/>
        <line num="25" count="10" type="stmt"/>
        <line num="26" count="10" type="cond" truecount="1" falsecount="1"/>
        <line num="28" count="0" type="stmt"/>
        <line num="33" count="13" type="stmt"/>
        <line num="37" count="30" type="stmt"/>
        <line num="38" count="30" type="stmt"/>
        <line num="39" count="30" type="stmt"/>
        <line num="40" count="30" type="stmt"/>
        <line num="42" count="30" type="stmt"/>
        <line num="44" count="30" type="stmt"/>
        <line num="55" count="30" type="stmt"/>
        <line num="57" count="30" type="stmt"/>
        <line num="60" count="30" type="stmt"/>
        <line num="61" count="13" type="stmt"/>
        <line num="65" count="30" type="stmt"/>
        <line num="66" count="13" type="stmt"/>
        <line num="67" count="13" type="cond" truecount="4" falsecount="0"/>
        <line num="68" count="1" type="stmt"/>
        <line num="73" count="30" type="stmt"/>
        <line num="75" count="4" type="stmt"/>
        <line num="80" count="30" type="stmt"/>
        <line num="81" count="3" type="stmt"/>
        <line num="82" count="3" type="stmt"/>
        <line num="83" count="3" type="cond" truecount="2" falsecount="0"/>
        <line num="84" count="1" type="stmt"/>
        <line num="86" count="2" type="stmt"/>
        <line num="90" count="30" type="stmt"/>
        <line num="91" count="29" type="cond" truecount="4" falsecount="0"/>
        <line num="93" count="26" type="stmt"/>
        <line num="110" count="1" type="stmt"/>
        <line num="118" count="1" type="stmt"/>
        <line num="120" count="1" type="stmt"/>
        <line num="124" count="30" type="stmt"/>
        <line num="126" count="4" type="stmt"/>
        <line num="132" count="3" type="stmt"/>
        <line num="142" count="0" type="stmt"/>
      </file>
      <file name="main.tsx" path="C:\Users\lukaf\Desktop\Dev Work\My Projects\Job Search Tool\apps\desktop\src\renderer\main.tsx">
        <metrics statements="1" coveredstatements="0" conditionals="0" coveredconditionals="0" methods="0" coveredmethods="0"/>
        <line num="6" count="0" type="stmt"/>
      </file>
    </package>
    <package name="renderer.components">
      <metrics statements="323" coveredstatements="309" conditionals="393" coveredconditionals="351" methods="155" coveredmethods="141"/>
      <file name="Header.tsx" path="C:\Users\lukaf\Desktop\Dev Work\My Projects\Job Search Tool\apps\desktop\src\renderer\components\Header.tsx">
        <metrics statements="1" coveredstatements="1" conditionals="0" coveredconditionals="0" methods="1" coveredmethods="1"/>
        <line num="6" count="33" type="stmt"/>
      </file>
      <file name="JobCard.tsx" path="C:\Users\lukaf\Desktop\Dev Work\My Projects\Job Search Tool\apps\desktop\src\renderer\components\JobCard.tsx">
        <metrics statements="21" coveredstatements="21" conditionals="38" coveredconditionals="34" methods="7" coveredmethods="7"/>
        <line num="11" count="44" type="cond" truecount="4" falsecount="0"/>
        <line num="12" count="3" type="cond" truecount="1" falsecount="1"/>
        <line num="13" count="44" type="cond" truecount="1" falsecount="1"/>
        <line num="14" count="44" type="cond" truecount="2" falsecount="0"/>
        <line num="15" count="44" type="cond" truecount="1" falsecount="1"/>
        <line num="16" count="44" type="cond" truecount="2" falsecount="0"/>
        <line num="17" count="44" type="stmt"/>
        <line num="21" count="44" type="stmt"/>
        <line num="22" count="44" type="stmt"/>
        <line num="23" count="44" type="cond" truecount="2" falsecount="0"/>
        <line num="24" count="3" type="cond" truecount="2" falsecount="0"/>
        <line num="25" count="2" type="cond" truecount="1" falsecount="1"/>
        <line num="26" count="2" type="cond" truecount="2" falsecount="0"/>
        <line num="27" count="1" type="stmt"/>
        <line num="31" count="44" type="stmt"/>
        <line num="33" count="44" type="stmt"/>
        <line num="36" count="2" type="stmt"/>
        <line num="47" count="1" type="stmt"/>
        <line num="90" count="5" type="stmt"/>
        <line num="91" count="5" type="stmt"/>
        <line num="107" count="1" type="stmt"/>
      </file>
      <file name="JobDetail.tsx" path="C:\Users\lukaf\Desktop\Dev Work\My Projects\Job Search Tool\apps\desktop\src\renderer\components\JobDetail.tsx">
        <metrics statements="49" coveredstatements="49" conditionals="142" coveredconditionals="124" methods="16" coveredmethods="16"/>
        <line num="6" count="61" type="stmt"/>
        <line num="7" count="61" type="stmt"/>
        <line num="8" count="61" type="cond" truecount="2" falsecount="0"/>
        <line num="9" count="4" type="cond" truecount="2" falsecount="0"/>
        <line num="10" count="3" type="cond" truecount="1" falsecount="1"/>
        <line num="11" count="3" type="cond" truecount="2" falsecount="0"/>
        <line num="12" count="2" type="cond" truecount="1" falsecount="1"/>
        <line num="13" count="2" type="cond" truecount="2" falsecount="0"/>
        <line num="14" count="1" type="stmt"/>
        <line num="18" count="61" type="cond" truecount="1" falsecount="1"/>
        <line num="19" count="61" type="cond" truecount="2" falsecount="0"/>
        <line num="20" count="60" type="cond" truecount="2" falsecount="0"/>
        <line num="21" count="58" type="cond" truecount="1" falsecount="1"/>
        <line num="22" count="58" type="cond" truecount="1" falsecount="1"/>
        <line num="23" count="58" type="cond" truecount="1" falsecount="1"/>
        <line num="24" count="58" type="cond" truecount="2" falsecount="2"/>
        <line num="25" count="58" type="cond" truecount="2" falsecount="0"/>
        <line num="26" count="57" type="stmt"/>
        <line num="30" count="7" type="stmt"/>
        <line num="53" count="61" type="stmt"/>
        <line num="54" count="61" type="stmt"/>
        <line num="55" count="61" type="stmt"/>
        <line num="59" count="61" type="stmt"/>
        <line num="61" count="7" type="cond" truecount="1" falsecount="1"/>
        <line num="62" count="7" type="stmt"/>
        <line num="63" count="7" type="stmt"/>
        <line num="64" count="7" type="stmt"/>
        <line num="65" count="7" type="stmt"/>
        <line num="67" count="7" type="cond" truecount="2" falsecount="0"/>
        <line num="76" count="2" type="cond" truecount="2" falsecount="0"/>
        <line num="77" count="4" type="cond" truecount="1" falsecount="1"/>
        <line num="78" count="4" type="stmt"/>
        <line num="79" count="2" type="cond" truecount="2" falsecount="0"/>
        <line num="80" count="1" type="stmt"/>
        <line num="85" count="1" type="cond" truecount="1" falsecount="1"/>
        <line num="88" count="1" type="stmt"/>
        <line num="90" count="7" type="stmt"/>
        <line num="96" count="61" type="stmt"/>
        <line num="103" count="10" type="stmt"/>
        <line num="114" count="1" type="stmt"/>
        <line num="208" count="3" type="stmt"/>
        <line num="256" count="2" type="stmt"/>
        <line num="275" count="2" type="stmt"/>
        <line num="289" count="4" type="cond" truecount="2" falsecount="0"/>
        <line num="296" count="5" type="stmt"/>
        <line num="361" count="2" type="stmt"/>
        <line num="404" count="1" type="stmt"/>
        <line num="416" count="5" type="stmt"/>
        <line num="430" count="2" type="stmt"/>
      </file>
      <file name="JobList.tsx" path="C:\Users\lukaf\Desktop\Dev Work\My Projects\Job Search Tool\apps\desktop\src\renderer\components\JobList.tsx">
        <metrics statements="13" coveredstatements="13" conditionals="15" coveredconditionals="15" methods="4" coveredmethods="4"/>
        <line num="27" count="38" type="cond" truecount="2" falsecount="0"/>
        <line num="28" count="5" type="stmt"/>
        <line num="38" count="33" type="cond" truecount="2" falsecount="0"/>
        <line num="39" count="2" type="stmt"/>
        <line num="47" count="31" type="cond" truecount="2" falsecount="0"/>
        <line num="48" count="16" type="stmt"/>
        <line num="57" count="15" type="cond" truecount="3" falsecount="0"/>
        <line num="59" count="38" type="stmt"/>
        <line num="66" count="19" type="stmt"/>
        <line num="79" count="1" type="stmt"/>
        <line num="80" count="1" type="stmt"/>
        <line num="90" count="1" type="stmt"/>
        <line num="91" count="1" type="stmt"/>
      </file>
      <file name="ResumeBuilder.tsx" path="C:\Users\lukaf\Desktop\Dev Work\My Projects\Job Search Tool\apps\desktop\src\renderer\components\ResumeBuilder.tsx">
        <metrics statements="126" coveredstatements="112" conditionals="69" coveredconditionals="61" methods="89" coveredmethods="75"/>
        <line num="12" count="2" type="stmt"/>
        <line num="14" count="2" type="stmt"/>
        <line num="17" count="2" type="stmt"/>
        <line num="20" count="2" type="stmt"/>
        <line num="23" count="2" type="stmt"/>
        <line num="34" count="655" type="stmt"/>
        <line num="55" count="193" type="stmt"/>
        <line num="57" count="193" type="stmt"/>
        <line num="64" count="193" type="stmt"/>
        <line num="65" count="193" type="stmt"/>
        <line num="66" count="193" type="stmt"/>
        <line num="68" count="193" type="stmt"/>
        <line num="69" count="9" type="stmt"/>
        <line num="70" count="9" type="stmt"/>
        <line num="72" count="9" type="stmt"/>
        <line num="73" count="8" type="cond" truecount="2" falsecount="0"/>
        <line num="74" count="7" type="cond" truecount="2" falsecount="0"/>
        <line num="75" count="3" type="cond" truecount="2" falsecount="0"/>
        <line num="76" count="1" type="stmt"/>
        <line num="78" count="2" type="cond" truecount="2" falsecount="0"/>
        <line num="80" count="3" type="stmt"/>
        <line num="84" count="4" type="stmt"/>
        <line num="85" count="4" type="stmt"/>
        <line num="86" count="4" type="cond" truecount="4" falsecount="0"/>
        <line num="87" count="2" type="stmt"/>
        <line num="88" count="2" type="cond" truecount="1" falsecount="1"/>
        <line num="89" count="2" type="cond" truecount="2" falsecount="0"/>
        <line num="92" count="1" type="stmt"/>
        <line num="94" count="9" type="stmt"/>
        <line num="98" count="193" type="stmt"/>
        <line num="99" count="3" type="stmt"/>
        <line num="102" count="193" type="stmt"/>
        <line num="104" count="8" type="stmt"/>
        <line num="113" count="193" type="stmt"/>
        <line num="114" count="10" type="stmt"/>
        <line num="132" count="193" type="stmt"/>
        <line num="134" count="5" type="stmt"/>
        <line num="137" count="5" type="cond" truecount="1" falsecount="1"/>
        <line num="144" count="193" type="stmt"/>
        <line num="146" count="1" type="stmt"/>
        <line num="148" count="1" type="stmt"/>
        <line num="154" count="193" type="stmt"/>
        <line num="156" count="1" type="stmt"/>
        <line num="159" count="1" type="cond" truecount="1" falsecount="1"/>
        <line num="160" count="1" type="stmt"/>
        <line num="161" count="1" type="stmt"/>
        <line num="162" count="1" type="stmt"/>
        <line num="169" count="193" type="stmt"/>
        <line num="171" count="2" type="stmt"/>
        <line num="174" count="2" type="cond" truecount="1" falsecount="1"/>
        <line num="181" count="193" type="stmt"/>
        <line num="183" count="1" type="stmt"/>
        <line num="186" count="1" type="cond" truecount="1" falsecount="1"/>
        <line num="187" count="2" type="stmt"/>
        <line num="195" count="193" type="stmt"/>
        <line num="196" count="6" type="stmt"/>
        <line num="214" count="193" type="stmt"/>
        <line num="216" count="4" type="stmt"/>
        <line num="218" count="4" type="cond" truecount="1" falsecount="1"/>
        <line num="224" count="193" type="stmt"/>
        <line num="226" count="1" type="stmt"/>
        <line num="228" count="1" type="stmt"/>
        <line num="235" count="193" type="stmt"/>
        <line num="236" count="4" type="stmt"/>
        <line num="237" count="4" type="cond" truecount="2" falsecount="0"/>
        <line num="238" count="3" type="stmt"/>
        <line num="242" count="3" type="stmt"/>
        <line num="245" count="193" type="stmt"/>
        <line num="247" count="1" type="stmt"/>
        <line num="249" count="1" type="stmt"/>
        <line num="256" count="193" type="stmt"/>
        <line num="257" count="5" type="stmt"/>
        <line num="272" count="193" type="stmt"/>
        <line num="274" count="4" type="stmt"/>
        <line num="277" count="4" type="cond" truecount="1" falsecount="1"/>
        <line num="284" count="193" type="stmt"/>
        <line num="286" count="1" type="stmt"/>
        <line num="288" count="1" type="stmt"/>
        <line num="294" count="193" type="cond" truecount="2" falsecount="0"/>
        <line num="295" count="53" type="stmt"/>
        <line num="302" count="140" type="stmt"/>
        <line num="361" count="3" type="stmt"/>
        <line num="373" count="8" type="stmt"/>
        <line num="383" count="0" type="stmt"/>
        <line num="395" count="0" type="stmt"/>
        <line num="405" count="0" type="stmt"/>
        <line num="416" count="0" type="stmt"/>
        <line num="427" count="0" type="stmt"/>
        <line num="437" count="0" type="stmt"/>
        <line num="450" count="0" type="stmt"/>
        <line num="455" count="19" type="stmt"/>
        <line num="466" count="1" type="stmt"/>
        <line num="480" count="1" type="stmt"/>
        <line num="490" count="1" type="stmt"/>
        <line num="501" count="1" type="stmt"/>
        <line num="512" count="1" type="stmt"/>
        <line num="524" count="0" type="stmt"/>
        <line num="530" count="1" type="stmt"/>
        <line num="541" count="21" type="stmt"/>
        <line num="548" count="1" type="stmt"/>
        <line num="553" count="1" type="stmt"/>
        <line num="564" count="2" type="stmt"/>
        <line num="585" count="0" type="stmt"/>
        <line num="590" count="10" type="stmt"/>
        <line num="601" count="1" type="stmt"/>
        <line num="615" count="1" type="stmt"/>
        <line num="625" count="1" type="stmt"/>
        <line num="637" count="1" type="stmt"/>
        <line num="647" count="0" type="stmt"/>
        <line num="659" count="0" type="stmt"/>
        <line num="671" count="0" type="stmt"/>
        <line num="677" count="1" type="stmt"/>
        <line num="698" count="0" type="stmt"/>
        <line num="704" count="3" type="stmt"/>
        <line num="711" count="1" type="stmt"/>
        <line num="726" count="4" type="stmt"/>
        <line num="728" count="1" type="cond" truecount="1" falsecount="1"/>
        <line num="729" count="1" type="stmt"/>
        <line num="730" count="1" type="stmt"/>
        <line num="747" count="0" type="stmt"/>
        <line num="752" count="9" type="stmt"/>
        <line num="763" count="1" type="stmt"/>
        <line num="777" count="1" type="stmt"/>
        <line num="787" count="1" type="stmt"/>
        <line num="799" count="1" type="stmt"/>
        <line num="810" count="1" type="stmt"/>
      </file>
      <file name="SavedJobs.tsx" path="C:\Users\lukaf\Desktop\Dev Work\My Projects\Job Search Tool\apps\desktop\src\renderer\components\SavedJobs.tsx">
        <metrics statements="4" coveredstatements="4" conditionals="2" coveredconditionals="2" methods="2" coveredmethods="2"/>
        <line num="17" count="6" type="cond" truecount="2" falsecount="0"/>
        <line num="18" count="2" type="stmt"/>
        <line num="27" count="4" type="stmt"/>
        <line num="36" count="6" type="stmt"/>
      </file>
      <file name="SearchForm.tsx" path="C:\Users\lukaf\Desktop\Dev Work\My Projects\Job Search Tool\apps\desktop\src\renderer\components\SearchForm.tsx">
        <metrics statements="40" coveredstatements="40" conditionals="32" coveredconditionals="32" methods="16" coveredmethods="16"/>
        <line num="10" count="68" type="stmt"/>
        <line num="11" count="68" type="stmt"/>
        <line num="12" count="68" type="stmt"/>
        <line num="13" count="68" type="stmt"/>
        <line num="14" count="68" type="stmt"/>
        <line num="15" count="68" type="stmt"/>
        <line num="16" count="68" type="stmt"/>
        <line num="17" count="68" type="stmt"/>
        <line num="18" count="68" type="stmt"/>
        <line num="19" count="68" type="stmt"/>
        <line num="20" count="68" type="stmt"/>
        <line num="21" count="68" type="stmt"/>
        <line num="23" count="68" type="stmt"/>
        <line num="24" count="14" type="stmt"/>
        <line num="25" count="14" type="cond" truecount="2" falsecount="0"/>
        <line num="27" count="13" type="stmt"/>
        <line num="30" count="14" type="cond" truecount="2" falsecount="0"/>
        <line num="31" count="13" type="cond" truecount="2" falsecount="0"/>
        <line num="32" count="13" type="cond" truecount="2" falsecount="0"/>
        <line num="33" count="13" type="cond" truecount="2" falsecount="0"/>
        <line num="35" count="13" type="stmt"/>
        <line num="36" count="13" type="cond" truecount="2" falsecount="0"/>
        <line num="37" count="13" type="cond" truecount="2" falsecount="0"/>
        <line num="38" count="13" type="cond" truecount="2" falsecount="0"/>
        <line num="39" count="13" type="cond" truecount="2" falsecount="0"/>
        <line num="40" count="13" type="cond" truecount="2" falsecount="0"/>
        <line num="42" count="13" type="cond" truecount="2" falsecount="0"/>
        <line num="45" count="68" type="stmt"/>
        <line num="59" count="14" type="stmt"/>
        <line num="74" count="1" type="stmt"/>
        <line num="87" count="1" type="stmt"/>
        <line num="97" count="1" type="stmt"/>
        <line num="105" count="1" type="stmt"/>
        <line num="117" count="1" type="stmt"/>
        <line num="129" count="1" type="stmt"/>
        <line num="141" count="4" type="stmt"/>
        <line num="158" count="1" type="stmt"/>
        <line num="170" count="1" type="stmt"/>
        <line num="182" count="1" type="stmt"/>
        <line num="194" count="1" type="stmt"/>
      </file>
      <file name="Settings.tsx" path="C:\Users\lukaf\Desktop\Dev Work\My Projects\Job Search Tool\apps\desktop\src\renderer\components\Settings.tsx">
        <metrics statements="50" coveredstatements="50" conditionals="50" coveredconditionals="39" methods="12" coveredmethods="12"/>
        <line num="9" count="42" type="stmt"/>
        <line num="10" count="42" type="stmt"/>
        <line num="11" count="42" type="stmt"/>
        <line num="12" count="42" type="stmt"/>
        <line num="13" count="42" type="stmt"/>
        <line num="15" count="42" type="stmt"/>
        <line num="16" count="42" type="stmt"/>
        <line num="17" count="42" type="stmt"/>
        <line num="21" count="42" type="stmt"/>
        <line num="23" count="42" type="stmt"/>
        <line num="24" count="18" type="stmt"/>
        <line num="25" count="18" type="cond" truecount="1" falsecount="1"/>
        <line num="26" count="18" type="stmt"/>
        <line num="29" count="18" type="stmt"/>
        <line num="30" count="18" type="cond" truecount="1" falsecount="1"/>
        <line num="31" count="18" type="stmt"/>
        <line num="36" count="42" type="stmt"/>
        <line num="37" count="2" type="cond" truecount="1" falsecount="1"/>
        <line num="38" count="2" type="stmt"/>
        <line num="39" count="2" type="stmt"/>
        <line num="41" count="2" type="stmt"/>
        <line num="43" count="2" type="cond" truecount="2" falsecount="0"/>
        <line num="44" count="1" type="stmt"/>
        <line num="45" count="1" type="stmt"/>
        <line num="46" count="1" type="stmt"/>
        <line num="48" count="1" type="cond" truecount="1" falsecount="1"/>
        <line num="51" count="2" type="stmt"/>
        <line num="54" count="42" type="stmt"/>
        <line num="55" count="1" type="stmt"/>
        <line num="56" count="1" type="cond" truecount="1" falsecount="1"/>
        <line num="57" count="1" type="stmt"/>
        <line num="58" count="1" type="stmt"/>
        <line num="62" count="42" type="stmt"/>
        <line num="63" count="1" type="cond" truecount="1" falsecount="1"/>
        <line num="64" count="1" type="stmt"/>
        <line num="66" count="1" type="stmt"/>
        <line num="68" count="1" type="cond" truecount="1" falsecount="1"/>
        <line num="69" count="1" type="stmt"/>
        <line num="70" count="1" type="stmt"/>
        <line num="71" count="1" type="stmt"/>
        <line num="75" count="42" type="stmt"/>
        <line num="76" count="1" type="stmt"/>
        <line num="77" count="1" type="cond" truecount="1" falsecount="1"/>
        <line num="78" count="1" type="stmt"/>
        <line num="79" count="1" type="stmt"/>
        <line num="83" count="42" type="stmt"/>
        <line num="145" count="2" type="stmt"/>
        <line num="178" count="3" type="stmt"/>
        <line num="264" count="1" type="stmt"/>
        <line num="297" count="2" type="stmt"/>
      </file>
      <file name="Sidebar.tsx" path="C:\Users\lukaf\Desktop\Dev Work\My Projects\Job Search Tool\apps\desktop\src\renderer\components\Sidebar.tsx">
        <metrics statements="6" coveredstatements="6" conditionals="14" coveredconditionals="14" methods="3" coveredmethods="3"/>
        <line num="11" count="2" type="stmt"/>
        <line num="42" count="38" type="cond" truecount="2" falsecount="0"/>
        <line num="44" count="12" type="stmt"/>
        <line num="73" count="48" type="stmt"/>
        <line num="76" count="4" type="stmt"/>
        <line num="77" count="4" type="stmt"/>
      </file>
      <file name="UpdateNotification.tsx" path="C:\Users\lukaf\Desktop\Dev Work\My Projects\Job Search Tool\apps\desktop\src\renderer\components\UpdateNotification.tsx">
        <metrics statements="13" coveredstatements="13" conditionals="31" coveredconditionals="30" methods="5" coveredmethods="5"/>
        <line num="4" count="3" type="cond" truecount="1" falsecount="1"/>
        <line num="5" count="3" type="stmt"/>
        <line num="6" count="3" type="stmt"/>
        <line num="7" count="3" type="stmt"/>
        <line num="8" count="3" type="stmt"/>
        <line num="12" count="1" type="stmt"/>
        <line num="29" count="56" type="stmt"/>
        <line num="32" count="56" type="cond" truecount="5" falsecount="0"/>
        <line num="38" count="56" type="cond" truecount="2" falsecount="0"/>
        <line num="40" count="18" type="stmt"/>
        <line num="91" count="1" type="cond" truecount="2" falsecount="0"/>
        <line num="232" count="1" type="stmt"/>
        <line num="233" count="1" type="stmt"/>
      </file>
    </package>
    <package name="renderer.hooks">
      <metrics statements="184" coveredstatements="175" conditionals="42" coveredconditionals="33" methods="39" coveredmethods="36"/>
      <file name="useJobSearch.ts" path="C:\Users\lukaf\Desktop\Dev Work\My Projects\Job Search Tool\apps\desktop\src\renderer\hooks\useJobSearch.ts">
        <metrics statements="36" coveredstatements="33" conditionals="6" coveredconditionals="3" methods="4" coveredmethods="3"/>
        <line num="4" count="1" type="stmt"/>
        <line num="5" count="1" type="stmt"/>
        <line num="20" count="29" type="stmt"/>
        <line num="21" count="29" type="stmt"/>
        <line num="22" count="29" type="stmt"/>
        <line num="23" count="29" type="stmt"/>
        <line num="24" count="29" type="stmt"/>
        <line num="25" count="29" type="stmt"/>
        <line num="26" count="29" type="stmt"/>
        <line num="28" count="29" type="stmt"/>
        <line num="30" count="29" type="stmt"/>
        <line num="32" count="4" type="stmt"/>
        <line num="33" count="4" type="stmt"/>
        <line num="35" count="4" type="stmt"/>
        <line num="36" count="4" type="stmt"/>
        <line num="37" count="4" type="stmt"/>
        <line num="43" count="4" type="stmt"/>
        <line num="45" count="4" type="cond" truecount="2" falsecount="0"/>
        <line num="46" count="1" type="stmt"/>
        <line num="49" count="3" type="stmt"/>
        <line num="50" count="3" type="stmt"/>
        <line num="51" count="3" type="stmt"/>
        <line num="52" count="3" type="stmt"/>
        <line num="53" count="3" type="stmt"/>
        <line num="54" count="3" type="stmt"/>
        <line num="56" count="1" type="cond" truecount="1" falsecount="1"/>
        <line num="57" count="1" type="stmt"/>
        <line num="59" count="4" type="stmt"/>
        <line num="65" count="29" type="stmt"/>
        <line num="67" count="4" type="stmt"/>
        <line num="68" count="4" type="stmt"/>
        <line num="73" count="29" type="stmt"/>
        <line num="75" count="0" type="cond" truecount="0" falsecount="2"/>
        <line num="76" count="0" type="stmt"/>
        <line num="77" count="0" type="stmt"/>
        <line num="82" count="29" type="stmt"/>
      </file>
      <file name="useResume.ts" path="C:\Users\lukaf\Desktop\Dev Work\My Projects\Job Search Tool\apps\desktop\src\renderer\hooks\useResume.ts">
        <metrics statements="50" coveredstatements="44" conditionals="16" coveredconditionals="10" methods="11" coveredmethods="9"/>
        <line num="16" count="193" type="stmt"/>
        <line num="17" count="193" type="stmt"/>
        <line num="18" count="193" type="stmt"/>
        <line num="19" count="193" type="stmt"/>
        <line num="20" count="193" type="stmt"/>
        <line num="21" count="193" type="stmt"/>
        <line num="24" count="193" type="stmt"/>
        <line num="25" count="53" type="stmt"/>
        <line num="26" count="52" type="cond" truecount="2" falsecount="0"/>
        <line num="27" count="2" type="stmt"/>
        <line num="28" count="2" type="stmt"/>
        <line num="29" count="2" type="stmt"/>
        <line num="30" count="2" type="stmt"/>
        <line num="32" count="52" type="stmt"/>
        <line num="37" count="193" type="stmt"/>
        <line num="38" count="53" type="stmt"/>
        <line num="39" count="53" type="cond" truecount="1" falsecount="1"/>
        <line num="40" count="53" type="stmt"/>
        <line num="42" count="53" type="stmt"/>
        <line num="46" count="193" type="stmt"/>
        <line num="47" count="3" type="stmt"/>
        <line num="48" count="3" type="stmt"/>
        <line num="49" count="3" type="stmt"/>
        <line num="50" count="3" type="stmt"/>
        <line num="51" count="3" type="stmt"/>
        <line num="52" count="3" type="stmt"/>
        <line num="56" count="193" type="stmt"/>
        <line num="57" count="1" type="stmt"/>
        <line num="58" count="1" type="stmt"/>
        <line num="62" count="193" type="stmt"/>
        <line num="63" count="2" type="stmt"/>
        <line num="64" count="2" type="stmt"/>
        <line num="66" count="2" type="cond" truecount="2" falsecount="0"/>
        <line num="67" count="1" type="stmt"/>
        <line num="68" count="1" type="stmt"/>
        <line num="69" count="2" type="cond" truecount="1" falsecount="1"/>
        <line num="70" count="2" type="stmt"/>
        <line num="75" count="2" type="cond" truecount="1" falsecount="1"/>
        <line num="76" count="0" type="stmt"/>
        <line num="78" count="2" type="cond" truecount="1" falsecount="1"/>
        <line num="79" count="0" type="stmt"/>
        <line num="81" count="2" type="cond" truecount="1" falsecount="1"/>
        <line num="82" count="0" type="stmt"/>
        <line num="83" count="0" type="stmt"/>
        <line num="84" count="0" type="stmt"/>
        <line num="86" count="2" type="cond" truecount="1" falsecount="1"/>
        <line num="87" count="0" type="stmt"/>
        <line num="90" count="2" type="stmt"/>
        <line num="92" count="2" type="stmt"/>
        <line num="95" count="193" type="stmt"/>
      </file>
      <file name="useSettings.ts" path="C:\Users\lukaf\Desktop\Dev Work\My Projects\Job Search Tool\apps\desktop\src\renderer\hooks\useSettings.ts">
        <metrics statements="16" coveredstatements="16" conditionals="4" coveredconditionals="4" methods="7" coveredmethods="7"/>
        <line num="7" count="2" type="stmt"/>
        <line num="10" count="16" type="stmt"/>
        <line num="11" count="16" type="stmt"/>
        <line num="12" count="16" type="cond" truecount="2" falsecount="0"/>
        <line num="14" count="1" type="stmt"/>
        <line num="19" count="19" type="stmt"/>
        <line num="23" count="19" type="cond" truecount="2" falsecount="0"/>
        <line num="24" count="4" type="stmt"/>
        <line num="26" count="15" type="stmt"/>
        <line num="31" count="38" type="stmt"/>
        <line num="34" count="38" type="stmt"/>
        <line num="35" count="19" type="stmt"/>
        <line num="36" count="19" type="stmt"/>
        <line num="39" count="38" type="stmt"/>
        <line num="40" count="3" type="stmt"/>
        <line num="43" count="38" type="stmt"/>
      </file>
      <file name="useUpdater.ts" path="C:\Users\lukaf\Desktop\Dev Work\My Projects\Job Search Tool\apps\desktop\src\renderer\hooks\useUpdater.ts">
        <metrics statements="82" coveredstatements="82" conditionals="16" coveredconditionals="16" methods="17" coveredmethods="17"/>
        <line num="25" count="2" type="stmt"/>
        <line num="28" count="80" type="stmt"/>
        <line num="29" count="80" type="stmt"/>
        <line num="30" count="80" type="stmt"/>
        <line num="31" count="80" type="stmt"/>
        <line num="32" count="80" type="stmt"/>
        <line num="33" count="80" type="stmt"/>
        <line num="34" count="80" type="stmt"/>
        <line num="37" count="80" type="stmt"/>
        <line num="38" count="33" type="stmt"/>
        <line num="39" count="33" type="cond" truecount="2" falsecount="0"/>
        <line num="41" count="33" type="stmt"/>
        <line num="43" count="33" type="stmt"/>
        <line num="45" count="33" type="stmt"/>
        <line num="47" count="1" type="stmt"/>
        <line num="51" count="33" type="stmt"/>
        <line num="53" count="2" type="stmt"/>
        <line num="54" count="2" type="stmt"/>
        <line num="55" count="2" type="cond" truecount="4" falsecount="0"/>
        <line num="56" count="1" type="stmt"/>
        <line num="57" count="1" type="stmt"/>
        <line num="59" count="1" type="stmt"/>
        <line num="60" count="1" type="stmt"/>
        <line num="61" count="1" type="stmt"/>
        <line num="65" count="33" type="stmt"/>
        <line num="67" count="1" type="stmt"/>
        <line num="71" count="33" type="stmt"/>
        <line num="73" count="1" type="stmt"/>
        <line num="74" count="1" type="stmt"/>
        <line num="75" count="1" type="stmt"/>
        <line num="79" count="33" type="stmt"/>
        <line num="81" count="1" type="stmt"/>
        <line num="82" count="1" type="stmt"/>
        <line num="83" count="1" type="stmt"/>
        <line num="84" count="1" type="stmt"/>
        <line num="88" count="33" type="stmt"/>
        <line num="90" count="1" type="stmt"/>
        <line num="91" count="1" type="stmt"/>
        <line num="92" count="1" type="stmt"/>
        <line num="96" count="33" type="stmt"/>
        <line num="97" count="198" type="stmt"/>
        <line num="101" count="80" type="stmt"/>
        <line num="102" count="6" type="stmt"/>
        <line num="103" count="6" type="stmt"/>
        <line num="104" count="6" type="stmt"/>
        <line num="105" count="6" type="stmt"/>
        <line num="106" count="6" type="stmt"/>
        <line num="107" count="3" type="cond" truecount="2" falsecount="0"/>
        <line num="108" count="2" type="cond" truecount="4" falsecount="0"/>
        <line num="109" count="1" type="stmt"/>
        <line num="110" count="1" type="stmt"/>
        <line num="112" count="1" type="stmt"/>
        <line num="113" count="1" type="stmt"/>
        <line num="115" count="1" type="stmt"/>
        <line num="118" count="3" type="stmt"/>
        <line num="119" count="3" type="cond" truecount="2" falsecount="0"/>
        <line num="123" count="80" type="stmt"/>
        <line num="124" count="3" type="stmt"/>
        <line num="125" count="3" type="stmt"/>
        <line num="126" count="3" type="stmt"/>
        <line num="127" count="3" type="stmt"/>
        <line num="128" count="3" type="stmt"/>
        <line num="130" count="2" type="stmt"/>
        <line num="131" count="2" type="cond" truecount="2" falsecount="0"/>
        <line num="132" count="2" type="stmt"/>
        <line num="136" count="80" type="stmt"/>
        <line num="137" count="1" type="stmt"/>
        <line num="140" count="80" type="stmt"/>
        <line num="141" count="1" type="stmt"/>
        <line num="142" count="1" type="stmt"/>
        <line num="143" count="1" type="stmt"/>
        <line num="144" count="1" type="stmt"/>
        <line num="145" count="1" type="stmt"/>
        <line num="148" count="80" type="stmt"/>
        <line num="149" count="1" type="stmt"/>
        <line num="152" count="80" type="stmt"/>
        <line num="153" count="1" type="stmt"/>
        <line num="154" count="1" type="stmt"/>
        <line num="155" count="1" type="stmt"/>
        <line num="156" count="1" type="stmt"/>
        <line num="157" count="1" type="stmt"/>
        <line num="160" count="80" type="stmt"/>
      </file>
    </package>
  </project>
</coverage>
