{
  "C:\\Users\\lukaf\\Desktop\\Dev Work\\My Projects\\Job Search Tool\\apps\\desktop\\src\\main\\ipc-handlers.ts": {
    "path": "C:\\Users\\lukaf\\Desktop\\Dev Work\\My Projects\\Job Search Tool\\apps\\desktop\\src\\main\\ipc-handlers.ts",
    "statementMap": {
      "0": { "start": { "line": 21, "column": 6 }, "end": { "line": 21, "column": null } },
      "1": { "start": { "line": 22, "column": 6 }, "end": { "line": 22, "column": null } },
      "2": { "start": { "line": 23, "column": 6 }, "end": { "line": 23, "column": null } },
      "3": { "start": { "line": 25, "column": 35 }, "end": { "line": 25, "column": null } },
      "4": { "start": { "line": 26, "column": 34 }, "end": { "line": 26, "column": null } },
      "5": { "start": { "line": 27, "column": 37 }, "end": { "line": 27, "column": null } },
      "6": { "start": { "line": 30, "column": 2 }, "end": { "line": 30, "column": null } },
      "7": { "start": { "line": 30, "column": 20 }, "end": { "line": 30, "column": null } },
      "8": { "start": { "line": 31, "column": 2 }, "end": { "line": 42, "column": null } },
      "9": { "start": { "line": 32, "column": 4 }, "end": { "line": 32, "column": null } },
      "10": { "start": { "line": 32, "column": 31 }, "end": { "line": 32, "column": null } },
      "11": { "start": { "line": 33, "column": 10 }, "end": { "line": 33, "column": null } },
      "12": { "start": { "line": 34, "column": 4 }, "end": { "line": 38, "column": null } },
      "13": { "start": { "line": 35, "column": 6 }, "end": { "line": 35, "column": null } },
      "14": { "start": { "line": 37, "column": 6 }, "end": { "line": 37, "column": null } },
      "15": { "start": { "line": 39, "column": 4 }, "end": { "line": 39, "column": null } },
      "16": { "start": { "line": 41, "column": 4 }, "end": { "line": 41, "column": null } },
      "17": { "start": { "line": 46, "column": 8 }, "end": { "line": 46, "column": null } },
      "18": { "start": { "line": 47, "column": 2 }, "end": { "line": 47, "column": null } },
      "19": { "start": { "line": 48, "column": 2 }, "end": { "line": 52, "column": null } },
      "20": { "start": { "line": 49, "column": 4 }, "end": { "line": 49, "column": null } },
      "21": { "start": { "line": 51, "column": 4 }, "end": { "line": 51, "column": null } },
      "22": { "start": { "line": 53, "column": 2 }, "end": { "line": 53, "column": null } },
      "23": { "start": { "line": 54, "column": 2 }, "end": { "line": 54, "column": null } },
      "24": { "start": { "line": 58, "column": 2 }, "end": { "line": 62, "column": null } },
      "25": { "start": { "line": 59, "column": 4 }, "end": { "line": 59, "column": null } },
      "26": { "start": { "line": 59, "column": 30 }, "end": { "line": 59, "column": null } },
      "27": { "start": { "line": 63, "column": 2 }, "end": { "line": 63, "column": null } },
      "28": { "start": { "line": 64, "column": 2 }, "end": { "line": 64, "column": null } },
      "29": { "start": { "line": 68, "column": 2 }, "end": { "line": 68, "column": null } },
      "30": { "start": { "line": 68, "column": 23 }, "end": { "line": 68, "column": null } },
      "31": { "start": { "line": 69, "column": 2 }, "end": { "line": 80, "column": null } },
      "32": { "start": { "line": 70, "column": 4 }, "end": { "line": 70, "column": null } },
      "33": { "start": { "line": 70, "column": 38 }, "end": { "line": 70, "column": null } },
      "34": { "start": { "line": 71, "column": 10 }, "end": { "line": 71, "column": null } },
      "35": { "start": { "line": 72, "column": 4 }, "end": { "line": 76, "column": null } },
      "36": { "start": { "line": 73, "column": 6 }, "end": { "line": 73, "column": null } },
      "37": { "start": { "line": 75, "column": 6 }, "end": { "line": 75, "column": null } },
      "38": { "start": { "line": 77, "column": 4 }, "end": { "line": 77, "column": null } },
      "39": { "start": { "line": 79, "column": 4 }, "end": { "line": 79, "column": null } },
      "40": { "start": { "line": 84, "column": 8 }, "end": { "line": 84, "column": null } },
      "41": { "start": { "line": 85, "column": 2 }, "end": { "line": 85, "column": null } },
      "42": { "start": { "line": 86, "column": 2 }, "end": { "line": 90, "column": null } },
      "43": { "start": { "line": 87, "column": 4 }, "end": { "line": 87, "column": null } },
      "44": { "start": { "line": 89, "column": 4 }, "end": { "line": 89, "column": null } },
      "45": { "start": { "line": 91, "column": 2 }, "end": { "line": 91, "column": null } },
      "46": { "start": { "line": 95, "column": 2 }, "end": { "line": 99, "column": null } },
      "47": { "start": { "line": 96, "column": 4 }, "end": { "line": 96, "column": null } },
      "48": { "start": { "line": 96, "column": 37 }, "end": { "line": 96, "column": null } },
      "49": { "start": { "line": 100, "column": 2 }, "end": { "line": 100, "column": null } },
      "50": { "start": { "line": 104, "column": 2 }, "end": { "line": 110, "column": null } },
      "51": { "start": { "line": 105, "column": 19 }, "end": { "line": 105, "column": null } },
      "52": { "start": { "line": 106, "column": 4 }, "end": { "line": 108, "column": null } },
      "53": { "start": { "line": 107, "column": 6 }, "end": { "line": 107, "column": null } },
      "54": { "start": { "line": 109, "column": 4 }, "end": { "line": 109, "column": null } },
      "55": { "start": { "line": 111, "column": 2 }, "end": { "line": 111, "column": null } },
      "56": { "start": { "line": 123, "column": 2 }, "end": { "line": 123, "column": null } },
      "57": { "start": { "line": 125, "column": 24 }, "end": { "line": 125, "column": null } },
      "58": { "start": { "line": 126, "column": 35 }, "end": { "line": 126, "column": null } },
      "59": { "start": { "line": 128, "column": 16 }, "end": { "line": 128, "column": null } },
      "60": { "start": { "line": 129, "column": 2 }, "end": { "line": 129, "column": null } },
      "61": { "start": { "line": 131, "column": 2 }, "end": { "line": 133, "column": null } },
      "62": { "start": { "line": 132, "column": 4 }, "end": { "line": 132, "column": null } },
      "63": { "start": { "line": 135, "column": 16 }, "end": { "line": 135, "column": null } },
      "64": { "start": { "line": 137, "column": 2 }, "end": { "line": 137, "column": null } },
      "65": { "start": { "line": 143, "column": 24 }, "end": { "line": 143, "column": null } },
      "66": { "start": { "line": 144, "column": 2 }, "end": { "line": 144, "column": null } },
      "67": { "start": { "line": 148, "column": 2 }, "end": { "line": 148, "column": null } },
      "68": { "start": { "line": 152, "column": 2 }, "end": { "line": 163, "column": null } },
      "69": { "start": { "line": 154, "column": 23 }, "end": { "line": 154, "column": null } },
      "70": { "start": { "line": 155, "column": 4 }, "end": { "line": 155, "column": null } },
      "71": { "start": { "line": 156, "column": 4 }, "end": { "line": 156, "column": null } },
      "72": { "start": { "line": 157, "column": 4 }, "end": { "line": 157, "column": null } },
      "73": { "start": { "line": 159, "column": 4 }, "end": { "line": 162, "column": null } },
      "74": { "start": { "line": 167, "column": 2 }, "end": { "line": 167, "column": null } },
      "75": { "start": { "line": 171, "column": 2 }, "end": { "line": 171, "column": null } },
      "76": { "start": { "line": 172, "column": 2 }, "end": { "line": 172, "column": null } },
      "77": { "start": { "line": 176, "column": 2 }, "end": { "line": 176, "column": null } },
      "78": { "start": { "line": 177, "column": 2 }, "end": { "line": 177, "column": null } },
      "79": { "start": { "line": 181, "column": 2 }, "end": { "line": 181, "column": null } },
      "80": { "start": { "line": 185, "column": 2 }, "end": { "line": 185, "column": null } },
      "81": { "start": { "line": 186, "column": 2 }, "end": { "line": 186, "column": null } },
      "82": { "start": { "line": 190, "column": 8 }, "end": { "line": 190, "column": null } },
      "83": { "start": { "line": 191, "column": 2 }, "end": { "line": 191, "column": null } },
      "84": { "start": { "line": 192, "column": 2 }, "end": { "line": 192, "column": null } },
      "85": { "start": { "line": 193, "column": 2 }, "end": { "line": 193, "column": null } },
      "86": { "start": { "line": 197, "column": 2 }, "end": { "line": 203, "column": null } },
      "87": { "start": { "line": 198, "column": 4 }, "end": { "line": 198, "column": null } },
      "88": { "start": { "line": 198, "column": 34 }, "end": { "line": 198, "column": null } },
      "89": { "start": { "line": 199, "column": 10 }, "end": { "line": 199, "column": null } },
      "90": { "start": { "line": 200, "column": 4 }, "end": { "line": 200, "column": null } },
      "91": { "start": { "line": 202, "column": 4 }, "end": { "line": 202, "column": null } },
      "92": { "start": { "line": 213, "column": 20 }, "end": { "line": 213, "column": null } },
      "93": { "start": { "line": 214, "column": 2 }, "end": { "line": 220, "column": null } },
      "94": { "start": { "line": 215, "column": 4 }, "end": { "line": 219, "column": null } },
      "95": { "start": { "line": 222, "column": 17 }, "end": { "line": 226, "column": null } },
      "96": { "start": { "line": 228, "column": 2 }, "end": { "line": 230, "column": null } },
      "97": { "start": { "line": 229, "column": 4 }, "end": { "line": 229, "column": null } },
      "98": { "start": { "line": 232, "column": 19 }, "end": { "line": 232, "column": null } },
      "99": { "start": { "line": 233, "column": 8 }, "end": { "line": 233, "column": null } },
      "100": { "start": { "line": 235, "column": 2 }, "end": { "line": 259, "column": null } },
      "101": { "start": { "line": 238, "column": 4 }, "end": { "line": 251, "column": null } },
      "102": { "start": { "line": 239, "column": 12 }, "end": { "line": 239, "column": null } },
      "103": { "start": { "line": 241, "column": 12 }, "end": { "line": 241, "column": null } },
      "104": { "start": { "line": 242, "column": 22 }, "end": { "line": 242, "column": null } },
      "105": { "start": { "line": 243, "column": 6 }, "end": { "line": 243, "column": null } },
      "106": { "start": { "line": 244, "column": 4 }, "end": { "line": 251, "column": null } },
      "107": { "start": { "line": 245, "column": 12 }, "end": { "line": 245, "column": null } },
      "108": { "start": { "line": 246, "column": 12 }, "end": { "line": 246, "column": null } },
      "109": { "start": { "line": 247, "column": 24 }, "end": { "line": 247, "column": null } },
      "110": { "start": { "line": 248, "column": 6 }, "end": { "line": 248, "column": null } },
      "111": { "start": { "line": 250, "column": 6 }, "end": { "line": 250, "column": null } },
      "112": { "start": { "line": 253, "column": 4 }, "end": { "line": 253, "column": null } },
      "113": { "start": { "line": 255, "column": 4 }, "end": { "line": 258, "column": null } },
      "114": { "start": { "line": 265, "column": 20 }, "end": { "line": 265, "column": null } },
      "115": { "start": { "line": 266, "column": 2 }, "end": { "line": 268, "column": null } },
      "116": { "start": { "line": 267, "column": 4 }, "end": { "line": 267, "column": null } },
      "117": { "start": { "line": 270, "column": 2 }, "end": { "line": 278, "column": null } },
      "118": { "start": { "line": 271, "column": 23 }, "end": { "line": 271, "column": null } },
      "119": { "start": { "line": 272, "column": 4 }, "end": { "line": 272, "column": null } },
      "120": { "start": { "line": 274, "column": 4 }, "end": { "line": 277, "column": null } },
      "121": { "start": { "line": 282, "column": 2 }, "end": { "line": 286, "column": null } },
      "122": { "start": { "line": 293, "column": 20 }, "end": { "line": 293, "column": null } },
      "123": { "start": { "line": 294, "column": 2 }, "end": { "line": 300, "column": null } },
      "124": { "start": { "line": 295, "column": 4 }, "end": { "line": 299, "column": null } },
      "125": { "start": { "line": 302, "column": 2 }, "end": { "line": 307, "column": null } },
      "126": { "start": { "line": 303, "column": 4 }, "end": { "line": 306, "column": null } },
      "127": { "start": { "line": 309, "column": 2 }, "end": { "line": 327, "column": null } },
      "128": { "start": { "line": 310, "column": 22 }, "end": { "line": 314, "column": null } },
      "129": { "start": { "line": 315, "column": 25 }, "end": { "line": 315, "column": null } },
      "130": { "start": { "line": 316, "column": 22 }, "end": { "line": 316, "column": null } },
      "131": { "start": { "line": 317, "column": 21 }, "end": { "line": 317, "column": null } },
      "132": { "start": { "line": 318, "column": 10 }, "end": { "line": 318, "column": null } },
      "133": { "start": { "line": 319, "column": 4 }, "end": { "line": 319, "column": null } },
      "134": { "start": { "line": 320, "column": 4 }, "end": { "line": 320, "column": null } },
      "135": { "start": { "line": 321, "column": 4 }, "end": { "line": 321, "column": null } },
      "136": { "start": { "line": 323, "column": 4 }, "end": { "line": 326, "column": null } },
      "137": { "start": { "line": 334, "column": 20 }, "end": { "line": 334, "column": null } },
      "138": { "start": { "line": 335, "column": 2 }, "end": { "line": 341, "column": null } },
      "139": { "start": { "line": 336, "column": 4 }, "end": { "line": 340, "column": null } },
      "140": { "start": { "line": 343, "column": 2 }, "end": { "line": 348, "column": null } },
      "141": { "start": { "line": 344, "column": 4 }, "end": { "line": 347, "column": null } },
      "142": { "start": { "line": 350, "column": 2 }, "end": { "line": 368, "column": null } },
      "143": { "start": { "line": 351, "column": 22 }, "end": { "line": 355, "column": null } },
      "144": { "start": { "line": 356, "column": 25 }, "end": { "line": 356, "column": null } },
      "145": { "start": { "line": 357, "column": 22 }, "end": { "line": 357, "column": null } },
      "146": { "start": { "line": 358, "column": 21 }, "end": { "line": 358, "column": null } },
      "147": { "start": { "line": 359, "column": 10 }, "end": { "line": 359, "column": null } },
      "148": { "start": { "line": 360, "column": 4 }, "end": { "line": 360, "column": null } },
      "149": { "start": { "line": 361, "column": 4 }, "end": { "line": 361, "column": null } },
      "150": { "start": { "line": 362, "column": 4 }, "end": { "line": 362, "column": null } },
      "151": { "start": { "line": 364, "column": 4 }, "end": { "line": 367, "column": null } },
      "152": { "start": { "line": 372, "column": 2 }, "end": { "line": 392, "column": null } },
      "153": { "start": { "line": 375, "column": 6 }, "end": { "line": 390, "column": null } },
      "154": { "start": { "line": 376, "column": 8 }, "end": { "line": 376, "column": null } },
      "155": { "start": { "line": 378, "column": 8 }, "end": { "line": 385, "column": null } },
      "156": { "start": { "line": 379, "column": 10 }, "end": { "line": 384, "column": null } },
      "157": { "start": { "line": 386, "column": 8 }, "end": { "line": 389, "column": null } },
      "158": { "start": { "line": 394, "column": 2 }, "end": { "line": 404, "column": null } },
      "159": { "start": { "line": 395, "column": 4 }, "end": { "line": 403, "column": null } },
      "160": { "start": { "line": 396, "column": 21 }, "end": { "line": 396, "column": null } },
      "161": { "start": { "line": 397, "column": 6 }, "end": { "line": 397, "column": null } },
      "162": { "start": { "line": 399, "column": 6 }, "end": { "line": 402, "column": null } },
      "163": { "start": { "line": 406, "column": 2 }, "end": { "line": 416, "column": null } },
      "164": { "start": { "line": 407, "column": 4 }, "end": { "line": 415, "column": null } },
      "165": { "start": { "line": 408, "column": 20 }, "end": { "line": 408, "column": null } },
      "166": { "start": { "line": 409, "column": 6 }, "end": { "line": 409, "column": null } },
      "167": { "start": { "line": 411, "column": 6 }, "end": { "line": 414, "column": null } },
      "168": { "start": { "line": 418, "column": 2 }, "end": { "line": 420, "column": null } },
      "169": { "start": { "line": 419, "column": 4 }, "end": { "line": 419, "column": null } },
      "170": { "start": { "line": 422, "column": 2 }, "end": { "line": 424, "column": null } },
      "171": { "start": { "line": 423, "column": 4 }, "end": { "line": 423, "column": null } },
      "172": { "start": { "line": 426, "column": 2 }, "end": { "line": 428, "column": null } },
      "173": { "start": { "line": 427, "column": 4 }, "end": { "line": 427, "column": null } },
      "174": { "start": { "line": 430, "column": 2 }, "end": { "line": 432, "column": null } },
      "175": { "start": { "line": 431, "column": 4 }, "end": { "line": 431, "column": null } },
      "176": { "start": { "line": 434, "column": 2 }, "end": { "line": 436, "column": null } },
      "177": { "start": { "line": 435, "column": 4 }, "end": { "line": 435, "column": null } },
      "178": { "start": { "line": 438, "column": 2 }, "end": { "line": 440, "column": null } },
      "179": { "start": { "line": 439, "column": 4 }, "end": { "line": 439, "column": null } },
      "180": { "start": { "line": 442, "column": 2 }, "end": { "line": 444, "column": null } },
      "181": { "start": { "line": 443, "column": 4 }, "end": { "line": 443, "column": null } },
      "182": { "start": { "line": 446, "column": 2 }, "end": { "line": 448, "column": null } },
      "183": { "start": { "line": 447, "column": 4 }, "end": { "line": 447, "column": null } },
      "184": { "start": { "line": 450, "column": 2 }, "end": { "line": 452, "column": null } },
      "185": { "start": { "line": 451, "column": 4 }, "end": { "line": 451, "column": null } },
      "186": { "start": { "line": 454, "column": 2 }, "end": { "line": 456, "column": null } },
      "187": { "start": { "line": 455, "column": 4 }, "end": { "line": 455, "column": null } },
      "188": { "start": { "line": 458, "column": 2 }, "end": { "line": 463, "column": null } },
      "189": { "start": { "line": 461, "column": 6 }, "end": { "line": 461, "column": null } },
      "190": { "start": { "line": 465, "column": 2 }, "end": { "line": 470, "column": null } },
      "191": { "start": { "line": 468, "column": 6 }, "end": { "line": 468, "column": null } }
    },
    "fnMap": {
      "0": {
        "name": "loadApiKey",
        "decl": { "start": { "line": 29, "column": 9 }, "end": { "line": 29, "column": 37 } },
        "loc": { "start": { "line": 29, "column": 37 }, "end": { "line": 43, "column": null } },
        "line": 29
      },
      "1": {
        "name": "saveApiKeyToFile",
        "decl": { "start": { "line": 45, "column": 9 }, "end": { "line": 45, "column": 26 } },
        "loc": { "start": { "line": 45, "column": 45 }, "end": { "line": 55, "column": null } },
        "line": 45
      },
      "2": {
        "name": "removeApiKeyFile",
        "decl": { "start": { "line": 57, "column": 9 }, "end": { "line": 57, "column": 34 } },
        "loc": { "start": { "line": 57, "column": 34 }, "end": { "line": 65, "column": null } },
        "line": 57
      },
      "3": {
        "name": "loadGeminiKey",
        "decl": { "start": { "line": 67, "column": 9 }, "end": { "line": 67, "column": 40 } },
        "loc": { "start": { "line": 67, "column": 40 }, "end": { "line": 81, "column": null } },
        "line": 67
      },
      "4": {
        "name": "saveGeminiKeyToFile",
        "decl": { "start": { "line": 83, "column": 9 }, "end": { "line": 83, "column": 29 } },
        "loc": { "start": { "line": 83, "column": 48 }, "end": { "line": 92, "column": null } },
        "line": 83
      },
      "5": {
        "name": "removeGeminiKeyFile",
        "decl": { "start": { "line": 94, "column": 9 }, "end": { "line": 94, "column": 37 } },
        "loc": { "start": { "line": 94, "column": 37 }, "end": { "line": 101, "column": null } },
        "line": 94
      },
      "6": {
        "name": "getClient",
        "decl": { "start": { "line": 103, "column": 9 }, "end": { "line": 103, "column": 36 } },
        "loc": { "start": { "line": 103, "column": 36 }, "end": { "line": 112, "column": null } },
        "line": 103
      },
      "7": {
        "name": "handleSearch",
        "decl": { "start": { "line": 119, "column": 22 }, "end": { "line": 119, "column": null } },
        "loc": { "start": { "line": 122, "column": 25 }, "end": { "line": 138, "column": null } },
        "line": 122
      },
      "8": {
        "name": "handleGetJobDetails",
        "decl": { "start": { "line": 140, "column": 22 }, "end": { "line": 140, "column": null } },
        "loc": { "start": { "line": 142, "column": 56 }, "end": { "line": 145, "column": null } },
        "line": 142
      },
      "9": {
        "name": "handleGetQuota",
        "decl": { "start": { "line": 147, "column": 22 }, "end": { "line": 147, "column": 61 } },
        "loc": { "start": { "line": 147, "column": 61 }, "end": { "line": 149, "column": null } },
        "line": 147
      },
      "10": {
        "name": "handleSaveApiKey",
        "decl": { "start": { "line": 151, "column": 22 }, "end": { "line": 151, "column": 39 } },
        "loc": { "start": { "line": 151, "column": 99 }, "end": { "line": 164, "column": null } },
        "line": 151
      },
      "11": {
        "name": "handleGetApiKeyStatus",
        "decl": { "start": { "line": 166, "column": 16 }, "end": { "line": 166, "column": 76 } },
        "loc": { "start": { "line": 166, "column": 76 }, "end": { "line": 168, "column": null } },
        "line": 166
      },
      "12": {
        "name": "handleRemoveApiKey",
        "decl": { "start": { "line": 170, "column": 16 }, "end": { "line": 170, "column": 56 } },
        "loc": { "start": { "line": 170, "column": 56 }, "end": { "line": 173, "column": null } },
        "line": 170
      },
      "13": {
        "name": "handleSaveGeminiKey",
        "decl": { "start": { "line": 175, "column": 16 }, "end": { "line": 175, "column": 36 } },
        "loc": { "start": { "line": 175, "column": 68 }, "end": { "line": 178, "column": null } },
        "line": 175
      },
      "14": {
        "name": "handleGetGeminiKeyStatus",
        "decl": { "start": { "line": 180, "column": 16 }, "end": { "line": 180, "column": 79 } },
        "loc": { "start": { "line": 180, "column": 79 }, "end": { "line": 182, "column": null } },
        "line": 180
      },
      "15": {
        "name": "handleRemoveGeminiKey",
        "decl": { "start": { "line": 184, "column": 16 }, "end": { "line": 184, "column": 59 } },
        "loc": { "start": { "line": 184, "column": 59 }, "end": { "line": 187, "column": null } },
        "line": 184
      },
      "16": {
        "name": "handleSaveResume",
        "decl": { "start": { "line": 189, "column": 16 }, "end": { "line": 189, "column": 33 } },
        "loc": { "start": { "line": 189, "column": 83 }, "end": { "line": 194, "column": null } },
        "line": 189
      },
      "17": {
        "name": "handleLoadResume",
        "decl": { "start": { "line": 196, "column": 16 }, "end": { "line": 196, "column": 92 } },
        "loc": { "start": { "line": 196, "column": 92 }, "end": { "line": 204, "column": null } },
        "line": 196
      },
      "18": {
        "name": "handlePickResumeFile",
        "decl": { "start": { "line": 206, "column": 22 }, "end": { "line": 206, "column": null } },
        "loc": { "start": { "line": 212, "column": 3 }, "end": { "line": 260, "column": null } },
        "line": 212
      },
      "19": {
        "name": "handleParseResumeText",
        "decl": { "start": { "line": 262, "column": 22 }, "end": { "line": 262, "column": null } },
        "loc": { "start": { "line": 264, "column": 81 }, "end": { "line": 279, "column": null } },
        "line": 264
      },
      "20": {
        "name": "sanitizeFilename",
        "decl": { "start": { "line": 281, "column": 9 }, "end": { "line": 281, "column": 26 } },
        "loc": { "start": { "line": 281, "column": 48 }, "end": { "line": 287, "column": null } },
        "line": 281
      },
      "21": {
        "name": "handleGenerateResume",
        "decl": { "start": { "line": 289, "column": 22 }, "end": { "line": 289, "column": null } },
        "loc": { "start": { "line": 292, "column": 96 }, "end": { "line": 328, "column": null } },
        "line": 292
      },
      "22": {
        "name": "handleGenerateCV",
        "decl": { "start": { "line": 330, "column": 22 }, "end": { "line": 330, "column": null } },
        "loc": { "start": { "line": 333, "column": 96 }, "end": { "line": 369, "column": null } },
        "line": 333
      },
      "23": {
        "name": "registerIpcHandlers",
        "decl": { "start": { "line": 371, "column": 16 }, "end": { "line": 371, "column": 44 } },
        "loc": { "start": { "line": 371, "column": 44 }, "end": { "line": 471, "column": null } },
        "line": 371
      },
      "24": {
        "name": "(anonymous_24)",
        "decl": { "start": { "line": 374, "column": 4 }, "end": { "line": 374, "column": 11 } },
        "loc": { "start": { "line": 374, "column": 73 }, "end": { "line": 391, "column": null } },
        "line": 374
      },
      "25": {
        "name": "(anonymous_25)",
        "decl": { "start": { "line": 394, "column": 36 }, "end": { "line": 394, "column": 43 } },
        "loc": { "start": { "line": 394, "column": 69 }, "end": { "line": 404, "column": 3 } },
        "line": 394
      },
      "26": {
        "name": "(anonymous_26)",
        "decl": { "start": { "line": 406, "column": 30 }, "end": { "line": 406, "column": 42 } },
        "loc": { "start": { "line": 406, "column": 42 }, "end": { "line": 416, "column": 3 } },
        "line": 406
      },
      "27": {
        "name": "(anonymous_27)",
        "decl": { "start": { "line": 418, "column": 42 }, "end": { "line": 418, "column": 49 } },
        "loc": { "start": { "line": 418, "column": 73 }, "end": { "line": 420, "column": 3 } },
        "line": 418
      },
      "28": {
        "name": "(anonymous_28)",
        "decl": { "start": { "line": 422, "column": 48 }, "end": { "line": 422, "column": 54 } },
        "loc": { "start": { "line": 422, "column": 54 }, "end": { "line": 424, "column": 3 } },
        "line": 422
      },
      "29": {
        "name": "(anonymous_29)",
        "decl": { "start": { "line": 426, "column": 44 }, "end": { "line": 426, "column": 50 } },
        "loc": { "start": { "line": 426, "column": 50 }, "end": { "line": 428, "column": 3 } },
        "line": 426
      },
      "30": {
        "name": "(anonymous_30)",
        "decl": { "start": { "line": 430, "column": 45 }, "end": { "line": 430, "column": 46 } },
        "loc": { "start": { "line": 430, "column": 70 }, "end": { "line": 432, "column": 3 } },
        "line": 430
      },
      "31": {
        "name": "(anonymous_31)",
        "decl": { "start": { "line": 434, "column": 51 }, "end": { "line": 434, "column": 57 } },
        "loc": { "start": { "line": 434, "column": 57 }, "end": { "line": 436, "column": 3 } },
        "line": 434
      },
      "32": {
        "name": "(anonymous_32)",
        "decl": { "start": { "line": 438, "column": 47 }, "end": { "line": 438, "column": 53 } },
        "loc": { "start": { "line": 438, "column": 53 }, "end": { "line": 440, "column": 3 } },
        "line": 438
      },
      "33": {
        "name": "(anonymous_33)",
        "decl": { "start": { "line": 442, "column": 32 }, "end": { "line": 442, "column": 33 } },
        "loc": { "start": { "line": 442, "column": 75 }, "end": { "line": 444, "column": 3 } },
        "line": 442
      },
      "34": {
        "name": "(anonymous_34)",
        "decl": { "start": { "line": 446, "column": 32 }, "end": { "line": 446, "column": 38 } },
        "loc": { "start": { "line": 446, "column": 38 }, "end": { "line": 448, "column": 3 } },
        "line": 446
      },
      "35": {
        "name": "(anonymous_35)",
        "decl": { "start": { "line": 450, "column": 37 }, "end": { "line": 450, "column": 49 } },
        "loc": { "start": { "line": 450, "column": 49 }, "end": { "line": 452, "column": 3 } },
        "line": 450
      },
      "36": {
        "name": "(anonymous_36)",
        "decl": { "start": { "line": 454, "column": 38 }, "end": { "line": 454, "column": 45 } },
        "loc": { "start": { "line": 454, "column": 70 }, "end": { "line": 456, "column": 3 } },
        "line": 454
      },
      "37": {
        "name": "(anonymous_37)",
        "decl": { "start": { "line": 460, "column": 4 }, "end": { "line": 460, "column": 11 } },
        "loc": { "start": { "line": 460, "column": 80 }, "end": { "line": 462, "column": null } },
        "line": 460
      },
      "38": {
        "name": "(anonymous_38)",
        "decl": { "start": { "line": 467, "column": 4 }, "end": { "line": 467, "column": 11 } },
        "loc": { "start": { "line": 467, "column": 80 }, "end": { "line": 469, "column": null } },
        "line": 467
      }
    },
    "branchMap": {
      "0": {
        "loc": { "start": { "line": 30, "column": 2 }, "end": { "line": 30, "column": null } },
        "type": "if",
        "locations": [
          { "start": { "line": 30, "column": 2 }, "end": { "line": 30, "column": null } },
          { "start": {}, "end": {} }
        ],
        "line": 30
      },
      "1": {
        "loc": { "start": { "line": 32, "column": 4 }, "end": { "line": 32, "column": null } },
        "type": "if",
        "locations": [
          { "start": { "line": 32, "column": 4 }, "end": { "line": 32, "column": null } },
          { "start": {}, "end": {} }
        ],
        "line": 32
      },
      "2": {
        "loc": { "start": { "line": 34, "column": 4 }, "end": { "line": 38, "column": null } },
        "type": "if",
        "locations": [
          { "start": { "line": 34, "column": 4 }, "end": { "line": 38, "column": null } },
          { "start": { "line": 36, "column": 11 }, "end": { "line": 38, "column": null } }
        ],
        "line": 34
      },
      "3": {
        "loc": { "start": { "line": 48, "column": 2 }, "end": { "line": 52, "column": null } },
        "type": "if",
        "locations": [
          { "start": { "line": 48, "column": 2 }, "end": { "line": 52, "column": null } },
          { "start": { "line": 50, "column": 9 }, "end": { "line": 52, "column": null } }
        ],
        "line": 48
      },
      "4": {
        "loc": { "start": { "line": 59, "column": 4 }, "end": { "line": 59, "column": null } },
        "type": "if",
        "locations": [
          { "start": { "line": 59, "column": 4 }, "end": { "line": 59, "column": null } },
          { "start": {}, "end": {} }
        ],
        "line": 59
      },
      "5": {
        "loc": { "start": { "line": 68, "column": 2 }, "end": { "line": 68, "column": null } },
        "type": "if",
        "locations": [
          { "start": { "line": 68, "column": 2 }, "end": { "line": 68, "column": null } },
          { "start": {}, "end": {} }
        ],
        "line": 68
      },
      "6": {
        "loc": { "start": { "line": 70, "column": 4 }, "end": { "line": 70, "column": null } },
        "type": "if",
        "locations": [
          { "start": { "line": 70, "column": 4 }, "end": { "line": 70, "column": null } },
          { "start": {}, "end": {} }
        ],
        "line": 70
      },
      "7": {
        "loc": { "start": { "line": 72, "column": 4 }, "end": { "line": 76, "column": null } },
        "type": "if",
        "locations": [
          { "start": { "line": 72, "column": 4 }, "end": { "line": 76, "column": null } },
          { "start": { "line": 74, "column": 11 }, "end": { "line": 76, "column": null } }
        ],
        "line": 72
      },
      "8": {
        "loc": { "start": { "line": 86, "column": 2 }, "end": { "line": 90, "column": null } },
        "type": "if",
        "locations": [
          { "start": { "line": 86, "column": 2 }, "end": { "line": 90, "column": null } },
          { "start": { "line": 88, "column": 9 }, "end": { "line": 90, "column": null } }
        ],
        "line": 86
      },
      "9": {
        "loc": { "start": { "line": 96, "column": 4 }, "end": { "line": 96, "column": null } },
        "type": "if",
        "locations": [
          { "start": { "line": 96, "column": 4 }, "end": { "line": 96, "column": null } },
          { "start": {}, "end": {} }
        ],
        "line": 96
      },
      "10": {
        "loc": { "start": { "line": 104, "column": 2 }, "end": { "line": 110, "column": null } },
        "type": "if",
        "locations": [
          { "start": { "line": 104, "column": 2 }, "end": { "line": 110, "column": null } },
          { "start": {}, "end": {} }
        ],
        "line": 104
      },
      "11": {
        "loc": { "start": { "line": 106, "column": 4 }, "end": { "line": 108, "column": null } },
        "type": "if",
        "locations": [
          { "start": { "line": 106, "column": 4 }, "end": { "line": 108, "column": null } },
          { "start": {}, "end": {} }
        ],
        "line": 106
      },
      "12": {
        "loc": { "start": { "line": 128, "column": 16 }, "end": { "line": 128, "column": null } },
        "type": "binary-expr",
        "locations": [
          { "start": { "line": 128, "column": 16 }, "end": { "line": 128, "column": 33 } },
          { "start": { "line": 128, "column": 33 }, "end": { "line": 128, "column": null } }
        ],
        "line": 128
      },
      "13": {
        "loc": { "start": { "line": 131, "column": 2 }, "end": { "line": 133, "column": null } },
        "type": "if",
        "locations": [
          { "start": { "line": 131, "column": 2 }, "end": { "line": 133, "column": null } },
          { "start": {}, "end": {} }
        ],
        "line": 131
      },
      "14": {
        "loc": { "start": { "line": 161, "column": 13 }, "end": { "line": 161, "column": null } },
        "type": "cond-expr",
        "locations": [
          { "start": { "line": 161, "column": 38 }, "end": { "line": 161, "column": 54 } },
          { "start": { "line": 161, "column": 54 }, "end": { "line": 161, "column": null } }
        ],
        "line": 161
      },
      "15": {
        "loc": { "start": { "line": 198, "column": 4 }, "end": { "line": 198, "column": null } },
        "type": "if",
        "locations": [
          { "start": { "line": 198, "column": 4 }, "end": { "line": 198, "column": null } },
          { "start": {}, "end": {} }
        ],
        "line": 198
      },
      "16": {
        "loc": { "start": { "line": 214, "column": 2 }, "end": { "line": 220, "column": null } },
        "type": "if",
        "locations": [
          { "start": { "line": 214, "column": 2 }, "end": { "line": 220, "column": null } },
          { "start": {}, "end": {} }
        ],
        "line": 214
      },
      "17": {
        "loc": { "start": { "line": 228, "column": 2 }, "end": { "line": 230, "column": null } },
        "type": "if",
        "locations": [
          { "start": { "line": 228, "column": 2 }, "end": { "line": 230, "column": null } },
          { "start": {}, "end": {} }
        ],
        "line": 228
      },
      "18": {
        "loc": { "start": { "line": 228, "column": 6 }, "end": { "line": 228, "column": 56 } },
        "type": "binary-expr",
        "locations": [
          { "start": { "line": 228, "column": 6 }, "end": { "line": 228, "column": 25 } },
          { "start": { "line": 228, "column": 25 }, "end": { "line": 228, "column": 56 } }
        ],
        "line": 228
      },
      "19": {
        "loc": { "start": { "line": 238, "column": 4 }, "end": { "line": 251, "column": null } },
        "type": "if",
        "locations": [
          { "start": { "line": 238, "column": 4 }, "end": { "line": 251, "column": null } },
          { "start": { "line": 244, "column": 4 }, "end": { "line": 251, "column": null } }
        ],
        "line": 238
      },
      "20": {
        "loc": { "start": { "line": 244, "column": 4 }, "end": { "line": 251, "column": null } },
        "type": "if",
        "locations": [
          { "start": { "line": 244, "column": 4 }, "end": { "line": 251, "column": null } },
          { "start": { "line": 249, "column": 11 }, "end": { "line": 251, "column": null } }
        ],
        "line": 244
      },
      "21": {
        "loc": { "start": { "line": 257, "column": 13 }, "end": { "line": 257, "column": null } },
        "type": "cond-expr",
        "locations": [
          { "start": { "line": 257, "column": 38 }, "end": { "line": 257, "column": 54 } },
          { "start": { "line": 257, "column": 54 }, "end": { "line": 257, "column": null } }
        ],
        "line": 257
      },
      "22": {
        "loc": { "start": { "line": 266, "column": 2 }, "end": { "line": 268, "column": null } },
        "type": "if",
        "locations": [
          { "start": { "line": 266, "column": 2 }, "end": { "line": 268, "column": null } },
          { "start": {}, "end": {} }
        ],
        "line": 266
      },
      "23": {
        "loc": { "start": { "line": 276, "column": 13 }, "end": { "line": 276, "column": null } },
        "type": "cond-expr",
        "locations": [
          { "start": { "line": 276, "column": 38 }, "end": { "line": 276, "column": 54 } },
          { "start": { "line": 276, "column": 54 }, "end": { "line": 276, "column": null } }
        ],
        "line": 276
      },
      "24": {
        "loc": { "start": { "line": 294, "column": 2 }, "end": { "line": 300, "column": null } },
        "type": "if",
        "locations": [
          { "start": { "line": 294, "column": 2 }, "end": { "line": 300, "column": null } },
          { "start": {}, "end": {} }
        ],
        "line": 294
      },
      "25": {
        "loc": { "start": { "line": 302, "column": 2 }, "end": { "line": 307, "column": null } },
        "type": "if",
        "locations": [
          { "start": { "line": 302, "column": 2 }, "end": { "line": 307, "column": null } },
          { "start": {}, "end": {} }
        ],
        "line": 302
      },
      "26": {
        "loc": { "start": { "line": 302, "column": 6 }, "end": { "line": 302, "column": 47 } },
        "type": "binary-expr",
        "locations": [
          { "start": { "line": 302, "column": 6 }, "end": { "line": 302, "column": 21 } },
          { "start": { "line": 302, "column": 21 }, "end": { "line": 302, "column": 47 } }
        ],
        "line": 302
      },
      "27": {
        "loc": { "start": { "line": 316, "column": 22 }, "end": { "line": 316, "column": null } },
        "type": "binary-expr",
        "locations": [
          { "start": { "line": 316, "column": 22 }, "end": { "line": 316, "column": 84 } },
          { "start": { "line": 316, "column": 84 }, "end": { "line": 316, "column": null } }
        ],
        "line": 316
      },
      "28": {
        "loc": { "start": { "line": 325, "column": 13 }, "end": { "line": 325, "column": null } },
        "type": "cond-expr",
        "locations": [
          { "start": { "line": 325, "column": 38 }, "end": { "line": 325, "column": 54 } },
          { "start": { "line": 325, "column": 54 }, "end": { "line": 325, "column": null } }
        ],
        "line": 325
      },
      "29": {
        "loc": { "start": { "line": 335, "column": 2 }, "end": { "line": 341, "column": null } },
        "type": "if",
        "locations": [
          { "start": { "line": 335, "column": 2 }, "end": { "line": 341, "column": null } },
          { "start": {}, "end": {} }
        ],
        "line": 335
      },
      "30": {
        "loc": { "start": { "line": 343, "column": 2 }, "end": { "line": 348, "column": null } },
        "type": "if",
        "locations": [
          { "start": { "line": 343, "column": 2 }, "end": { "line": 348, "column": null } },
          { "start": {}, "end": {} }
        ],
        "line": 343
      },
      "31": {
        "loc": { "start": { "line": 343, "column": 6 }, "end": { "line": 343, "column": 47 } },
        "type": "binary-expr",
        "locations": [
          { "start": { "line": 343, "column": 6 }, "end": { "line": 343, "column": 21 } },
          { "start": { "line": 343, "column": 21 }, "end": { "line": 343, "column": 47 } }
        ],
        "line": 343
      },
      "32": {
        "loc": { "start": { "line": 357, "column": 22 }, "end": { "line": 357, "column": null } },
        "type": "binary-expr",
        "locations": [
          { "start": { "line": 357, "column": 22 }, "end": { "line": 357, "column": 84 } },
          { "start": { "line": 357, "column": 84 }, "end": { "line": 357, "column": null } }
        ],
        "line": 357
      },
      "33": {
        "loc": { "start": { "line": 366, "column": 13 }, "end": { "line": 366, "column": null } },
        "type": "cond-expr",
        "locations": [
          { "start": { "line": 366, "column": 38 }, "end": { "line": 366, "column": 54 } },
          { "start": { "line": 366, "column": 54 }, "end": { "line": 366, "column": null } }
        ],
        "line": 366
      },
      "34": {
        "loc": { "start": { "line": 378, "column": 8 }, "end": { "line": 385, "column": null } },
        "type": "if",
        "locations": [
          { "start": { "line": 378, "column": 8 }, "end": { "line": 385, "column": null } },
          { "start": {}, "end": {} }
        ],
        "line": 378
      },
      "35": {
        "loc": { "start": { "line": 388, "column": 17 }, "end": { "line": 388, "column": null } },
        "type": "cond-expr",
        "locations": [
          { "start": { "line": 388, "column": 42 }, "end": { "line": 388, "column": 58 } },
          { "start": { "line": 388, "column": 58 }, "end": { "line": 388, "column": null } }
        ],
        "line": 388
      },
      "36": {
        "loc": { "start": { "line": 401, "column": 15 }, "end": { "line": 401, "column": null } },
        "type": "cond-expr",
        "locations": [
          { "start": { "line": 401, "column": 40 }, "end": { "line": 401, "column": 56 } },
          { "start": { "line": 401, "column": 56 }, "end": { "line": 401, "column": null } }
        ],
        "line": 401
      },
      "37": {
        "loc": { "start": { "line": 413, "column": 15 }, "end": { "line": 413, "column": null } },
        "type": "cond-expr",
        "locations": [
          { "start": { "line": 413, "column": 40 }, "end": { "line": 413, "column": 56 } },
          { "start": { "line": 413, "column": 56 }, "end": { "line": 413, "column": null } }
        ],
        "line": 413
      }
    },
    "s": {
      "0": 1,
      "1": 1,
      "2": 1,
      "3": 1,
      "4": 1,
      "5": 1,
      "6": 5,
      "7": 0,
      "8": 5,
      "9": 5,
      "10": 1,
      "11": 4,
      "12": 4,
      "13": 0,
      "14": 4,
      "15": 4,
      "16": 0,
      "17": 1,
      "18": 1,
      "19": 1,
      "20": 0,
      "21": 1,
      "22": 1,
      "23": 1,
      "24": 37,
      "25": 37,
      "26": 17,
      "27": 37,
      "28": 37,
      "29": 19,
      "30": 13,
      "31": 6,
      "32": 6,
      "33": 5,
      "34": 1,
      "35": 1,
      "36": 0,
      "37": 1,
      "38": 1,
      "39": 0,
      "40": 14,
      "41": 14,
      "42": 14,
      "43": 0,
      "44": 14,
      "45": 14,
      "46": 37,
      "47": 37,
      "48": 18,
      "49": 37,
      "50": 4,
      "51": 4,
      "52": 4,
      "53": 0,
      "54": 4,
      "55": 4,
      "56": 4,
      "57": 3,
      "58": 3,
      "59": 3,
      "60": 4,
      "61": 4,
      "62": 1,
      "63": 3,
      "64": 3,
      "65": 1,
      "66": 1,
      "67": 1,
      "68": 2,
      "69": 2,
      "70": 2,
      "71": 1,
      "72": 1,
      "73": 1,
      "74": 1,
      "75": 37,
      "76": 37,
      "77": 14,
      "78": 14,
      "79": 2,
      "80": 37,
      "81": 37,
      "82": 1,
      "83": 1,
      "84": 1,
      "85": 1,
      "86": 3,
      "87": 3,
      "88": 1,
      "89": 2,
      "90": 2,
      "91": 1,
      "92": 6,
      "93": 6,
      "94": 1,
      "95": 5,
      "96": 5,
      "97": 1,
      "98": 4,
      "99": 4,
      "100": 4,
      "101": 4,
      "102": 2,
      "103": 2,
      "104": 2,
      "105": 1,
      "106": 2,
      "107": 1,
      "108": 1,
      "109": 1,
      "110": 1,
      "111": 1,
      "112": 2,
      "113": 1,
      "114": 3,
      "115": 3,
      "116": 1,
      "117": 2,
      "118": 2,
      "119": 1,
      "120": 1,
      "121": 4,
      "122": 4,
      "123": 4,
      "124": 1,
      "125": 3,
      "126": 1,
      "127": 2,
      "128": 2,
      "129": 1,
      "130": 1,
      "131": 4,
      "132": 4,
      "133": 4,
      "134": 4,
      "135": 4,
      "136": 1,
      "137": 4,
      "138": 4,
      "139": 1,
      "140": 3,
      "141": 1,
      "142": 2,
      "143": 2,
      "144": 1,
      "145": 1,
      "146": 4,
      "147": 4,
      "148": 4,
      "149": 4,
      "150": 4,
      "151": 1,
      "152": 1,
      "153": 0,
      "154": 0,
      "155": 0,
      "156": 0,
      "157": 0,
      "158": 1,
      "159": 0,
      "160": 0,
      "161": 0,
      "162": 0,
      "163": 1,
      "164": 0,
      "165": 0,
      "166": 0,
      "167": 0,
      "168": 1,
      "169": 0,
      "170": 1,
      "171": 0,
      "172": 1,
      "173": 0,
      "174": 1,
      "175": 0,
      "176": 1,
      "177": 0,
      "178": 1,
      "179": 0,
      "180": 1,
      "181": 0,
      "182": 1,
      "183": 0,
      "184": 1,
      "185": 0,
      "186": 1,
      "187": 0,
      "188": 1,
      "189": 0,
      "190": 1,
      "191": 0
    },
    "f": {
      "0": 5,
      "1": 1,
      "2": 37,
      "3": 19,
      "4": 14,
      "5": 37,
      "6": 4,
      "7": 4,
      "8": 1,
      "9": 1,
      "10": 2,
      "11": 1,
      "12": 37,
      "13": 14,
      "14": 2,
      "15": 37,
      "16": 1,
      "17": 3,
      "18": 6,
      "19": 3,
      "20": 4,
      "21": 4,
      "22": 4,
      "23": 1,
      "24": 0,
      "25": 0,
      "26": 0,
      "27": 0,
      "28": 0,
      "29": 0,
      "30": 0,
      "31": 0,
      "32": 0,
      "33": 0,
      "34": 0,
      "35": 0,
      "36": 0,
      "37": 0,
      "38": 0
    },
    "b": {
      "0": [0, 5],
      "1": [1, 4],
      "2": [0, 4],
      "3": [0, 1],
      "4": [17, 20],
      "5": [13, 6],
      "6": [5, 1],
      "7": [0, 1],
      "8": [0, 14],
      "9": [18, 19],
      "10": [4, 0],
      "11": [0, 4],
      "12": [3, 0],
      "13": [1, 3],
      "14": [1, 0],
      "15": [1, 2],
      "16": [1, 5],
      "17": [1, 4],
      "18": [5, 4],
      "19": [2, 2],
      "20": [1, 1],
      "21": [1, 0],
      "22": [1, 2],
      "23": [1, 0],
      "24": [1, 3],
      "25": [1, 2],
      "26": [3, 3],
      "27": [1, 0],
      "28": [1, 0],
      "29": [1, 3],
      "30": [1, 2],
      "31": [3, 3],
      "32": [1, 0],
      "33": [1, 0],
      "34": [0, 0],
      "35": [0, 0],
      "36": [0, 0],
      "37": [0, 0]
    },
    "meta": {
      "lastBranch": 38,
      "lastFunction": 39,
      "lastStatement": 192,
      "seen": {
        "s:21:6:21:Infinity": 0,
        "s:22:6:22:Infinity": 1,
        "s:23:6:23:Infinity": 2,
        "s:25:35:25:Infinity": 3,
        "s:26:34:26:Infinity": 4,
        "s:27:37:27:Infinity": 5,
        "f:29:9:29:37": 0,
        "b:30:2:30:Infinity:undefined:undefined:undefined:undefined": 0,
        "s:30:2:30:Infinity": 6,
        "s:30:20:30:Infinity": 7,
        "s:31:2:42:Infinity": 8,
        "b:32:4:32:Infinity:undefined:undefined:undefined:undefined": 1,
        "s:32:4:32:Infinity": 9,
        "s:32:31:32:Infinity": 10,
        "s:33:10:33:Infinity": 11,
        "b:34:4:38:Infinity:36:11:38:Infinity": 2,
        "s:34:4:38:Infinity": 12,
        "s:35:6:35:Infinity": 13,
        "s:37:6:37:Infinity": 14,
        "s:39:4:39:Infinity": 15,
        "s:41:4:41:Infinity": 16,
        "f:45:9:45:26": 1,
        "s:46:8:46:Infinity": 17,
        "s:47:2:47:Infinity": 18,
        "b:48:2:52:Infinity:50:9:52:Infinity": 3,
        "s:48:2:52:Infinity": 19,
        "s:49:4:49:Infinity": 20,
        "s:51:4:51:Infinity": 21,
        "s:53:2:53:Infinity": 22,
        "s:54:2:54:Infinity": 23,
        "f:57:9:57:34": 2,
        "s:58:2:62:Infinity": 24,
        "b:59:4:59:Infinity:undefined:undefined:undefined:undefined": 4,
        "s:59:4:59:Infinity": 25,
        "s:59:30:59:Infinity": 26,
        "s:63:2:63:Infinity": 27,
        "s:64:2:64:Infinity": 28,
        "f:67:9:67:40": 3,
        "b:68:2:68:Infinity:undefined:undefined:undefined:undefined": 5,
        "s:68:2:68:Infinity": 29,
        "s:68:23:68:Infinity": 30,
        "s:69:2:80:Infinity": 31,
        "b:70:4:70:Infinity:undefined:undefined:undefined:undefined": 6,
        "s:70:4:70:Infinity": 32,
        "s:70:38:70:Infinity": 33,
        "s:71:10:71:Infinity": 34,
        "b:72:4:76:Infinity:74:11:76:Infinity": 7,
        "s:72:4:76:Infinity": 35,
        "s:73:6:73:Infinity": 36,
        "s:75:6:75:Infinity": 37,
        "s:77:4:77:Infinity": 38,
        "s:79:4:79:Infinity": 39,
        "f:83:9:83:29": 4,
        "s:84:8:84:Infinity": 40,
        "s:85:2:85:Infinity": 41,
        "b:86:2:90:Infinity:88:9:90:Infinity": 8,
        "s:86:2:90:Infinity": 42,
        "s:87:4:87:Infinity": 43,
        "s:89:4:89:Infinity": 44,
        "s:91:2:91:Infinity": 45,
        "f:94:9:94:37": 5,
        "s:95:2:99:Infinity": 46,
        "b:96:4:96:Infinity:undefined:undefined:undefined:undefined": 9,
        "s:96:4:96:Infinity": 47,
        "s:96:37:96:Infinity": 48,
        "s:100:2:100:Infinity": 49,
        "f:103:9:103:36": 6,
        "b:104:2:110:Infinity:undefined:undefined:undefined:undefined": 10,
        "s:104:2:110:Infinity": 50,
        "s:105:19:105:Infinity": 51,
        "b:106:4:108:Infinity:undefined:undefined:undefined:undefined": 11,
        "s:106:4:108:Infinity": 52,
        "s:107:6:107:Infinity": 53,
        "s:109:4:109:Infinity": 54,
        "s:111:2:111:Infinity": 55,
        "f:119:22:119:Infinity": 7,
        "s:123:2:123:Infinity": 56,
        "s:125:24:125:Infinity": 57,
        "s:126:35:126:Infinity": 58,
        "s:128:16:128:Infinity": 59,
        "b:128:16:128:33:128:33:128:Infinity": 12,
        "s:129:2:129:Infinity": 60,
        "b:131:2:133:Infinity:undefined:undefined:undefined:undefined": 13,
        "s:131:2:133:Infinity": 61,
        "s:132:4:132:Infinity": 62,
        "s:135:16:135:Infinity": 63,
        "s:137:2:137:Infinity": 64,
        "f:140:22:140:Infinity": 8,
        "s:143:24:143:Infinity": 65,
        "s:144:2:144:Infinity": 66,
        "f:147:22:147:61": 9,
        "s:148:2:148:Infinity": 67,
        "f:151:22:151:39": 10,
        "s:152:2:163:Infinity": 68,
        "s:154:23:154:Infinity": 69,
        "s:155:4:155:Infinity": 70,
        "s:156:4:156:Infinity": 71,
        "s:157:4:157:Infinity": 72,
        "s:159:4:162:Infinity": 73,
        "b:161:38:161:54:161:54:161:Infinity": 14,
        "f:166:16:166:76": 11,
        "s:167:2:167:Infinity": 74,
        "f:170:16:170:56": 12,
        "s:171:2:171:Infinity": 75,
        "s:172:2:172:Infinity": 76,
        "f:175:16:175:36": 13,
        "s:176:2:176:Infinity": 77,
        "s:177:2:177:Infinity": 78,
        "f:180:16:180:79": 14,
        "s:181:2:181:Infinity": 79,
        "f:184:16:184:59": 15,
        "s:185:2:185:Infinity": 80,
        "s:186:2:186:Infinity": 81,
        "f:189:16:189:33": 16,
        "s:190:8:190:Infinity": 82,
        "s:191:2:191:Infinity": 83,
        "s:192:2:192:Infinity": 84,
        "s:193:2:193:Infinity": 85,
        "f:196:16:196:92": 17,
        "s:197:2:203:Infinity": 86,
        "b:198:4:198:Infinity:undefined:undefined:undefined:undefined": 15,
        "s:198:4:198:Infinity": 87,
        "s:198:34:198:Infinity": 88,
        "s:199:10:199:Infinity": 89,
        "s:200:4:200:Infinity": 90,
        "s:202:4:202:Infinity": 91,
        "f:206:22:206:Infinity": 18,
        "s:213:20:213:Infinity": 92,
        "b:214:2:220:Infinity:undefined:undefined:undefined:undefined": 16,
        "s:214:2:220:Infinity": 93,
        "s:215:4:219:Infinity": 94,
        "s:222:17:226:Infinity": 95,
        "b:228:2:230:Infinity:undefined:undefined:undefined:undefined": 17,
        "s:228:2:230:Infinity": 96,
        "b:228:6:228:25:228:25:228:56": 18,
        "s:229:4:229:Infinity": 97,
        "s:232:19:232:Infinity": 98,
        "s:233:8:233:Infinity": 99,
        "s:235:2:259:Infinity": 100,
        "b:238:4:251:Infinity:244:4:251:Infinity": 19,
        "s:238:4:251:Infinity": 101,
        "s:239:12:239:Infinity": 102,
        "s:241:12:241:Infinity": 103,
        "s:242:22:242:Infinity": 104,
        "s:243:6:243:Infinity": 105,
        "b:244:4:251:Infinity:249:11:251:Infinity": 20,
        "s:244:4:251:Infinity": 106,
        "s:245:12:245:Infinity": 107,
        "s:246:12:246:Infinity": 108,
        "s:247:24:247:Infinity": 109,
        "s:248:6:248:Infinity": 110,
        "s:250:6:250:Infinity": 111,
        "s:253:4:253:Infinity": 112,
        "s:255:4:258:Infinity": 113,
        "b:257:38:257:54:257:54:257:Infinity": 21,
        "f:262:22:262:Infinity": 19,
        "s:265:20:265:Infinity": 114,
        "b:266:2:268:Infinity:undefined:undefined:undefined:undefined": 22,
        "s:266:2:268:Infinity": 115,
        "s:267:4:267:Infinity": 116,
        "s:270:2:278:Infinity": 117,
        "s:271:23:271:Infinity": 118,
        "s:272:4:272:Infinity": 119,
        "s:274:4:277:Infinity": 120,
        "b:276:38:276:54:276:54:276:Infinity": 23,
        "f:281:9:281:26": 20,
        "s:282:2:286:Infinity": 121,
        "f:289:22:289:Infinity": 21,
        "s:293:20:293:Infinity": 122,
        "b:294:2:300:Infinity:undefined:undefined:undefined:undefined": 24,
        "s:294:2:300:Infinity": 123,
        "s:295:4:299:Infinity": 124,
        "b:302:2:307:Infinity:undefined:undefined:undefined:undefined": 25,
        "s:302:2:307:Infinity": 125,
        "b:302:6:302:21:302:21:302:47": 26,
        "s:303:4:306:Infinity": 126,
        "s:309:2:327:Infinity": 127,
        "s:310:22:314:Infinity": 128,
        "s:315:25:315:Infinity": 129,
        "s:316:22:316:Infinity": 130,
        "b:316:22:316:84:316:84:316:Infinity": 27,
        "s:317:21:317:Infinity": 131,
        "s:318:10:318:Infinity": 132,
        "s:319:4:319:Infinity": 133,
        "s:320:4:320:Infinity": 134,
        "s:321:4:321:Infinity": 135,
        "s:323:4:326:Infinity": 136,
        "b:325:38:325:54:325:54:325:Infinity": 28,
        "f:330:22:330:Infinity": 22,
        "s:334:20:334:Infinity": 137,
        "b:335:2:341:Infinity:undefined:undefined:undefined:undefined": 29,
        "s:335:2:341:Infinity": 138,
        "s:336:4:340:Infinity": 139,
        "b:343:2:348:Infinity:undefined:undefined:undefined:undefined": 30,
        "s:343:2:348:Infinity": 140,
        "b:343:6:343:21:343:21:343:47": 31,
        "s:344:4:347:Infinity": 141,
        "s:350:2:368:Infinity": 142,
        "s:351:22:355:Infinity": 143,
        "s:356:25:356:Infinity": 144,
        "s:357:22:357:Infinity": 145,
        "b:357:22:357:84:357:84:357:Infinity": 32,
        "s:358:21:358:Infinity": 146,
        "s:359:10:359:Infinity": 147,
        "s:360:4:360:Infinity": 148,
        "s:361:4:361:Infinity": 149,
        "s:362:4:362:Infinity": 150,
        "s:364:4:367:Infinity": 151,
        "b:366:38:366:54:366:54:366:Infinity": 33,
        "f:371:16:371:44": 23,
        "s:372:2:392:Infinity": 152,
        "f:374:4:374:11": 24,
        "s:375:6:390:Infinity": 153,
        "s:376:8:376:Infinity": 154,
        "b:378:8:385:Infinity:undefined:undefined:undefined:undefined": 34,
        "s:378:8:385:Infinity": 155,
        "s:379:10:384:Infinity": 156,
        "s:386:8:389:Infinity": 157,
        "b:388:42:388:58:388:58:388:Infinity": 35,
        "s:394:2:404:Infinity": 158,
        "f:394:36:394:43": 25,
        "s:395:4:403:Infinity": 159,
        "s:396:21:396:Infinity": 160,
        "s:397:6:397:Infinity": 161,
        "s:399:6:402:Infinity": 162,
        "b:401:40:401:56:401:56:401:Infinity": 36,
        "s:406:2:416:Infinity": 163,
        "f:406:30:406:42": 26,
        "s:407:4:415:Infinity": 164,
        "s:408:20:408:Infinity": 165,
        "s:409:6:409:Infinity": 166,
        "s:411:6:414:Infinity": 167,
        "b:413:40:413:56:413:56:413:Infinity": 37,
        "s:418:2:420:Infinity": 168,
        "f:418:42:418:49": 27,
        "s:419:4:419:Infinity": 169,
        "s:422:2:424:Infinity": 170,
        "f:422:48:422:54": 28,
        "s:423:4:423:Infinity": 171,
        "s:426:2:428:Infinity": 172,
        "f:426:44:426:50": 29,
        "s:427:4:427:Infinity": 173,
        "s:430:2:432:Infinity": 174,
        "f:430:45:430:46": 30,
        "s:431:4:431:Infinity": 175,
        "s:434:2:436:Infinity": 176,
        "f:434:51:434:57": 31,
        "s:435:4:435:Infinity": 177,
        "s:438:2:440:Infinity": 178,
        "f:438:47:438:53": 32,
        "s:439:4:439:Infinity": 179,
        "s:442:2:444:Infinity": 180,
        "f:442:32:442:33": 33,
        "s:443:4:443:Infinity": 181,
        "s:446:2:448:Infinity": 182,
        "f:446:32:446:38": 34,
        "s:447:4:447:Infinity": 183,
        "s:450:2:452:Infinity": 184,
        "f:450:37:450:49": 35,
        "s:451:4:451:Infinity": 185,
        "s:454:2:456:Infinity": 186,
        "f:454:38:454:45": 36,
        "s:455:4:455:Infinity": 187,
        "s:458:2:463:Infinity": 188,
        "f:460:4:460:11": 37,
        "s:461:6:461:Infinity": 189,
        "s:465:2:470:Infinity": 190,
        "f:467:4:467:11": 38,
        "s:468:6:468:Infinity": 191
      }
    }
  },
  "C:\\Users\\lukaf\\Desktop\\Dev Work\\My Projects\\Job Search Tool\\apps\\desktop\\src\\renderer\\App.tsx": {
    "path": "C:\\Users\\lukaf\\Desktop\\Dev Work\\My Projects\\Job Search Tool\\apps\\desktop\\src\\renderer\\App.tsx",
    "statementMap": {
      "0": { "start": { "line": 20, "column": 20 }, "end": { "line": 20, "column": null } },
      "1": { "start": { "line": 23, "column": 2 }, "end": { "line": 28, "column": null } },
      "2": { "start": { "line": 24, "column": 17 }, "end": { "line": 24, "column": null } },
      "3": { "start": { "line": 25, "column": 4 }, "end": { "line": 25, "column": null } },
      "4": { "start": { "line": 27, "column": 4 }, "end": { "line": 27, "column": null } },
      "5": { "start": { "line": 32, "column": 2 }, "end": { "line": 32, "column": null } },
      "6": { "start": { "line": 36, "column": 22 }, "end": { "line": 36, "column": null } },
      "7": { "start": { "line": 37, "column": 36 }, "end": { "line": 37, "column": null } },
      "8": { "start": { "line": 38, "column": 36 }, "end": { "line": 38, "column": null } },
      "9": { "start": { "line": 39, "column": 32 }, "end": { "line": 39, "column": null } },
      "10": { "start": { "line": 41, "column": 34 }, "end": { "line": 41, "column": null } },
      "11": { "start": { "line": 43, "column": 35 }, "end": { "line": 43, "column": null } },
      "12": { "start": { "line": 54, "column": 2 }, "end": { "line": 54, "column": null } },
      "13": { "start": { "line": 56, "column": 24 }, "end": { "line": 56, "column": null } },
      "14": { "start": { "line": 56, "column": 53 }, "end": { "line": 56, "column": 65 } },
      "15": { "start": { "line": 59, "column": 2 }, "end": { "line": 61, "column": null } },
      "16": { "start": { "line": 60, "column": 4 }, "end": { "line": 60, "column": null } },
      "17": { "start": { "line": 64, "column": 2 }, "end": { "line": 70, "column": null } },
      "18": { "start": { "line": 65, "column": 4 }, "end": { "line": 69, "column": null } },
      "19": { "start": { "line": 66, "column": 6 }, "end": { "line": 68, "column": null } },
      "20": { "start": { "line": 67, "column": 8 }, "end": { "line": 67, "column": null } },
      "21": { "start": { "line": 72, "column": 8 }, "end": { "line": 77, "column": null } },
      "22": { "start": { "line": 74, "column": 6 }, "end": { "line": 74, "column": null } },
      "23": { "start": { "line": 79, "column": 8 }, "end": { "line": 87, "column": null } },
      "24": { "start": { "line": 80, "column": 4 }, "end": { "line": 86, "column": null } },
      "25": { "start": { "line": 81, "column": 21 }, "end": { "line": 81, "column": null } },
      "26": { "start": { "line": 81, "column": 38 }, "end": { "line": 81, "column": 65 } },
      "27": { "start": { "line": 82, "column": 6 }, "end": { "line": 84, "column": null } },
      "28": { "start": { "line": 83, "column": 8 }, "end": { "line": 83, "column": null } },
      "29": { "start": { "line": 83, "column": 34 }, "end": { "line": 83, "column": 61 } },
      "30": { "start": { "line": 85, "column": 6 }, "end": { "line": 85, "column": null } },
      "31": { "start": { "line": 89, "column": 21 }, "end": { "line": 121, "column": null } },
      "32": { "start": { "line": 90, "column": 4 }, "end": { "line": 120, "column": null } },
      "33": { "start": { "line": 92, "column": 8 }, "end": { "line": 106, "column": null } },
      "34": { "start": { "line": 109, "column": 8 }, "end": { "line": 114, "column": null } },
      "35": { "start": { "line": 117, "column": 8 }, "end": { "line": 117, "column": null } },
      "36": { "start": { "line": 119, "column": 8 }, "end": { "line": 119, "column": null } },
      "37": { "start": { "line": 123, "column": 2 }, "end": { "line": 147, "column": null } },
      "38": { "start": { "line": 125, "column": 37 }, "end": { "line": 125, "column": 67 } },
      "39": { "start": { "line": 131, "column": 23 }, "end": { "line": 131, "column": null } },
      "40": { "start": { "line": 141, "column": 25 }, "end": { "line": 141, "column": null } }
    },
    "fnMap": {
      "0": {
        "name": "loadSavedJobs",
        "decl": { "start": { "line": 22, "column": 9 }, "end": { "line": 22, "column": 42 } },
        "loc": { "start": { "line": 22, "column": 42 }, "end": { "line": 29, "column": null } },
        "line": 22
      },
      "1": {
        "name": "persistSavedJobs",
        "decl": { "start": { "line": 31, "column": 9 }, "end": { "line": 31, "column": 26 } },
        "loc": { "start": { "line": 31, "column": 55 }, "end": { "line": 33, "column": null } },
        "line": 31
      },
      "2": {
        "name": "App",
        "decl": { "start": { "line": 35, "column": 24 }, "end": { "line": 35, "column": 30 } },
        "loc": { "start": { "line": 35, "column": 30 }, "end": { "line": 149, "column": null } },
        "line": 35
      },
      "3": {
        "name": "(anonymous_3)",
        "decl": { "start": { "line": 56, "column": 46 }, "end": { "line": 56, "column": 47 } },
        "loc": { "start": { "line": 56, "column": 53 }, "end": { "line": 56, "column": 65 } },
        "line": 56
      },
      "4": {
        "name": "(anonymous_4)",
        "decl": { "start": { "line": 59, "column": 12 }, "end": { "line": 59, "column": 18 } },
        "loc": { "start": { "line": 59, "column": 18 }, "end": { "line": 61, "column": 5 } },
        "line": 59
      },
      "5": {
        "name": "(anonymous_5)",
        "decl": { "start": { "line": 64, "column": 12 }, "end": { "line": 64, "column": 18 } },
        "loc": { "start": { "line": 64, "column": 18 }, "end": { "line": 70, "column": 5 } },
        "line": 64
      },
      "6": {
        "name": "(anonymous_6)",
        "decl": { "start": { "line": 65, "column": 41 }, "end": { "line": 65, "column": 42 } },
        "loc": { "start": { "line": 65, "column": 53 }, "end": { "line": 69, "column": 5 } },
        "line": 65
      },
      "7": {
        "name": "(anonymous_7)",
        "decl": { "start": { "line": 73, "column": 4 }, "end": { "line": 73, "column": 5 } },
        "loc": { "start": { "line": 73, "column": 59 }, "end": { "line": 75, "column": null } },
        "line": 73
      },
      "8": {
        "name": "(anonymous_8)",
        "decl": { "start": { "line": 79, "column": 37 }, "end": { "line": 79, "column": 38 } },
        "loc": { "start": { "line": 79, "column": 57 }, "end": { "line": 87, "column": 5 } },
        "line": 79
      },
      "9": {
        "name": "(anonymous_9)",
        "decl": { "start": { "line": 80, "column": 17 }, "end": { "line": 80, "column": 18 } },
        "loc": { "start": { "line": 80, "column": 27 }, "end": { "line": 86, "column": 5 } },
        "line": 80
      },
      "10": {
        "name": "(anonymous_10)",
        "decl": { "start": { "line": 81, "column": 31 }, "end": { "line": 81, "column": 32 } },
        "loc": { "start": { "line": 81, "column": 38 }, "end": { "line": 81, "column": 65 } },
        "line": 81
      },
      "11": {
        "name": "(anonymous_11)",
        "decl": { "start": { "line": 83, "column": 27 }, "end": { "line": 83, "column": 28 } },
        "loc": { "start": { "line": 83, "column": 34 }, "end": { "line": 83, "column": 61 } },
        "line": 83
      },
      "12": {
        "name": "(anonymous_12)",
        "decl": { "start": { "line": 89, "column": 21 }, "end": { "line": 89, "column": 27 } },
        "loc": { "start": { "line": 89, "column": 27 }, "end": { "line": 121, "column": null } },
        "line": 89
      },
      "13": {
        "name": "(anonymous_13)",
        "decl": { "start": { "line": 125, "column": 31 }, "end": { "line": 125, "column": 37 } },
        "loc": { "start": { "line": 125, "column": 37 }, "end": { "line": 125, "column": 67 } },
        "line": 125
      },
      "14": {
        "name": "(anonymous_14)",
        "decl": { "start": { "line": 131, "column": 17 }, "end": { "line": 131, "column": 23 } },
        "loc": { "start": { "line": 131, "column": 23 }, "end": { "line": 131, "column": null } },
        "line": 131
      },
      "15": {
        "name": "(anonymous_15)",
        "decl": { "start": { "line": 141, "column": 19 }, "end": { "line": 141, "column": 25 } },
        "loc": { "start": { "line": 141, "column": 25 }, "end": { "line": 141, "column": null } },
        "line": 141
      }
    },
    "branchMap": {
      "0": {
        "loc": { "start": { "line": 25, "column": 11 }, "end": { "line": 25, "column": null } },
        "type": "cond-expr",
        "locations": [
          { "start": { "line": 25, "column": 18 }, "end": { "line": 25, "column": 37 } },
          { "start": { "line": 25, "column": 37 }, "end": { "line": 25, "column": null } }
        ],
        "line": 25
      },
      "1": {
        "loc": { "start": { "line": 66, "column": 6 }, "end": { "line": 68, "column": null } },
        "type": "if",
        "locations": [
          { "start": { "line": 66, "column": 6 }, "end": { "line": 68, "column": null } },
          { "start": {}, "end": {} }
        ],
        "line": 66
      },
      "2": {
        "loc": { "start": { "line": 66, "column": 10 }, "end": { "line": 66, "column": 41 } },
        "type": "binary-expr",
        "locations": [
          { "start": { "line": 66, "column": 10 }, "end": { "line": 66, "column": 28 } },
          { "start": { "line": 66, "column": 28 }, "end": { "line": 66, "column": 41 } }
        ],
        "line": 66
      },
      "3": {
        "loc": { "start": { "line": 82, "column": 6 }, "end": { "line": 84, "column": null } },
        "type": "if",
        "locations": [
          { "start": { "line": 82, "column": 6 }, "end": { "line": 84, "column": null } },
          { "start": {}, "end": {} }
        ],
        "line": 82
      },
      "4": {
        "loc": { "start": { "line": 90, "column": 4 }, "end": { "line": 120, "column": null } },
        "type": "switch",
        "locations": [
          { "start": { "line": 91, "column": 6 }, "end": { "line": 106, "column": null } },
          { "start": { "line": 108, "column": 6 }, "end": { "line": 114, "column": null } },
          { "start": { "line": 116, "column": 6 }, "end": { "line": 117, "column": null } },
          { "start": { "line": 118, "column": 6 }, "end": { "line": 119, "column": null } }
        ],
        "line": 90
      },
      "5": {
        "loc": { "start": { "line": 138, "column": 7 }, "end": { "line": 145, "column": null } },
        "type": "binary-expr",
        "locations": [
          { "start": { "line": 138, "column": 7 }, "end": { "line": 138, "column": null } },
          { "start": { "line": 139, "column": 8 }, "end": { "line": 145, "column": null } }
        ],
        "line": 138
      }
    },
    "s": {
      "0": 1,
      "1": 10,
      "2": 10,
      "3": 10,
      "4": 0,
      "5": 13,
      "6": 29,
      "7": 29,
      "8": 29,
      "9": 29,
      "10": 29,
      "11": 29,
      "12": 29,
      "13": 29,
      "14": 2,
      "15": 29,
      "16": 13,
      "17": 29,
      "18": 13,
      "19": 13,
      "20": 1,
      "21": 29,
      "22": 4,
      "23": 29,
      "24": 3,
      "25": 3,
      "26": 1,
      "27": 3,
      "28": 1,
      "29": 1,
      "30": 2,
      "31": 29,
      "32": 29,
      "33": 26,
      "34": 1,
      "35": 1,
      "36": 1,
      "37": 29,
      "38": 4,
      "39": 3,
      "40": 0
    },
    "f": {
      "0": 10,
      "1": 13,
      "2": 29,
      "3": 2,
      "4": 13,
      "5": 13,
      "6": 13,
      "7": 4,
      "8": 3,
      "9": 3,
      "10": 1,
      "11": 1,
      "12": 29,
      "13": 4,
      "14": 3,
      "15": 0
    },
    "b": {
      "0": [0, 10],
      "1": [1, 12],
      "2": [13, 13],
      "3": [1, 2],
      "4": [26, 1, 1, 1],
      "5": [29, 0]
    },
    "meta": {
      "lastBranch": 6,
      "lastFunction": 16,
      "lastStatement": 41,
      "seen": {
        "s:20:20:20:Infinity": 0,
        "f:22:9:22:42": 0,
        "s:23:2:28:Infinity": 1,
        "s:24:17:24:Infinity": 2,
        "s:25:4:25:Infinity": 3,
        "b:25:18:25:37:25:37:25:Infinity": 0,
        "s:27:4:27:Infinity": 4,
        "f:31:9:31:26": 1,
        "s:32:2:32:Infinity": 5,
        "f:35:24:35:30": 2,
        "s:36:22:36:Infinity": 6,
        "s:37:36:37:Infinity": 7,
        "s:38:36:38:Infinity": 8,
        "s:39:32:39:Infinity": 9,
        "s:41:34:41:Infinity": 10,
        "s:43:35:43:Infinity": 11,
        "s:54:2:54:Infinity": 12,
        "s:56:24:56:Infinity": 13,
        "f:56:46:56:47": 3,
        "s:56:53:56:65": 14,
        "s:59:2:61:Infinity": 15,
        "f:59:12:59:18": 4,
        "s:60:4:60:Infinity": 16,
        "s:64:2:70:Infinity": 17,
        "f:64:12:64:18": 5,
        "s:65:4:69:Infinity": 18,
        "f:65:41:65:42": 6,
        "b:66:6:68:Infinity:undefined:undefined:undefined:undefined": 1,
        "s:66:6:68:Infinity": 19,
        "b:66:10:66:28:66:28:66:41": 2,
        "s:67:8:67:Infinity": 20,
        "s:72:8:77:Infinity": 21,
        "f:73:4:73:5": 7,
        "s:74:6:74:Infinity": 22,
        "s:79:8:87:Infinity": 23,
        "f:79:37:79:38": 8,
        "s:80:4:86:Infinity": 24,
        "f:80:17:80:18": 9,
        "s:81:21:81:Infinity": 25,
        "f:81:31:81:32": 10,
        "s:81:38:81:65": 26,
        "b:82:6:84:Infinity:undefined:undefined:undefined:undefined": 3,
        "s:82:6:84:Infinity": 27,
        "s:83:8:83:Infinity": 28,
        "f:83:27:83:28": 11,
        "s:83:34:83:61": 29,
        "s:85:6:85:Infinity": 30,
        "s:89:21:121:Infinity": 31,
        "f:89:21:89:27": 12,
        "b:91:6:106:Infinity:108:6:114:Infinity:116:6:117:Infinity:118:6:119:Infinity": 4,
        "s:90:4:120:Infinity": 32,
        "s:92:8:106:Infinity": 33,
        "s:109:8:114:Infinity": 34,
        "s:117:8:117:Infinity": 35,
        "s:119:8:119:Infinity": 36,
        "s:123:2:147:Infinity": 37,
        "f:125:31:125:37": 13,
        "s:125:37:125:67": 38,
        "f:131:17:131:23": 14,
        "s:131:23:131:Infinity": 39,
        "b:138:7:138:Infinity:139:8:145:Infinity": 5,
        "f:141:19:141:25": 15,
        "s:141:25:141:Infinity": 40
      }
    }
  },
  "C:\\Users\\lukaf\\Desktop\\Dev Work\\My Projects\\Job Search Tool\\apps\\desktop\\src\\renderer\\main.tsx": {
    "path": "C:\\Users\\lukaf\\Desktop\\Dev Work\\My Projects\\Job Search Tool\\apps\\desktop\\src\\renderer\\main.tsx",
    "statementMap": {
      "0": { "start": { "line": 6, "column": 0 }, "end": { "line": 10, "column": null } }
    },
    "fnMap": {},
    "branchMap": {},
    "s": { "0": 0 },
    "f": {},
    "b": {},
    "meta": {
      "lastBranch": 0,
      "lastFunction": 0,
      "lastStatement": 1,
      "seen": { "s:6:0:10:Infinity": 0 }
    }
  },
  "C:\\Users\\lukaf\\Desktop\\Dev Work\\My Projects\\Job Search Tool\\apps\\desktop\\src\\renderer\\components\\Header.tsx": {
    "path": "C:\\Users\\lukaf\\Desktop\\Dev Work\\My Projects\\Job Search Tool\\apps\\desktop\\src\\renderer\\components\\Header.tsx",
    "statementMap": {
      "0": { "start": { "line": 6, "column": 2 }, "end": { "line": 34, "column": null } }
    },
    "fnMap": {
      "0": {
        "name": "Header",
        "decl": { "start": { "line": 5, "column": 16 }, "end": { "line": 5, "column": 23 } },
        "loc": { "start": { "line": 5, "column": 57 }, "end": { "line": 36, "column": null } },
        "line": 5
      }
    },
    "branchMap": {},
    "s": { "0": 33 },
    "f": { "0": 33 },
    "b": {},
    "meta": {
      "lastBranch": 0,
      "lastFunction": 1,
      "lastStatement": 1,
      "seen": { "f:5:16:5:23": 0, "s:6:2:34:Infinity": 0 }
    }
  },
  "C:\\Users\\lukaf\\Desktop\\Dev Work\\My Projects\\Job Search Tool\\apps\\desktop\\src\\renderer\\components\\JobCard.tsx": {
    "path": "C:\\Users\\lukaf\\Desktop\\Dev Work\\My Projects\\Job Search Tool\\apps\\desktop\\src\\renderer\\components\\JobCard.tsx",
    "statementMap": {
      "0": { "start": { "line": 11, "column": 2 }, "end": { "line": 11, "column": null } },
      "1": { "start": { "line": 11, "column": 64 }, "end": { "line": 11, "column": null } },
      "2": { "start": { "line": 12, "column": 19 }, "end": { "line": 12, "column": null } },
      "3": { "start": { "line": 13, "column": 17 }, "end": { "line": 13, "column": null } },
      "4": { "start": { "line": 14, "column": 14 }, "end": { "line": 14, "column": null } },
      "5": { "start": { "line": 15, "column": 14 }, "end": { "line": 15, "column": null } },
      "6": { "start": { "line": 16, "column": 22 }, "end": { "line": 16, "column": null } },
      "7": { "start": { "line": 17, "column": 2 }, "end": { "line": 17, "column": null } },
      "8": { "start": { "line": 21, "column": 17 }, "end": { "line": 21, "column": null } },
      "9": { "start": { "line": 22, "column": 19 }, "end": { "line": 22, "column": null } },
      "10": { "start": { "line": 23, "column": 2 }, "end": { "line": 23, "column": null } },
      "11": { "start": { "line": 23, "column": 22 }, "end": { "line": 23, "column": null } },
      "12": { "start": { "line": 24, "column": 2 }, "end": { "line": 24, "column": null } },
      "13": { "start": { "line": 24, "column": 22 }, "end": { "line": 24, "column": null } },
      "14": { "start": { "line": 25, "column": 2 }, "end": { "line": 25, "column": null } },
      "15": { "start": { "line": 25, "column": 20 }, "end": { "line": 25, "column": null } },
      "16": { "start": { "line": 26, "column": 2 }, "end": { "line": 26, "column": null } },
      "17": { "start": { "line": 26, "column": 21 }, "end": { "line": 26, "column": null } },
      "18": { "start": { "line": 27, "column": 2 }, "end": { "line": 27, "column": null } },
      "19": { "start": { "line": 31, "column": 17 }, "end": { "line": 31, "column": null } },
      "20": { "start": { "line": 33, "column": 2 }, "end": { "line": 114, "column": null } },
      "21": { "start": { "line": 36, "column": 21 }, "end": { "line": 36, "column": null } },
      "22": { "start": { "line": 47, "column": 17 }, "end": { "line": 47, "column": null } },
      "23": { "start": { "line": 90, "column": 14 }, "end": { "line": 90, "column": null } },
      "24": { "start": { "line": 91, "column": 14 }, "end": { "line": 91, "column": null } },
      "25": { "start": { "line": 107, "column": 28 }, "end": { "line": 107, "column": null } }
    },
    "fnMap": {
      "0": {
        "name": "formatSalary",
        "decl": { "start": { "line": 10, "column": 9 }, "end": { "line": 10, "column": 22 } },
        "loc": { "start": { "line": 10, "column": 53 }, "end": { "line": 18, "column": null } },
        "line": 10
      },
      "1": {
        "name": "timeAgo",
        "decl": { "start": { "line": 20, "column": 9 }, "end": { "line": 20, "column": 17 } },
        "loc": { "start": { "line": 20, "column": 42 }, "end": { "line": 28, "column": null } },
        "line": 20
      },
      "2": {
        "name": "JobCard",
        "decl": { "start": { "line": 30, "column": 16 }, "end": { "line": 30, "column": 24 } },
        "loc": { "start": { "line": 30, "column": 83 }, "end": { "line": 116, "column": null } },
        "line": 30
      },
      "3": {
        "name": "(anonymous_3)",
        "decl": { "start": { "line": 36, "column": 15 }, "end": { "line": 36, "column": 21 } },
        "loc": { "start": { "line": 36, "column": 21 }, "end": { "line": 36, "column": null } },
        "line": 36
      },
      "4": {
        "name": "(anonymous_4)",
        "decl": { "start": { "line": 46, "column": 23 }, "end": { "line": 46, "column": 24 } },
        "loc": { "start": { "line": 46, "column": 30 }, "end": { "line": 48, "column": null } },
        "line": 46
      },
      "5": {
        "name": "(anonymous_5)",
        "decl": { "start": { "line": 89, "column": 21 }, "end": { "line": 89, "column": 22 } },
        "loc": { "start": { "line": 89, "column": 28 }, "end": { "line": 92, "column": null } },
        "line": 89
      },
      "6": {
        "name": "(anonymous_6)",
        "decl": { "start": { "line": 107, "column": 21 }, "end": { "line": 107, "column": 22 } },
        "loc": { "start": { "line": 107, "column": 28 }, "end": { "line": 107, "column": null } },
        "line": 107
      }
    },
    "branchMap": {
      "0": {
        "loc": { "start": { "line": 11, "column": 2 }, "end": { "line": 11, "column": null } },
        "type": "if",
        "locations": [
          { "start": { "line": 11, "column": 2 }, "end": { "line": 11, "column": null } },
          { "start": {}, "end": {} }
        ],
        "line": 11
      },
      "1": {
        "loc": { "start": { "line": 11, "column": 6 }, "end": { "line": 11, "column": 64 } },
        "type": "binary-expr",
        "locations": [
          { "start": { "line": 11, "column": 6 }, "end": { "line": 11, "column": 36 } },
          { "start": { "line": 11, "column": 36 }, "end": { "line": 11, "column": 64 } }
        ],
        "line": 11
      },
      "2": {
        "loc": { "start": { "line": 12, "column": 19 }, "end": { "line": 12, "column": null } },
        "type": "binary-expr",
        "locations": [
          { "start": { "line": 12, "column": 19 }, "end": { "line": 12, "column": 46 } },
          { "start": { "line": 12, "column": 46 }, "end": { "line": 12, "column": null } }
        ],
        "line": 12
      },
      "3": {
        "loc": { "start": { "line": 13, "column": 17 }, "end": { "line": 13, "column": null } },
        "type": "binary-expr",
        "locations": [
          { "start": { "line": 13, "column": 17 }, "end": { "line": 13, "column": 42 } },
          { "start": { "line": 13, "column": 42 }, "end": { "line": 13, "column": null } }
        ],
        "line": 13
      },
      "4": {
        "loc": { "start": { "line": 14, "column": 14 }, "end": { "line": 14, "column": null } },
        "type": "binary-expr",
        "locations": [
          { "start": { "line": 14, "column": 14 }, "end": { "line": 14, "column": 54 } },
          { "start": { "line": 14, "column": 54 }, "end": { "line": 14, "column": null } }
        ],
        "line": 14
      },
      "5": {
[...]
      "3": { "start": { "line": 19, "column": 26 }, "end": { "line": 19, "column": null } },
      "4": { "start": { "line": 20, "column": 24 }, "end": { "line": 20, "column": null } },
      "5": { "start": { "line": 21, "column": 30 }, "end": { "line": 21, "column": null } },
      "6": { "start": { "line": 24, "column": 2 }, "end": { "line": 34, "column": null } },
      "7": { "start": { "line": 25, "column": 4 }, "end": { "line": 33, "column": null } },
      "8": { "start": { "line": 26, "column": 6 }, "end": { "line": 31, "column": null } },
      "9": { "start": { "line": 27, "column": 27 }, "end": { "line": 27, "column": null } },
      "10": { "start": { "line": 28, "column": 8 }, "end": { "line": 28, "column": null } },
      "11": { "start": { "line": 29, "column": 8 }, "end": { "line": 29, "column": null } },
      "12": { "start": { "line": 30, "column": 8 }, "end": { "line": 30, "column": null } },
      "13": { "start": { "line": 32, "column": 6 }, "end": { "line": 32, "column": null } },
      "14": { "start": { "line": 37, "column": 8 }, "end": { "line": 43, "column": null } },
      "15": { "start": { "line": 38, "column": 4 }, "end": { "line": 41, "column": null } },
      "16": { "start": { "line": 39, "column": 19 }, "end": { "line": 39, "column": null } },
      "17": { "start": { "line": 40, "column": 6 }, "end": { "line": 40, "column": null } },
      "18": { "start": { "line": 42, "column": 4 }, "end": { "line": 42, "column": null } },
      "19": { "start": { "line": 46, "column": 8 }, "end": { "line": 53, "column": null } },
      "20": { "start": { "line": 47, "column": 4 }, "end": { "line": 47, "column": null } },
      "21": { "start": { "line": 48, "column": 4 }, "end": { "line": 48, "column": null } },
      "22": { "start": { "line": 49, "column": 4 }, "end": { "line": 49, "column": null } },
      "23": { "start": { "line": 50, "column": 4 }, "end": { "line": 50, "column": null } },
      "24": { "start": { "line": 51, "column": 4 }, "end": { "line": 51, "column": null } },
      "25": { "start": { "line": 52, "column": 4 }, "end": { "line": 52, "column": null } },
      "26": { "start": { "line": 56, "column": 8 }, "end": { "line": 59, "column": null } },
      "27": { "start": { "line": 57, "column": 4 }, "end": { "line": 57, "column": null } },
      "28": { "start": { "line": 58, "column": 4 }, "end": { "line": 58, "column": null } },
      "29": { "start": { "line": 62, "column": 8 }, "end": { "line": 93, "column": null } },
      "30": { "start": { "line": 63, "column": 4 }, "end": { "line": 91, "column": null } },
      "31": { "start": { "line": 64, "column": 33 }, "end": { "line": 64, "column": null } },
      "32": { "start": { "line": 66, "column": 6 }, "end": { "line": 73, "column": null } },
      "33": { "start": { "line": 67, "column": 8 }, "end": { "line": 67, "column": null } },
      "34": { "start": { "line": 68, "column": 8 }, "end": { "line": 72, "column": null } },
      "35": { "start": { "line": 69, "column": 10 }, "end": { "line": 71, "column": null } },
      "36": { "start": { "line": 70, "column": 13 }, "end": { "line": 70, "column": null } },
      "37": { "start": { "line": 75, "column": 6 }, "end": { "line": 77, "column": null } },
      "38": { "start": { "line": 76, "column": 8 }, "end": { "line": 76, "column": null } },
      "39": { "start": { "line": 78, "column": 6 }, "end": { "line": 80, "column": null } },
      "40": { "start": { "line": 79, "column": 8 }, "end": { "line": 79, "column": null } },
      "41": { "start": { "line": 81, "column": 6 }, "end": { "line": 85, "column": null } },
      "42": { "start": { "line": 82, "column": 30 }, "end": { "line": 82, "column": null } },
      "43": { "start": { "line": 82, "column": 61 }, "end": { "line": 82, "column": 76 } },
      "44": { "start": { "line": 83, "column": 26 }, "end": { "line": 83, "column": null } },
      "45": { "start": { "line": 83, "column": 52 }, "end": { "line": 83, "column": 87 } },
      "46": { "start": { "line": 84, "column": 8 }, "end": { "line": 84, "column": null } },
      "47": { "start": { "line": 86, "column": 6 }, "end": { "line": 88, "column": null } },
      "48": { "start": { "line": 87, "column": 8 }, "end": { "line": 87, "column": null } },
      "49": { "start": { "line": 90, "column": 6 }, "end": { "line": 90, "column": null } },
      "50": { "start": { "line": 92, "column": 4 }, "end": { "line": 92, "column": null } },
      "51": { "start": { "line": 95, "column": 2 }, "end": { "line": 95, "column": null } }
    },
    "fnMap": {
      "0": {
        "name": "useResume",
        "decl": { "start": { "line": 15, "column": 16 }, "end": { "line": 15, "column": 28 } },
        "loc": { "start": { "line": 15, "column": 28 }, "end": { "line": 96, "column": null } },
        "line": 15
      },
      "1": {
        "name": "(anonymous_1)",
        "decl": { "start": { "line": 24, "column": 12 }, "end": { "line": 24, "column": 18 } },
        "loc": { "start": { "line": 24, "column": 18 }, "end": { "line": 34, "column": 5 } },
        "line": 24
      },
      "2": {
        "name": "(anonymous_2)",
        "decl": { "start": { "line": 25, "column": 41 }, "end": { "line": 25, "column": 42 } },
        "loc": { "start": { "line": 25, "column": 53 }, "end": { "line": 33, "column": 5 } },
        "line": 25
      },
      "3": {
        "name": "(anonymous_3)",
        "decl": { "start": { "line": 37, "column": 35 }, "end": { "line": 37, "column": 36 } },
        "loc": { "start": { "line": 37, "column": 97 }, "end": { "line": 43, "column": 5 } },
        "line": 37
      },
      "4": {
        "name": "(anonymous_4)",
        "decl": { "start": { "line": 38, "column": 14 }, "end": { "line": 38, "column": 15 } },
        "loc": { "start": { "line": 38, "column": 24 }, "end": { "line": 41, "column": 5 } },
        "line": 38
      },
      "5": {
        "name": "(anonymous_5)",
        "decl": { "start": { "line": 46, "column": 27 }, "end": { "line": 46, "column": 39 } },
        "loc": { "start": { "line": 46, "column": 39 }, "end": { "line": 53, "column": 5 } },
        "line": 46
      },
      "6": {
        "name": "(anonymous_6)",
        "decl": { "start": { "line": 56, "column": 28 }, "end": { "line": 56, "column": 34 } },
        "loc": { "start": { "line": 56, "column": 34 }, "end": { "line": 59, "column": 5 } },
        "line": 56
      },
      "7": {
        "name": "(anonymous_7)",
        "decl": { "start": { "line": 62, "column": 35 }, "end": { "line": 62, "column": 36 } },
        "loc": { "start": { "line": 62, "column": 66 }, "end": { "line": 93, "column": 5 } },
        "line": 62
      },
      "8": {
        "name": "(anonymous_8)",
        "decl": { "start": { "line": 63, "column": 14 }, "end": { "line": 63, "column": 15 } },
        "loc": { "start": { "line": 63, "column": 24 }, "end": { "line": 91, "column": 5 } },
        "line": 63
      },
      "9": {
        "name": "(anonymous_9)",
        "decl": { "start": { "line": 82, "column": 54 }, "end": { "line": 82, "column": 55 } },
        "loc": { "start": { "line": 82, "column": 61 }, "end": { "line": 82, "column": 76 } },
        "line": 82
      },
      "10": {
        "name": "(anonymous_10)",
        "decl": { "start": { "line": 83, "column": 45 }, "end": { "line": 83, "column": 46 } },
        "loc": { "start": { "line": 83, "column": 52 }, "end": { "line": 83, "column": 87 } },
        "line": 83
      }
    },
    "branchMap": {
      "0": {
        "loc": { "start": { "line": 26, "column": 6 }, "end": { "line": 31, "column": null } },
        "type": "if",
        "locations": [
          { "start": { "line": 26, "column": 6 }, "end": { "line": 31, "column": null } },
          { "start": {}, "end": {} }
        ],
        "line": 26
      },
      "1": {
        "loc": { "start": { "line": 39, "column": 19 }, "end": { "line": 39, "column": null } },
        "type": "cond-expr",
        "locations": [
          { "start": { "line": 39, "column": 51 }, "end": { "line": 39, "column": 67 } },
          { "start": { "line": 39, "column": 67 }, "end": { "line": 39, "column": null } }
        ],
        "line": 39
      },
      "2": {
        "loc": { "start": { "line": 66, "column": 6 }, "end": { "line": 73, "column": null } },
        "type": "if",
        "locations": [
          { "start": { "line": 66, "column": 6 }, "end": { "line": 73, "column": null } },
          { "start": {}, "end": {} }
        ],
        "line": 66
      },
      "3": {
        "loc": { "start": { "line": 69, "column": 10 }, "end": { "line": 71, "column": null } },
        "type": "if",
        "locations": [
          { "start": { "line": 69, "column": 10 }, "end": { "line": 71, "column": null } },
          { "start": {}, "end": {} }
        ],
        "line": 69
      },
      "4": {
        "loc": { "start": { "line": 75, "column": 6 }, "end": { "line": 77, "column": null } },
        "type": "if",
        "locations": [
          { "start": { "line": 75, "column": 6 }, "end": { "line": 77, "column": null } },
          { "start": {}, "end": {} }
        ],
        "line": 75
      },
      "5": {
        "loc": { "start": { "line": 78, "column": 6 }, "end": { "line": 80, "column": null } },
        "type": "if",
        "locations": [
          { "start": { "line": 78, "column": 6 }, "end": { "line": 80, "column": null } },
          { "start": {}, "end": {} }
        ],
        "line": 78
      },
      "6": {
        "loc": { "start": { "line": 81, "column": 6 }, "end": { "line": 85, "column": null } },
        "type": "if",
        "locations": [
          { "start": { "line": 81, "column": 6 }, "end": { "line": 85, "column": null } },
          { "start": {}, "end": {} }
        ],
        "line": 81
      },
      "7": {
        "loc": { "start": { "line": 86, "column": 6 }, "end": { "line": 88, "column": null } },
        "type": "if",
        "locations": [
          { "start": { "line": 86, "column": 6 }, "end": { "line": 88, "column": null } },
          { "start": {}, "end": {} }
        ],
        "line": 86
      }
    },
    "s": {
      "0": 193,
      "1": 193,
      "2": 193,
      "3": 193,
      "4": 193,
      "5": 193,
      "6": 193,
      "7": 53,
      "8": 52,
      "9": 2,
      "10": 2,
      "11": 2,
      "12": 2,
      "13": 52,
      "14": 193,
      "15": 53,
      "16": 53,
      "17": 53,
      "18": 53,
      "19": 193,
      "20": 3,
      "21": 3,
      "22": 3,
      "23": 3,
      "24": 3,
      "25": 3,
      "26": 193,
      "27": 1,
      "28": 1,
      "29": 193,
      "30": 2,
      "31": 2,
      "32": 2,
      "33": 1,
      "34": 1,
      "35": 2,
      "36": 2,
      "37": 2,
      "38": 0,
      "39": 2,
      "40": 0,
      "41": 2,
      "42": 0,
      "43": 0,
      "44": 0,
      "45": 0,
      "46": 0,
      "47": 2,
      "48": 0,
      "49": 2,
      "50": 2,
      "51": 193
    },
    "f": {
      "0": 193,
      "1": 53,
      "2": 52,
      "3": 53,
      "4": 53,
      "5": 3,
      "6": 1,
      "7": 2,
      "8": 2,
      "9": 0,
      "10": 0
    },
    "b": {
      "0": [2, 50],
      "1": [53, 0],
      "2": [1, 1],
      "3": [2, 0],
      "4": [0, 2],
      "5": [0, 2],
      "6": [0, 2],
      "7": [0, 2]
    },
    "meta": {
      "lastBranch": 8,
      "lastFunction": 11,
      "lastStatement": 52,
      "seen": {
        "f:15:16:15:28": 0,
        "s:16:26:16:Infinity": 0,
        "s:17:36:17:Infinity": 1,
        "s:18:26:18:Infinity": 2,
        "s:19:26:19:Infinity": 3,
        "s:20:24:20:Infinity": 4,
        "s:21:30:21:Infinity": 5,
        "s:24:2:34:Infinity": 6,
        "f:24:12:24:18": 1,
        "s:25:4:33:Infinity": 7,
        "f:25:41:25:42": 2,
        "b:26:6:31:Infinity:undefined:undefined:undefined:undefined": 0,
        "s:26:6:31:Infinity": 8,
        "s:27:27:27:Infinity": 9,
        "s:28:8:28:Infinity": 10,
        "s:29:8:29:Infinity": 11,
        "s:30:8:30:Infinity": 12,
        "s:32:6:32:Infinity": 13,
        "s:37:8:43:Infinity": 14,
        "f:37:35:37:36": 3,
        "s:38:4:41:Infinity": 15,
        "f:38:14:38:15": 4,
        "s:39:19:39:Infinity": 16,
        "b:39:51:39:67:39:67:39:Infinity": 1,
        "s:40:6:40:Infinity": 17,
        "s:42:4:42:Infinity": 18,
        "s:46:8:53:Infinity": 19,
        "f:46:27:46:39": 5,
        "s:47:4:47:Infinity": 20,
        "s:48:4:48:Infinity": 21,
        "s:49:4:49:Infinity": 22,
        "s:50:4:50:Infinity": 23,
        "s:51:4:51:Infinity": 24,
        "s:52:4:52:Infinity": 25,
        "s:56:8:59:Infinity": 26,
        "f:56:28:56:34": 6,
        "s:57:4:57:Infinity": 27,
        "s:58:4:58:Infinity": 28,
        "s:62:8:93:Infinity": 29,
        "f:62:35:62:36": 7,
        "s:63:4:91:Infinity": 30,
        "f:63:14:63:15": 8,
        "s:64:33:64:Infinity": 31,
        "b:66:6:73:Infinity:undefined:undefined:undefined:undefined": 2,
        "s:66:6:73:Infinity": 32,
        "s:67:8:67:Infinity": 33,
        "s:68:8:72:Infinity": 34,
        "b:69:10:71:Infinity:undefined:undefined:undefined:undefined": 3,
        "s:69:10:71:Infinity": 35,
        "s:70:13:70:Infinity": 36,
        "b:75:6:77:Infinity:undefined:undefined:undefined:undefined": 4,
        "s:75:6:77:Infinity": 37,
        "s:76:8:76:Infinity": 38,
        "b:78:6:80:Infinity:undefined:undefined:undefined:undefined": 5,
        "s:78:6:80:Infinity": 39,
        "s:79:8:79:Infinity": 40,
        "b:81:6:85:Infinity:undefined:undefined:undefined:undefined": 6,
        "s:81:6:85:Infinity": 41,
        "s:82:30:82:Infinity": 42,
        "f:82:54:82:55": 9,
        "s:82:61:82:76": 43,
        "s:83:26:83:Infinity": 44,
        "f:83:45:83:46": 10,
        "s:83:52:83:87": 45,
        "s:84:8:84:Infinity": 46,
        "b:86:6:88:Infinity:undefined:undefined:undefined:undefined": 7,
        "s:86:6:88:Infinity": 47,
        "s:87:8:87:Infinity": 48,
        "s:90:6:90:Infinity": 49,
        "s:92:4:92:Infinity": 50,
        "s:95:2:95:Infinity": 51
      }
    }
  },
  "C:\\Users\\lukaf\\Desktop\\Dev Work\\My Projects\\Job Search Tool\\apps\\desktop\\src\\renderer\\hooks\\useSettings.ts": {
    "path": "C:\\Users\\lukaf\\Desktop\\Dev Work\\My Projects\\Job Search Tool\\apps\\desktop\\src\\renderer\\hooks\\useSettings.ts",
    "statementMap": {
      "0": { "start": { "line": 7, "column": 21 }, "end": { "line": 7, "column": null } },
      "1": { "start": { "line": 10, "column": 2 }, "end": { "line": 15, "column": null } },
      "2": { "start": { "line": 11, "column": 17 }, "end": { "line": 11, "column": null } },
      "3": { "start": { "line": 12, "column": 4 }, "end": { "line": 12, "column": null } },
      "4": { "start": { "line": 14, "column": 4 }, "end": { "line": 14, "column": null } },
      "5": { "start": { "line": 19, "column": 2 }, "end": { "line": 19, "column": null } },
      "6": { "start": { "line": 23, "column": 2 }, "end": { "line": 27, "column": null } },
      "7": { "start": { "line": 24, "column": 4 }, "end": { "line": 24, "column": null } },
      "8": { "start": { "line": 26, "column": 4 }, "end": { "line": 26, "column": null } },
      "9": { "start": { "line": 31, "column": 30 }, "end": { "line": 31, "column": null } },
      "10": { "start": { "line": 34, "column": 2 }, "end": { "line": 37, "column": null } },
      "11": { "start": { "line": 35, "column": 4 }, "end": { "line": 35, "column": null } },
      "12": { "start": { "line": 36, "column": 4 }, "end": { "line": 36, "column": null } },
      "13": { "start": { "line": 39, "column": 8 }, "end": { "line": 41, "column": null } },
      "14": { "start": { "line": 40, "column": 4 }, "end": { "line": 40, "column": null } },
      "15": { "start": { "line": 40, "column": 27 }, "end": { "line": 40, "column": 65 } },
      "16": { "start": { "line": 43, "column": 2 }, "end": { "line": 46, "column": null } }
    },
    "fnMap": {
      "0": {
        "name": "loadSettings",
        "decl": { "start": { "line": 9, "column": 9 }, "end": { "line": 9, "column": 34 } },
        "loc": { "start": { "line": 9, "column": 34 }, "end": { "line": 16, "column": null } },
        "line": 9
      },
      "1": {
        "name": "persistSettings",
        "decl": { "start": { "line": 18, "column": 9 }, "end": { "line": 18, "column": 25 } },
        "loc": { "start": { "line": 18, "column": 51 }, "end": { "line": 20, "column": null } },
        "line": 18
      },
      "2": {
        "name": "applyDarkMode",
        "decl": { "start": { "line": 22, "column": 9 }, "end": { "line": 22, "column": 23 } },
        "loc": { "start": { "line": 22, "column": 44 }, "end": { "line": 28, "column": null } },
        "line": 22
      },
      "3": {
        "name": "useSettings",
        "decl": { "start": { "line": 30, "column": 16 }, "end": { "line": 30, "column": 30 } },
        "loc": { "start": { "line": 30, "column": 30 }, "end": { "line": 47, "column": null } },
        "line": 30
      },
      "4": {
        "name": "(anonymous_4)",
        "decl": { "start": { "line": 34, "column": 12 }, "end": { "line": 34, "column": 18 } },
        "loc": { "start": { "line": 34, "column": 18 }, "end": { "line": 37, "column": 5 } },
        "line": 34
      },
      "5": {
        "name": "(anonymous_5)",
        "decl": { "start": { "line": 39, "column": 37 }, "end": { "line": 39, "column": 43 } },
        "loc": { "start": { "line": 39, "column": 43 }, "end": { "line": 41, "column": 5 } },
        "line": 39
      },
      "6": {
        "name": "(anonymous_6)",
        "decl": { "start": { "line": 40, "column": 16 }, "end": { "line": 40, "column": 17 } },
        "loc": { "start": { "line": 40, "column": 27 }, "end": { "line": 40, "column": 65 } },
        "line": 40
      }
    },
    "branchMap": {
      "0": {
        "loc": { "start": { "line": 12, "column": 11 }, "end": { "line": 12, "column": null } },
        "type": "cond-expr",
        "locations": [
          { "start": { "line": 12, "column": 18 }, "end": { "line": 12, "column": 37 } },
          { "start": { "line": 12, "column": 37 }, "end": { "line": 12, "column": null } }
        ],
        "line": 12
      },
      "1": {
        "loc": { "start": { "line": 23, "column": 2 }, "end": { "line": 27, "column": null } },
        "type": "if",
        "locations": [
          { "start": { "line": 23, "column": 2 }, "end": { "line": 27, "column": null } },
          { "start": { "line": 25, "column": 9 }, "end": { "line": 27, "column": null } }
        ],
        "line": 23
      }
    },
    "s": {
      "0": 2,
      "1": 16,
      "2": 16,
      "3": 16,
      "4": 1,
      "5": 19,
      "6": 19,
      "7": 4,
      "8": 15,
      "9": 38,
      "10": 38,
      "11": 19,
      "12": 19,
      "13": 38,
      "14": 3,
      "15": 3,
      "16": 38
    },
    "f": { "0": 16, "1": 19, "2": 19, "3": 38, "4": 19, "5": 3, "6": 3 },
    "b": { "0": [3, 13], "1": [4, 15] },
    "meta": {
      "lastBranch": 2,
      "lastFunction": 7,
      "lastStatement": 17,
      "seen": {
        "s:7:21:7:Infinity": 0,
        "f:9:9:9:34": 0,
        "s:10:2:15:Infinity": 1,
        "s:11:17:11:Infinity": 2,
        "s:12:4:12:Infinity": 3,
        "b:12:18:12:37:12:37:12:Infinity": 0,
        "s:14:4:14:Infinity": 4,
        "f:18:9:18:25": 1,
        "s:19:2:19:Infinity": 5,
        "f:22:9:22:23": 2,
        "b:23:2:27:Infinity:25:9:27:Infinity": 1,
        "s:23:2:27:Infinity": 6,
        "s:24:4:24:Infinity": 7,
        "s:26:4:26:Infinity": 8,
        "f:30:16:30:30": 3,
        "s:31:30:31:Infinity": 9,
        "s:34:2:37:Infinity": 10,
        "f:34:12:34:18": 4,
        "s:35:4:35:Infinity": 11,
        "s:36:4:36:Infinity": 12,
        "s:39:8:41:Infinity": 13,
        "f:39:37:39:43": 5,
        "s:40:4:40:Infinity": 14,
        "f:40:16:40:17": 6,
        "s:40:27:40:65": 15,
        "s:43:2:46:Infinity": 16
      }
    }
  }
}
