{
  "C:\\Users\\lukaf\\Desktop\\Dev Work\\My Projects\\Job Search Tool\\apps\\desktop\\src\\main\\ipc-handlers.ts": {
    "path": "C:\\Users\\lukaf\\Desktop\\Dev Work\\My Projects\\Job Search Tool\\apps\\desktop\\src\\main\\ipc-handlers.ts",
    "statementMap": {
      "0": { "start": { "line": 22, "column": 6 }, "end": { "line": 22, "column": null } },
      "1": { "start": { "line": 23, "column": 6 }, "end": { "line": 23, "column": null } },
      "2": { "start": { "line": 24, "column": 6 }, "end": { "line": 24, "column": null } },
      "3": { "start": { "line": 26, "column": 35 }, "end": { "line": 26, "column": null } },
      "4": { "start": { "line": 27, "column": 34 }, "end": { "line": 27, "column": null } },
      "5": { "start": { "line": 28, "column": 37 }, "end": { "line": 28, "column": null } },
      "6": { "start": { "line": 31, "column": 2 }, "end": { "line": 31, "column": null } },
      "7": { "start": { "line": 31, "column": 20 }, "end": { "line": 31, "column": null } },
      "8": { "start": { "line": 32, "column": 2 }, "end": { "line": 43, "column": null } },
      "9": { "start": { "line": 33, "column": 4 }, "end": { "line": 33, "column": null } },
      "10": { "start": { "line": 33, "column": 31 }, "end": { "line": 33, "column": null } },
      "11": { "start": { "line": 34, "column": 10 }, "end": { "line": 34, "column": null } },
      "12": { "start": { "line": 35, "column": 4 }, "end": { "line": 39, "column": null } },
      "13": { "start": { "line": 36, "column": 6 }, "end": { "line": 36, "column": null } },
      "14": { "start": { "line": 38, "column": 6 }, "end": { "line": 38, "column": null } },
      "15": { "start": { "line": 40, "column": 4 }, "end": { "line": 40, "column": null } },
      "16": { "start": { "line": 42, "column": 4 }, "end": { "line": 42, "column": null } },
      "17": { "start": { "line": 47, "column": 8 }, "end": { "line": 47, "column": null } },
      "18": { "start": { "line": 48, "column": 2 }, "end": { "line": 48, "column": null } },
      "19": { "start": { "line": 49, "column": 2 }, "end": { "line": 53, "column": null } },
      "20": { "start": { "line": 50, "column": 4 }, "end": { "line": 50, "column": null } },
      "21": { "start": { "line": 52, "column": 4 }, "end": { "line": 52, "column": null } },
      "22": { "start": { "line": 54, "column": 2 }, "end": { "line": 54, "column": null } },
      "23": { "start": { "line": 55, "column": 2 }, "end": { "line": 55, "column": null } },
      "24": { "start": { "line": 59, "column": 2 }, "end": { "line": 63, "column": null } },
      "25": { "start": { "line": 60, "column": 4 }, "end": { "line": 60, "column": null } },
      "26": { "start": { "line": 60, "column": 30 }, "end": { "line": 60, "column": null } },
      "27": { "start": { "line": 64, "column": 2 }, "end": { "line": 64, "column": null } },
      "28": { "start": { "line": 65, "column": 2 }, "end": { "line": 65, "column": null } },
      "29": { "start": { "line": 69, "column": 2 }, "end": { "line": 69, "column": null } },
      "30": { "start": { "line": 69, "column": 23 }, "end": { "line": 69, "column": null } },
      "31": { "start": { "line": 70, "column": 2 }, "end": { "line": 81, "column": null } },
      "32": { "start": { "line": 71, "column": 4 }, "end": { "line": 71, "column": null } },
      "33": { "start": { "line": 71, "column": 38 }, "end": { "line": 71, "column": null } },
      "34": { "start": { "line": 72, "column": 10 }, "end": { "line": 72, "column": null } },
      "35": { "start": { "line": 73, "column": 4 }, "end": { "line": 77, "column": null } },
      "36": { "start": { "line": 74, "column": 6 }, "end": { "line": 74, "column": null } },
      "37": { "start": { "line": 76, "column": 6 }, "end": { "line": 76, "column": null } },
      "38": { "start": { "line": 78, "column": 4 }, "end": { "line": 78, "column": null } },
      "39": { "start": { "line": 80, "column": 4 }, "end": { "line": 80, "column": null } },
      "40": { "start": { "line": 85, "column": 8 }, "end": { "line": 85, "column": null } },
      "41": { "start": { "line": 86, "column": 2 }, "end": { "line": 86, "column": null } },
      "42": { "start": { "line": 87, "column": 2 }, "end": { "line": 91, "column": null } },
      "43": { "start": { "line": 88, "column": 4 }, "end": { "line": 88, "column": null } },
      "44": { "start": { "line": 90, "column": 4 }, "end": { "line": 90, "column": null } },
      "45": { "start": { "line": 92, "column": 2 }, "end": { "line": 92, "column": null } },
      "46": { "start": { "line": 96, "column": 2 }, "end": { "line": 100, "column": null } },
      "47": { "start": { "line": 97, "column": 4 }, "end": { "line": 97, "column": null } },
      "48": { "start": { "line": 97, "column": 37 }, "end": { "line": 97, "column": null } },
      "49": { "start": { "line": 101, "column": 2 }, "end": { "line": 101, "column": null } },
      "50": { "start": { "line": 105, "column": 2 }, "end": { "line": 111, "column": null } },
      "51": { "start": { "line": 106, "column": 19 }, "end": { "line": 106, "column": null } },
      "52": { "start": { "line": 107, "column": 4 }, "end": { "line": 109, "column": null } },
      "53": { "start": { "line": 108, "column": 6 }, "end": { "line": 108, "column": null } },
      "54": { "start": { "line": 110, "column": 4 }, "end": { "line": 110, "column": null } },
      "55": { "start": { "line": 112, "column": 2 }, "end": { "line": 112, "column": null } },
      "56": { "start": { "line": 124, "column": 2 }, "end": { "line": 124, "column": null } },
      "57": { "start": { "line": 126, "column": 24 }, "end": { "line": 126, "column": null } },
      "58": { "start": { "line": 127, "column": 35 }, "end": { "line": 127, "column": null } },
      "59": { "start": { "line": 129, "column": 16 }, "end": { "line": 129, "column": null } },
      "60": { "start": { "line": 130, "column": 2 }, "end": { "line": 130, "column": null } },
      "61": { "start": { "line": 132, "column": 2 }, "end": { "line": 134, "column": null } },
      "62": { "start": { "line": 133, "column": 4 }, "end": { "line": 133, "column": null } },
      "63": { "start": { "line": 136, "column": 16 }, "end": { "line": 136, "column": null } },
      "64": { "start": { "line": 138, "column": 2 }, "end": { "line": 138, "column": null } },
      "65": { "start": { "line": 144, "column": 24 }, "end": { "line": 144, "column": null } },
      "66": { "start": { "line": 145, "column": 2 }, "end": { "line": 145, "column": null } },
      "67": { "start": { "line": 149, "column": 2 }, "end": { "line": 149, "column": null } },
      "68": { "start": { "line": 153, "column": 2 }, "end": { "line": 164, "column": null } },
      "69": { "start": { "line": 155, "column": 23 }, "end": { "line": 155, "column": null } },
      "70": { "start": { "line": 156, "column": 4 }, "end": { "line": 156, "column": null } },
      "71": { "start": { "line": 157, "column": 4 }, "end": { "line": 157, "column": null } },
      "72": { "start": { "line": 158, "column": 4 }, "end": { "line": 158, "column": null } },
      "73": { "start": { "line": 160, "column": 4 }, "end": { "line": 163, "column": null } },
      "74": { "start": { "line": 168, "column": 2 }, "end": { "line": 168, "column": null } },
      "75": { "start": { "line": 172, "column": 2 }, "end": { "line": 172, "column": null } },
      "76": { "start": { "line": 173, "column": 2 }, "end": { "line": 173, "column": null } },
      "77": { "start": { "line": 177, "column": 2 }, "end": { "line": 177, "column": null } },
      "78": { "start": { "line": 178, "column": 2 }, "end": { "line": 178, "column": null } },
      "79": { "start": { "line": 182, "column": 2 }, "end": { "line": 182, "column": null } },
      "80": { "start": { "line": 186, "column": 2 }, "end": { "line": 186, "column": null } },
      "81": { "start": { "line": 187, "column": 2 }, "end": { "line": 187, "column": null } },
      "82": { "start": { "line": 191, "column": 8 }, "end": { "line": 191, "column": null } },
      "83": { "start": { "line": 192, "column": 2 }, "end": { "line": 192, "column": null } },
      "84": { "start": { "line": 193, "column": 2 }, "end": { "line": 193, "column": null } },
      "85": { "start": { "line": 194, "column": 2 }, "end": { "line": 194, "column": null } },
      "86": { "start": { "line": 198, "column": 2 }, "end": { "line": 204, "column": null } },
      "87": { "start": { "line": 199, "column": 4 }, "end": { "line": 199, "column": null } },
      "88": { "start": { "line": 199, "column": 34 }, "end": { "line": 199, "column": null } },
      "89": { "start": { "line": 200, "column": 10 }, "end": { "line": 200, "column": null } },
      "90": { "start": { "line": 201, "column": 4 }, "end": { "line": 201, "column": null } },
      "91": { "start": { "line": 203, "column": 4 }, "end": { "line": 203, "column": null } },
      "92": { "start": { "line": 214, "column": 20 }, "end": { "line": 214, "column": null } },
      "93": { "start": { "line": 215, "column": 2 }, "end": { "line": 221, "column": null } },
      "94": { "start": { "line": 216, "column": 4 }, "end": { "line": 220, "column": null } },
      "95": { "start": { "line": 223, "column": 17 }, "end": { "line": 227, "column": null } },
      "96": { "start": { "line": 229, "column": 2 }, "end": { "line": 231, "column": null } },
      "97": { "start": { "line": 230, "column": 4 }, "end": { "line": 230, "column": null } },
      "98": { "start": { "line": 233, "column": 19 }, "end": { "line": 233, "column": null } },
      "99": { "start": { "line": 234, "column": 8 }, "end": { "line": 234, "column": null } },
      "100": { "start": { "line": 236, "column": 2 }, "end": { "line": 260, "column": null } },
      "101": { "start": { "line": 239, "column": 4 }, "end": { "line": 252, "column": null } },
      "102": { "start": { "line": 240, "column": 12 }, "end": { "line": 240, "column": null } },
      "103": { "start": { "line": 242, "column": 12 }, "end": { "line": 242, "column": null } },
      "104": { "start": { "line": 243, "column": 22 }, "end": { "line": 243, "column": null } },
      "105": { "start": { "line": 244, "column": 6 }, "end": { "line": 244, "column": null } },
      "106": { "start": { "line": 245, "column": 4 }, "end": { "line": 252, "column": null } },
      "107": { "start": { "line": 246, "column": 12 }, "end": { "line": 246, "column": null } },
      "108": { "start": { "line": 247, "column": 12 }, "end": { "line": 247, "column": null } },
      "109": { "start": { "line": 248, "column": 24 }, "end": { "line": 248, "column": null } },
      "110": { "start": { "line": 249, "column": 6 }, "end": { "line": 249, "column": null } },
      "111": { "start": { "line": 251, "column": 6 }, "end": { "line": 251, "column": null } },
      "112": { "start": { "line": 254, "column": 4 }, "end": { "line": 254, "column": null } },
      "113": { "start": { "line": 256, "column": 4 }, "end": { "line": 259, "column": null } },
      "114": { "start": { "line": 266, "column": 20 }, "end": { "line": 266, "column": null } },
      "115": { "start": { "line": 267, "column": 2 }, "end": { "line": 269, "column": null } },
      "116": { "start": { "line": 268, "column": 4 }, "end": { "line": 268, "column": null } },
      "117": { "start": { "line": 271, "column": 2 }, "end": { "line": 279, "column": null } },
      "118": { "start": { "line": 272, "column": 23 }, "end": { "line": 272, "column": null } },
      "119": { "start": { "line": 273, "column": 4 }, "end": { "line": 273, "column": null } },
      "120": { "start": { "line": 275, "column": 4 }, "end": { "line": 278, "column": null } },
      "121": { "start": { "line": 283, "column": 2 }, "end": { "line": 287, "column": null } },
      "122": { "start": { "line": 294, "column": 20 }, "end": { "line": 294, "column": null } },
      "123": { "start": { "line": 295, "column": 2 }, "end": { "line": 301, "column": null } },
      "124": { "start": { "line": 296, "column": 4 }, "end": { "line": 300, "column": null } },
      "125": { "start": { "line": 303, "column": 2 }, "end": { "line": 308, "column": null } },
      "126": { "start": { "line": 304, "column": 4 }, "end": { "line": 307, "column": null } },
      "127": { "start": { "line": 310, "column": 2 }, "end": { "line": 328, "column": null } },
      "128": { "start": { "line": 311, "column": 22 }, "end": { "line": 315, "column": null } },
      "129": { "start": { "line": 316, "column": 25 }, "end": { "line": 316, "column": null } },
      "130": { "start": { "line": 317, "column": 22 }, "end": { "line": 317, "column": null } },
      "131": { "start": { "line": 318, "column": 21 }, "end": { "line": 318, "column": null } },
      "132": { "start": { "line": 319, "column": 10 }, "end": { "line": 319, "column": null } },
      "133": { "start": { "line": 320, "column": 4 }, "end": { "line": 320, "column": null } },
      "134": { "start": { "line": 321, "column": 4 }, "end": { "line": 321, "column": null } },
      "135": { "start": { "line": 322, "column": 4 }, "end": { "line": 322, "column": null } },
      "136": { "start": { "line": 324, "column": 4 }, "end": { "line": 327, "column": null } },
      "137": { "start": { "line": 335, "column": 20 }, "end": { "line": 335, "column": null } },
      "138": { "start": { "line": 336, "column": 2 }, "end": { "line": 342, "column": null } },
      "139": { "start": { "line": 337, "column": 4 }, "end": { "line": 341, "column": null } },
      "140": { "start": { "line": 344, "column": 2 }, "end": { "line": 349, "column": null } },
      "141": { "start": { "line": 345, "column": 4 }, "end": { "line": 348, "column": null } },
      "142": { "start": { "line": 351, "column": 2 }, "end": { "line": 369, "column": null } },
      "143": { "start": { "line": 352, "column": 22 }, "end": { "line": 356, "column": null } },
      "144": { "start": { "line": 357, "column": 25 }, "end": { "line": 357, "column": null } },
      "145": { "start": { "line": 358, "column": 22 }, "end": { "line": 358, "column": null } },
      "146": { "start": { "line": 359, "column": 21 }, "end": { "line": 359, "column": null } },
      "147": { "start": { "line": 360, "column": 10 }, "end": { "line": 360, "column": null } },
      "148": { "start": { "line": 361, "column": 4 }, "end": { "line": 361, "column": null } },
      "149": { "start": { "line": 362, "column": 4 }, "end": { "line": 362, "column": null } },
      "150": { "start": { "line": 363, "column": 4 }, "end": { "line": 363, "column": null } },
      "151": { "start": { "line": 365, "column": 4 }, "end": { "line": 368, "column": null } },
      "152": { "start": { "line": 373, "column": 2 }, "end": { "line": 393, "column": null } },
      "153": { "start": { "line": 376, "column": 6 }, "end": { "line": 391, "column": null } },
      "154": { "start": { "line": 377, "column": 8 }, "end": { "line": 377, "column": null } },
      "155": { "start": { "line": 379, "column": 8 }, "end": { "line": 386, "column": null } },
      "156": { "start": { "line": 380, "column": 10 }, "end": { "line": 385, "column": null } },
      "157": { "start": { "line": 387, "column": 8 }, "end": { "line": 390, "column": null } },
      "158": { "start": { "line": 395, "column": 2 }, "end": { "line": 405, "column": null } },
      "159": { "start": { "line": 396, "column": 4 }, "end": { "line": 404, "column": null } },
      "160": { "start": { "line": 397, "column": 21 }, "end": { "line": 397, "column": null } },
      "161": { "start": { "line": 398, "column": 6 }, "end": { "line": 398, "column": null } },
      "162": { "start": { "line": 400, "column": 6 }, "end": { "line": 403, "column": null } },
      "163": { "start": { "line": 407, "column": 2 }, "end": { "line": 417, "column": null } },
      "164": { "start": { "line": 408, "column": 4 }, "end": { "line": 416, "column": null } },
      "165": { "start": { "line": 409, "column": 20 }, "end": { "line": 409, "column": null } },
      "166": { "start": { "line": 410, "column": 6 }, "end": { "line": 410, "column": null } },
      "167": { "start": { "line": 412, "column": 6 }, "end": { "line": 415, "column": null } },
      "168": { "start": { "line": 419, "column": 2 }, "end": { "line": 421, "column": null } },
      "169": { "start": { "line": 420, "column": 4 }, "end": { "line": 420, "column": null } },
      "170": { "start": { "line": 423, "column": 2 }, "end": { "line": 425, "column": null } },
      "171": { "start": { "line": 424, "column": 4 }, "end": { "line": 424, "column": null } },
      "172": { "start": { "line": 427, "column": 2 }, "end": { "line": 429, "column": null } },
      "173": { "start": { "line": 428, "column": 4 }, "end": { "line": 428, "column": null } },
      "174": { "start": { "line": 431, "column": 2 }, "end": { "line": 433, "column": null } },
      "175": { "start": { "line": 432, "column": 4 }, "end": { "line": 432, "column": null } },
      "176": { "start": { "line": 435, "column": 2 }, "end": { "line": 437, "column": null } },
      "177": { "start": { "line": 436, "column": 4 }, "end": { "line": 436, "column": null } },
      "178": { "start": { "line": 439, "column": 2 }, "end": { "line": 441, "column": null } },
      "179": { "start": { "line": 440, "column": 4 }, "end": { "line": 440, "column": null } },
      "180": { "start": { "line": 443, "column": 2 }, "end": { "line": 445, "column": null } },
      "181": { "start": { "line": 444, "column": 4 }, "end": { "line": 444, "column": null } },
      "182": { "start": { "line": 447, "column": 2 }, "end": { "line": 449, "column": null } },
      "183": { "start": { "line": 448, "column": 4 }, "end": { "line": 448, "column": null } },
      "184": { "start": { "line": 451, "column": 2 }, "end": { "line": 453, "column": null } },
      "185": { "start": { "line": 452, "column": 4 }, "end": { "line": 452, "column": null } },
      "186": { "start": { "line": 455, "column": 2 }, "end": { "line": 457, "column": null } },
      "187": { "start": { "line": 456, "column": 4 }, "end": { "line": 456, "column": null } },
      "188": { "start": { "line": 459, "column": 2 }, "end": { "line": 464, "column": null } },
      "189": { "start": { "line": 462, "column": 6 }, "end": { "line": 462, "column": null } },
      "190": { "start": { "line": 466, "column": 2 }, "end": { "line": 471, "column": null } },
      "191": { "start": { "line": 469, "column": 6 }, "end": { "line": 469, "column": null } },
      "192": { "start": { "line": 473, "column": 2 }, "end": { "line": 489, "column": null } },
      "193": { "start": { "line": 474, "column": 17 }, "end": { "line": 474, "column": null } },
      "194": { "start": { "line": 475, "column": 4 }, "end": { "line": 475, "column": null } },
      "195": { "start": { "line": 475, "column": 15 }, "end": { "line": 475, "column": null } },
      "196": { "start": { "line": 476, "column": 4 }, "end": { "line": 488, "column": null } },
      "197": { "start": { "line": 484, "column": 31 }, "end": { "line": 484, "column": 46 } },
      "198": { "start": { "line": 485, "column": 28 }, "end": { "line": 485, "column": 53 } },
      "199": { "start": { "line": 491, "column": 2 }, "end": { "line": 493, "column": null } },
      "200": { "start": { "line": 492, "column": 4 }, "end": { "line": 492, "column": null } },
      "201": { "start": { "line": 495, "column": 2 }, "end": { "line": 497, "column": null } },
      "202": { "start": { "line": 496, "column": 4 }, "end": { "line": 496, "column": null } },
      "203": { "start": { "line": 499, "column": 2 }, "end": { "line": 501, "column": null } },
      "204": { "start": { "line": 500, "column": 4 }, "end": { "line": 500, "column": null } }
    },
    "fnMap": {
      "0": {
        "name": "loadApiKey",
        "decl": { "start": { "line": 30, "column": 9 }, "end": { "line": 30, "column": 37 } },
        "loc": { "start": { "line": 30, "column": 37 }, "end": { "line": 44, "column": null } },
        "line": 30
      },
      "1": {
        "name": "saveApiKeyToFile",
        "decl": { "start": { "line": 46, "column": 9 }, "end": { "line": 46, "column": 26 } },
        "loc": { "start": { "line": 46, "column": 45 }, "end": { "line": 56, "column": null } },
        "line": 46
      },
      "2": {
        "name": "removeApiKeyFile",
        "decl": { "start": { "line": 58, "column": 9 }, "end": { "line": 58, "column": 34 } },
        "loc": { "start": { "line": 58, "column": 34 }, "end": { "line": 66, "column": null } },
        "line": 58
      },
      "3": {
        "name": "loadGeminiKey",
        "decl": { "start": { "line": 68, "column": 9 }, "end": { "line": 68, "column": 40 } },
        "loc": { "start": { "line": 68, "column": 40 }, "end": { "line": 82, "column": null } },
        "line": 68
      },
      "4": {
        "name": "saveGeminiKeyToFile",
        "decl": { "start": { "line": 84, "column": 9 }, "end": { "line": 84, "column": 29 } },
        "loc": { "start": { "line": 84, "column": 48 }, "end": { "line": 93, "column": null } },
        "line": 84
      },
      "5": {
        "name": "removeGeminiKeyFile",
        "decl": { "start": { "line": 95, "column": 9 }, "end": { "line": 95, "column": 37 } },
        "loc": { "start": { "line": 95, "column": 37 }, "end": { "line": 102, "column": null } },
        "line": 95
      },
      "6": {
        "name": "getClient",
        "decl": { "start": { "line": 104, "column": 9 }, "end": { "line": 104, "column": 36 } },
        "loc": { "start": { "line": 104, "column": 36 }, "end": { "line": 113, "column": null } },
        "line": 104
      },
      "7": {
        "name": "handleSearch",
        "decl": { "start": { "line": 120, "column": 22 }, "end": { "line": 120, "column": null } },
        "loc": { "start": { "line": 123, "column": 25 }, "end": { "line": 139, "column": null } },
        "line": 123
      },
      "8": {
        "name": "handleGetJobDetails",
        "decl": { "start": { "line": 141, "column": 22 }, "end": { "line": 141, "column": null } },
        "loc": { "start": { "line": 143, "column": 56 }, "end": { "line": 146, "column": null } },
        "line": 143
      },
      "9": {
        "name": "handleGetQuota",
        "decl": { "start": { "line": 148, "column": 22 }, "end": { "line": 148, "column": 61 } },
        "loc": { "start": { "line": 148, "column": 61 }, "end": { "line": 150, "column": null } },
        "line": 148
      },
      "10": {
        "name": "handleSaveApiKey",
        "decl": { "start": { "line": 152, "column": 22 }, "end": { "line": 152, "column": 39 } },
        "loc": { "start": { "line": 152, "column": 99 }, "end": { "line": 165, "column": null } },
        "line": 152
      },
      "11": {
        "name": "handleGetApiKeyStatus",
        "decl": { "start": { "line": 167, "column": 16 }, "end": { "line": 167, "column": 76 } },
        "loc": { "start": { "line": 167, "column": 76 }, "end": { "line": 169, "column": null } },
        "line": 167
      },
      "12": {
        "name": "handleRemoveApiKey",
        "decl": { "start": { "line": 171, "column": 16 }, "end": { "line": 171, "column": 56 } },
        "loc": { "start": { "line": 171, "column": 56 }, "end": { "line": 174, "column": null } },
        "line": 171
      },
      "13": {
        "name": "handleSaveGeminiKey",
        "decl": { "start": { "line": 176, "column": 16 }, "end": { "line": 176, "column": 36 } },
        "loc": { "start": { "line": 176, "column": 68 }, "end": { "line": 179, "column": null } },
        "line": 176
      },
      "14": {
        "name": "handleGetGeminiKeyStatus",
        "decl": { "start": { "line": 181, "column": 16 }, "end": { "line": 181, "column": 79 } },
        "loc": { "start": { "line": 181, "column": 79 }, "end": { "line": 183, "column": null } },
        "line": 181
      },
      "15": {
        "name": "handleRemoveGeminiKey",
        "decl": { "start": { "line": 185, "column": 16 }, "end": { "line": 185, "column": 59 } },
        "loc": { "start": { "line": 185, "column": 59 }, "end": { "line": 188, "column": null } },
        "line": 185
      },
      "16": {
        "name": "handleSaveResume",
        "decl": { "start": { "line": 190, "column": 16 }, "end": { "line": 190, "column": 33 } },
        "loc": { "start": { "line": 190, "column": 83 }, "end": { "line": 195, "column": null } },
        "line": 190
      },
      "17": {
        "name": "handleLoadResume",
        "decl": { "start": { "line": 197, "column": 16 }, "end": { "line": 197, "column": 92 } },
        "loc": { "start": { "line": 197, "column": 92 }, "end": { "line": 205, "column": null } },
        "line": 197
      },
      "18": {
        "name": "handlePickResumeFile",
        "decl": { "start": { "line": 207, "column": 22 }, "end": { "line": 207, "column": null } },
        "loc": { "start": { "line": 213, "column": 3 }, "end": { "line": 261, "column": null } },
        "line": 213
      },
      "19": {
        "name": "handleParseResumeText",
        "decl": { "start": { "line": 263, "column": 22 }, "end": { "line": 263, "column": null } },
        "loc": { "start": { "line": 265, "column": 81 }, "end": { "line": 280, "column": null } },
        "line": 265
      },
      "20": {
        "name": "sanitizeFilename",
        "decl": { "start": { "line": 282, "column": 9 }, "end": { "line": 282, "column": 26 } },
        "loc": { "start": { "line": 282, "column": 48 }, "end": { "line": 288, "column": null } },
        "line": 282
      },
      "21": {
        "name": "handleGenerateResume",
        "decl": { "start": { "line": 290, "column": 22 }, "end": { "line": 290, "column": null } },
        "loc": { "start": { "line": 293, "column": 96 }, "end": { "line": 329, "column": null } },
        "line": 293
      },
      "22": {
        "name": "handleGenerateCV",
        "decl": { "start": { "line": 331, "column": 22 }, "end": { "line": 331, "column": null } },
        "loc": { "start": { "line": 334, "column": 96 }, "end": { "line": 370, "column": null } },
        "line": 334
      },
      "23": {
        "name": "registerIpcHandlers",
        "decl": { "start": { "line": 372, "column": 16 }, "end": { "line": 372, "column": 44 } },
        "loc": { "start": { "line": 372, "column": 44 }, "end": { "line": 502, "column": null } },
        "line": 372
      },
      "24": {
        "name": "(anonymous_24)",
        "decl": { "start": { "line": 375, "column": 4 }, "end": { "line": 375, "column": 11 } },
        "loc": { "start": { "line": 375, "column": 73 }, "end": { "line": 392, "column": null } },
        "line": 375
      },
      "25": {
        "name": "(anonymous_25)",
        "decl": { "start": { "line": 395, "column": 36 }, "end": { "line": 395, "column": 43 } },
        "loc": { "start": { "line": 395, "column": 69 }, "end": { "line": 405, "column": 3 } },
        "line": 395
      },
      "26": {
        "name": "(anonymous_26)",
        "decl": { "start": { "line": 407, "column": 30 }, "end": { "line": 407, "column": 42 } },
        "loc": { "start": { "line": 407, "column": 42 }, "end": { "line": 417, "column": 3 } },
        "line": 407
      },
      "27": {
        "name": "(anonymous_27)",
        "decl": { "start": { "line": 419, "column": 42 }, "end": { "line": 419, "column": 49 } },
        "loc": { "start": { "line": 419, "column": 73 }, "end": { "line": 421, "column": 3 } },
        "line": 419
      },
      "28": {
        "name": "(anonymous_28)",
        "decl": { "start": { "line": 423, "column": 48 }, "end": { "line": 423, "column": 54 } },
        "loc": { "start": { "line": 423, "column": 54 }, "end": { "line": 425, "column": 3 } },
        "line": 423
      },
      "29": {
        "name": "(anonymous_29)",
        "decl": { "start": { "line": 427, "column": 44 }, "end": { "line": 427, "column": 50 } },
        "loc": { "start": { "line": 427, "column": 50 }, "end": { "line": 429, "column": 3 } },
        "line": 427
      },
      "30": {
        "name": "(anonymous_30)",
        "decl": { "start": { "line": 431, "column": 45 }, "end": { "line": 431, "column": 46 } },
        "loc": { "start": { "line": 431, "column": 70 }, "end": { "line": 433, "column": 3 } },
        "line": 431
      },
      "31": {
        "name": "(anonymous_31)",
        "decl": { "start": { "line": 435, "column": 51 }, "end": { "line": 435, "column": 57 } },
        "loc": { "start": { "line": 435, "column": 57 }, "end": { "line": 437, "column": 3 } },
        "line": 435
      },
      "32": {
        "name": "(anonymous_32)",
        "decl": { "start": { "line": 439, "column": 47 }, "end": { "line": 439, "column": 53 } },
        "loc": { "start": { "line": 439, "column": 53 }, "end": { "line": 441, "column": 3 } },
        "line": 439
      },
      "33": {
        "name": "(anonymous_33)",
        "decl": { "start": { "line": 443, "column": 32 }, "end": { "line": 443, "column": 33 } },
        "loc": { "start": { "line": 443, "column": 75 }, "end": { "line": 445, "column": 3 } },
        "line": 443
      },
      "34": {
        "name": "(anonymous_34)",
        "decl": { "start": { "line": 447, "column": 32 }, "end": { "line": 447, "column": 38 } },
        "loc": { "start": { "line": 447, "column": 38 }, "end": { "line": 449, "column": 3 } },
        "line": 447
      },
      "35": {
        "name": "(anonymous_35)",
        "decl": { "start": { "line": 451, "column": 37 }, "end": { "line": 451, "column": 49 } },
        "loc": { "start": { "line": 451, "column": 49 }, "end": { "line": 453, "column": 3 } },
        "line": 451
      },
      "36": {
        "name": "(anonymous_36)",
        "decl": { "start": { "line": 455, "column": 38 }, "end": { "line": 455, "column": 45 } },
        "loc": { "start": { "line": 455, "column": 70 }, "end": { "line": 457, "column": 3 } },
        "line": 455
      },
      "37": {
        "name": "(anonymous_37)",
        "decl": { "start": { "line": 461, "column": 4 }, "end": { "line": 461, "column": 11 } },
        "loc": { "start": { "line": 461, "column": 80 }, "end": { "line": 463, "column": null } },
        "line": 461
      },
      "38": {
        "name": "(anonymous_38)",
        "decl": { "start": { "line": 468, "column": 4 }, "end": { "line": 468, "column": 11 } },
        "loc": { "start": { "line": 468, "column": 80 }, "end": { "line": 470, "column": null } },
        "line": 468
      },
      "39": {
        "name": "(anonymous_39)",
        "decl": { "start": { "line": 473, "column": 34 }, "end": { "line": 473, "column": 46 } },
        "loc": { "start": { "line": 473, "column": 46 }, "end": { "line": 489, "column": 3 } },
        "line": 473
      },
      "40": {
        "name": "(anonymous_40)",
        "decl": { "start": { "line": 484, "column": 24 }, "end": { "line": 484, "column": 25 } },
        "loc": { "start": { "line": 484, "column": 31 }, "end": { "line": 484, "column": 46 } },
        "line": 484
      },
      "41": {
        "name": "(anonymous_41)",
        "decl": { "start": { "line": 485, "column": 21 }, "end": { "line": 485, "column": 22 } },
        "loc": { "start": { "line": 485, "column": 28 }, "end": { "line": 485, "column": 53 } },
        "line": 485
      },
      "42": {
        "name": "(anonymous_42)",
        "decl": { "start": { "line": 491, "column": 37 }, "end": { "line": 491, "column": 49 } },
        "loc": { "start": { "line": 491, "column": 49 }, "end": { "line": 493, "column": 3 } },
        "line": 491
      },
      "43": {
        "name": "(anonymous_43)",
        "decl": { "start": { "line": 495, "column": 36 }, "end": { "line": 495, "column": 42 } },
        "loc": { "start": { "line": 495, "column": 42 }, "end": { "line": 497, "column": 3 } },
        "line": 495
      },
      "44": {
        "name": "(anonymous_44)",
        "decl": { "start": { "line": 499, "column": 40 }, "end": { "line": 499, "column": 46 } },
        "loc": { "start": { "line": 499, "column": 46 }, "end": { "line": 501, "column": 3 } },
        "line": 499
      }
    },
    "branchMap": {
      "0": {
        "loc": { "start": { "line": 31, "column": 2 }, "end": { "line": 31, "column": null } },
        "type": "if",
        "locations": [
          { "start": { "line": 31, "column": 2 }, "end": { "line": 31, "column": null } },
          { "start": {}, "end": {} }
        ],
        "line": 31
      },
      "1": {
        "loc": { "start": { "line": 33, "column": 4 }, "end": { "line": 33, "column": null } },
        "type": "if",
        "locations": [
          { "start": { "line": 33, "column": 4 }, "end": { "line": 33, "column": null } },
          { "start": {}, "end": {} }
        ],
        "line": 33
      },
      "2": {
        "loc": { "start": { "line": 35, "column": 4 }, "end": { "line": 39, "column": null } },
        "type": "if",
        "locations": [
          { "start": { "line": 35, "column": 4 }, "end": { "line": 39, "column": null } },
          { "start": { "line": 37, "column": 11 }, "end": { "line": 39, "column": null } }
        ],
        "line": 35
      },
      "3": {
        "loc": { "start": { "line": 49, "column": 2 }, "end": { "line": 53, "column": null } },
        "type": "if",
        "locations": [
          { "start": { "line": 49, "column": 2 }, "end": { "line": 53, "column": null } },
          { "start": { "line": 51, "column": 9 }, "end": { "line": 53, "column": null } }
        ],
        "line": 49
      },
      "4": {
        "loc": { "start": { "line": 60, "column": 4 }, "end": { "line": 60, "column": null } },
        "type": "if",
        "locations": [
          { "start": { "line": 60, "column": 4 }, "end": { "line": 60, "column": null } },
          { "start": {}, "end": {} }
        ],
        "line": 60
      },
      "5": {
        "loc": { "start": { "line": 69, "column": 2 }, "end": { "line": 69, "column": null } },
        "type": "if",
        "locations": [
          { "start": { "line": 69, "column": 2 }, "end": { "line": 69, "column": null } },
          { "start": {}, "end": {} }
        ],
        "line": 69
      },
      "6": {
        "loc": { "start": { "line": 71, "column": 4 }, "end": { "line": 71, "column": null } },
        "type": "if",
        "locations": [
          { "start": { "line": 71, "column": 4 }, "end": { "line": 71, "column": null } },
          { "start": {}, "end": {} }
        ],
        "line": 71
      },
      "7": {
        "loc": { "start": { "line": 73, "column": 4 }, "end": { "line": 77, "column": null } },
        "type": "if",
        "locations": [
          { "start": { "line": 73, "column": 4 }, "end": { "line": 77, "column": null } },
          { "start": { "line": 75, "column": 11 }, "end": { "line": 77, "column": null } }
        ],
        "line": 73
      },
      "8": {
        "loc": { "start": { "line": 87, "column": 2 }, "end": { "line": 91, "column": null } },
        "type": "if",
        "locations": [
          { "start": { "line": 87, "column": 2 }, "end": { "line": 91, "column": null } },
          { "start": { "line": 89, "column": 9 }, "end": { "line": 91, "column": null } }
        ],
        "line": 87
      },
      "9": {
        "loc": { "start": { "line": 97, "column": 4 }, "end": { "line": 97, "column": null } },
        "type": "if",
        "locations": [
          { "start": { "line": 97, "column": 4 }, "end": { "line": 97, "column": null } },
          { "start": {}, "end": {} }
        ],
        "line": 97
      },
      "10": {
        "loc": { "start": { "line": 105, "column": 2 }, "end": { "line": 111, "column": null } },
        "type": "if",
        "locations": [
          { "start": { "line": 105, "column": 2 }, "end": { "line": 111, "column": null } },
          { "start": {}, "end": {} }
        ],
        "line": 105
      },
      "11": {
        "loc": { "start": { "line": 107, "column": 4 }, "end": { "line": 109, "column": null } },
        "type": "if",
        "locations": [
          { "start": { "line": 107, "column": 4 }, "end": { "line": 109, "column": null } },
          { "start": {}, "end": {} }
        ],
        "line": 107
      },
      "12": {
        "loc": { "start": { "line": 129, "column": 16 }, "end": { "line": 129, "column": null } },
        "type": "binary-expr",
        "locations": [
          { "start": { "line": 129, "column": 16 }, "end": { "line": 129, "column": 33 } },
          { "start": { "line": 129, "column": 33 }, "end": { "line": 129, "column": null } }
        ],
        "line": 129
      },
      "13": {
        "loc": { "start": { "line": 132, "column": 2 }, "end": { "line": 134, "column": null } },
        "type": "if",
        "locations": [
          { "start": { "line": 132, "column": 2 }, "end": { "line": 134, "column": null } },
          { "start": {}, "end": {} }
        ],
        "line": 132
      },
      "14": {
        "loc": { "start": { "line": 162, "column": 13 }, "end": { "line": 162, "column": null } },
        "type": "cond-expr",
        "locations": [
          { "start": { "line": 162, "column": 38 }, "end": { "line": 162, "column": 54 } },
          { "start": { "line": 162, "column": 54 }, "end": { "line": 162, "column": null } }
        ],
        "line": 162
      },
      "15": {
        "loc": { "start": { "line": 199, "column": 4 }, "end": { "line": 199, "column": null } },
        "type": "if",
        "locations": [
          { "start": { "line": 199, "column": 4 }, "end": { "line": 199, "column": null } },
          { "start": {}, "end": {} }
        ],
        "line": 199
      },
      "16": {
        "loc": { "start": { "line": 215, "column": 2 }, "end": { "line": 221, "column": null } },
        "type": "if",
        "locations": [
          { "start": { "line": 215, "column": 2 }, "end": { "line": 221, "column": null } },
          { "start": {}, "end": {} }
        ],
        "line": 215
      },
      "17": {
        "loc": { "start": { "line": 229, "column": 2 }, "end": { "line": 231, "column": null } },
        "type": "if",
        "locations": [
          { "start": { "line": 229, "column": 2 }, "end": { "line": 231, "column": null } },
          { "start": {}, "end": {} }
        ],
        "line": 229
      },
      "18": {
        "loc": { "start": { "line": 229, "column": 6 }, "end": { "line": 229, "column": 56 } },
        "type": "binary-expr",
        "locations": [
          { "start": { "line": 229, "column": 6 }, "end": { "line": 229, "column": 25 } },
          { "start": { "line": 229, "column": 25 }, "end": { "line": 229, "column": 56 } }
        ],
        "line": 229
      },
      "19": {
        "loc": { "start": { "line": 239, "column": 4 }, "end": { "line": 252, "column": null } },
        "type": "if",
        "locations": [
          { "start": { "line": 239, "column": 4 }, "end": { "line": 252, "column": null } },
          { "start": { "line": 245, "column": 4 }, "end": { "line": 252, "column": null } }
        ],
        "line": 239
      },
      "20": {
        "loc": { "start": { "line": 245, "column": 4 }, "end": { "line": 252, "column": null } },
        "type": "if",
        "locations": [
          { "start": { "line": 245, "column": 4 }, "end": { "line": 252, "column": null } },
          { "start": { "line": 250, "column": 11 }, "end": { "line": 252, "column": null } }
        ],
        "line": 245
      },
      "21": {
        "loc": { "start": { "line": 258, "column": 13 }, "end": { "line": 258, "column": null } },
        "type": "cond-expr",
        "locations": [
          { "start": { "line": 258, "column": 38 }, "end": { "line": 258, "column": 54 } },
          { "start": { "line": 258, "column": 54 }, "end": { "line": 258, "column": null } }
        ],
        "line": 258
      },
      "22": {
        "loc": { "start": { "line": 267, "column": 2 }, "end": { "line": 269, "column": null } },
        "type": "if",
        "locations": [
          { "start": { "line": 267, "column": 2 }, "end": { "line": 269, "column": null } },
          { "start": {}, "end": {} }
        ],
        "line": 267
      },
      "23": {
        "loc": { "start": { "line": 277, "column": 13 }, "end": { "line": 277, "column": null } },
        "type": "cond-expr",
        "locations": [
          { "start": { "line": 277, "column": 38 }, "end": { "line": 277, "column": 54 } },
          { "start": { "line": 277, "column": 54 }, "end": { "line": 277, "column": null } }
        ],
        "line": 277
      },
      "24": {
        "loc": { "start": { "line": 295, "column": 2 }, "end": { "line": 301, "column": null } },
        "type": "if",
        "locations": [
          { "start": { "line": 295, "column": 2 }, "end": { "line": 301, "column": null } },
          { "start": {}, "end": {} }
        ],
        "line": 295
      },
      "25": {
        "loc": { "start": { "line": 303, "column": 2 }, "end": { "line": 308, "column": null } },
        "type": "if",
        "locations": [
          { "start": { "line": 303, "column": 2 }, "end": { "line": 308, "column": null } },
          { "start": {}, "end": {} }
        ],
        "line": 303
      },
      "26": {
        "loc": { "start": { "line": 303, "column": 6 }, "end": { "line": 303, "column": 47 } },
        "type": "binary-expr",
        "locations": [
          { "start": { "line": 303, "column": 6 }, "end": { "line": 303, "column": 21 } },
          { "start": { "line": 303, "column": 21 }, "end": { "line": 303, "column": 47 } }
        ],
        "line": 303
      },
      "27": {
        "loc": { "start": { "line": 317, "column": 22 }, "end": { "line": 317, "column": null } },
        "type": "binary-expr",
        "locations": [
          { "start": { "line": 317, "column": 22 }, "end": { "line": 317, "column": 84 } },
          { "start": { "line": 317, "column": 84 }, "end": { "line": 317, "column": null } }
        ],
        "line": 317
      },
      "28": {
        "loc": { "start": { "line": 326, "column": 13 }, "end": { "line": 326, "column": null } },
        "type": "cond-expr",
        "locations": [
          { "start": { "line": 326, "column": 38 }, "end": { "line": 326, "column": 54 } },
          { "start": { "line": 326, "column": 54 }, "end": { "line": 326, "column": null } }
        ],
        "line": 326
      },
      "29": {
        "loc": { "start": { "line": 336, "column": 2 }, "end": { "line": 342, "column": null } },
        "type": "if",
        "locations": [
          { "start": { "line": 336, "column": 2 }, "end": { "line": 342, "column": null } },
          { "start": {}, "end": {} }
        ],
        "line": 336
      },
      "30": {
        "loc": { "start": { "line": 344, "column": 2 }, "end": { "line": 349, "column": null } },
        "type": "if",
        "locations": [
          { "start": { "line": 344, "column": 2 }, "end": { "line": 349, "column": null } },
          { "start": {}, "end": {} }
        ],
        "line": 344
      },
      "31": {
        "loc": { "start": { "line": 344, "column": 6 }, "end": { "line": 344, "column": 47 } },
        "type": "binary-expr",
        "locations": [
          { "start": { "line": 344, "column": 6 }, "end": { "line": 344, "column": 21 } },
          { "start": { "line": 344, "column": 21 }, "end": { "line": 344, "column": 47 } }
        ],
        "line": 344
      },
      "32": {
        "loc": { "start": { "line": 358, "column": 22 }, "end": { "line": 358, "column": null } },
        "type": "binary-expr",
        "locations": [
          { "start": { "line": 358, "column": 22 }, "end": { "line": 358, "column": 84 } },
          { "start": { "line": 358, "column": 84 }, "end": { "line": 358, "column": null } }
        ],
        "line": 358
      },
      "33": {
        "loc": { "start": { "line": 367, "column": 13 }, "end": { "line": 367, "column": null } },
        "type": "cond-expr",
        "locations": [
          { "start": { "line": 367, "column": 38 }, "end": { "line": 367, "column": 54 } },
          { "start": { "line": 367, "column": 54 }, "end": { "line": 367, "column": null } }
        ],
        "line": 367
      },
      "34": {
        "loc": { "start": { "line": 379, "column": 8 }, "end": { "line": 386, "column": null } },
        "type": "if",
        "locations": [
          { "start": { "line": 379, "column": 8 }, "end": { "line": 386, "column": null } },
          { "start": {}, "end": {} }
        ],
        "line": 379
      },
      "35": {
        "loc": { "start": { "line": 389, "column": 17 }, "end": { "line": 389, "column": null } },
        "type": "cond-expr",
        "locations": [
          { "start": { "line": 389, "column": 42 }, "end": { "line": 389, "column": 58 } },
          { "start": { "line": 389, "column": 58 }, "end": { "line": 389, "column": null } }
        ],
        "line": 389
      },
      "36": {
        "loc": { "start": { "line": 402, "column": 15 }, "end": { "line": 402, "column": null } },
        "type": "cond-expr",
        "locations": [
          { "start": { "line": 402, "column": 40 }, "end": { "line": 402, "column": 56 } },
          { "start": { "line": 402, "column": 56 }, "end": { "line": 402, "column": null } }
        ],
        "line": 402
      },
      "37": {
        "loc": { "start": { "line": 414, "column": 15 }, "end": { "line": 414, "column": null } },
        "type": "cond-expr",
        "locations": [
          { "start": { "line": 414, "column": 40 }, "end": { "line": 414, "column": 56 } },
          { "start": { "line": 414, "column": 56 }, "end": { "line": 414, "column": null } }
        ],
        "line": 414
      },
      "38": {
        "loc": { "start": { "line": 475, "column": 4 }, "end": { "line": 475, "column": null } },
        "type": "if",
        "locations": [
          { "start": { "line": 475, "column": 4 }, "end": { "line": 475, "column": null } },
          { "start": {}, "end": {} }
        ],
        "line": 475
      },
      "39": {
        "loc": { "start": { "line": 480, "column": 8 }, "end": { "line": 487, "column": null } },
        "type": "cond-expr",
        "locations": [
          { "start": { "line": 481, "column": 12 }, "end": { "line": 481, "column": null } },
          { "start": { "line": 482, "column": 12 }, "end": { "line": 487, "column": null } }
        ],
        "line": 480
      },
      "40": {
        "loc": { "start": { "line": 482, "column": 12 }, "end": { "line": 487, "column": null } },
        "type": "cond-expr",
        "locations": [
          { "start": { "line": 483, "column": 14 }, "end": { "line": 486, "column": null } },
          { "start": { "line": 487, "column": 14 }, "end": { "line": 487, "column": null } }
        ],
        "line": 482
      }
    },
    "s": {
      "0": 1,
      "1": 1,
      "2": 1,
      "3": 1,
      "4": 1,
      "5": 1,
      "6": 5,
      "7": 0,
      "8": 5,
      "9": 5,
      "10": 1,
      "11": 4,
      "12": 4,
      "13": 0,
      "14": 4,
      "15": 4,
      "16": 0,
      "17": 1,
      "18": 1,
      "19": 1,
      "20": 0,
      "21": 1,
      "22": 1,
      "23": 1,
      "24": 44,
      "25": 44,
      "26": 24,
      "27": 44,
      "28": 44,
      "29": 19,
      "30": 13,
      "31": 6,
      "32": 6,
      "33": 5,
      "34": 1,
      "35": 1,
      "36": 0,
      "37": 1,
      "38": 1,
      "39": 0,
      "40": 14,
      "41": 14,
      "42": 14,
      "43": 0,
      "44": 14,
      "45": 14,
      "46": 44,
      "47": 44,
      "48": 25,
      "49": 44,
      "50": 4,
      "51": 4,
      "52": 4,
      "53": 0,
      "54": 4,
      "55": 4,
      "56": 4,
      "57": 3,
      "58": 3,
      "59": 3,
      "60": 4,
      "61": 4,
      "62": 1,
      "63": 3,
      "64": 3,
      "65": 1,
      "66": 1,
      "67": 1,
      "68": 2,
      "69": 2,
      "70": 2,
      "71": 1,
      "72": 1,
      "73": 1,
      "74": 1,
      "75": 44,
      "76": 44,
      "77": 14,
      "78": 14,
      "79": 2,
      "80": 44,
      "81": 44,
      "82": 1,
      "83": 1,
      "84": 1,
      "85": 1,
      "86": 3,
      "87": 3,
      "88": 1,
      "89": 2,
      "90": 2,
      "91": 1,
      "92": 6,
      "93": 6,
      "94": 1,
      "95": 5,
      "96": 5,
      "97": 1,
      "98": 4,
      "99": 4,
      "100": 4,
      "101": 4,
      "102": 2,
      "103": 2,
      "104": 2,
      "105": 1,
      "106": 2,
      "107": 1,
      "108": 1,
      "109": 1,
      "110": 1,
      "111": 1,
      "112": 2,
      "113": 1,
      "114": 3,
      "115": 3,
      "116": 1,
      "117": 2,
      "118": 2,
      "119": 1,
      "120": 1,
      "121": 4,
      "122": 4,
      "123": 4,
      "124": 1,
      "125": 3,
      "126": 1,
      "127": 2,
      "128": 2,
      "129": 1,
      "130": 1,
      "131": 4,
      "132": 4,
      "133": 4,
      "134": 4,
      "135": 4,
      "136": 1,
      "137": 4,
      "138": 4,
      "139": 1,
      "140": 3,
      "141": 1,
      "142": 2,
      "143": 2,
      "144": 1,
      "145": 1,
      "146": 4,
      "147": 4,
      "148": 4,
      "149": 4,
      "150": 4,
      "151": 1,
      "152": 8,
      "153": 0,
      "154": 0,
      "155": 0,
      "156": 0,
      "157": 0,
      "158": 8,
      "159": 0,
      "160": 0,
      "161": 0,
      "162": 0,
      "163": 8,
      "164": 0,
      "165": 0,
      "166": 0,
      "167": 0,
      "168": 8,
      "169": 0,
      "170": 8,
      "171": 0,
      "172": 8,
      "173": 0,
      "174": 8,
      "175": 0,
      "176": 8,
      "177": 0,
      "178": 8,
      "179": 0,
      "180": 8,
      "181": 0,
      "182": 8,
      "183": 0,
      "184": 8,
      "185": 0,
      "186": 8,
      "187": 0,
      "188": 8,
      "189": 0,
      "190": 8,
      "191": 0,
      "192": 8,
      "193": 4,
      "194": 4,
      "195": 1,
      "196": 3,
      "197": 3,
      "198": 2,
      "199": 8,
      "200": 1,
      "201": 8,
      "202": 1,
      "203": 8,
      "204": 1
    },
    "f": {
      "0": 5,
      "1": 1,
      "2": 44,
      "3": 19,
      "4": 14,
      "5": 44,
      "6": 4,
      "7": 4,
      "8": 1,
      "9": 1,
      "10": 2,
      "11": 1,
      "12": 44,
      "13": 14,
      "14": 2,
      "15": 44,
      "16": 1,
      "17": 3,
      "18": 6,
      "19": 3,
      "20": 4,
      "21": 4,
      "22": 4,
      "23": 8,
      "24": 0,
      "25": 0,
      "26": 0,
      "27": 0,
      "28": 0,
      "29": 0,
      "30": 0,
      "31": 0,
      "32": 0,
      "33": 0,
      "34": 0,
      "35": 0,
      "36": 0,
      "37": 0,
      "38": 0,
      "39": 4,
      "40": 3,
      "41": 2,
      "42": 1,
      "43": 1,
      "44": 1
    },
    "b": {
      "0": [0, 5],
      "1": [1, 4],
      "2": [0, 4],
      "3": [0, 1],
      "4": [24, 20],
      "5": [13, 6],
      "6": [5, 1],
      "7": [0, 1],
      "8": [0, 14],
      "9": [25, 19],
      "10": [4, 0],
      "11": [0, 4],
      "12": [3, 0],
      "13": [1, 3],
      "14": [1, 0],
      "15": [1, 2],
      "16": [1, 5],
      "17": [1, 4],
      "18": [5, 4],
      "19": [2, 2],
      "20": [1, 1],
      "21": [1, 0],
      "22": [1, 2],
      "23": [1, 0],
      "24": [1, 3],
      "25": [1, 2],
      "26": [3, 3],
      "27": [1, 0],
      "28": [1, 0],
      "29": [1, 3],
      "30": [1, 2],
      "31": [3, 3],
      "32": [1, 0],
      "33": [1, 0],
      "34": [0, 0],
      "35": [0, 0],
      "36": [0, 0],
      "37": [0, 0],
      "38": [1, 3],
      "39": [1, 2],
      "40": [1, 1]
    },
    "meta": {
      "lastBranch": 41,
      "lastFunction": 45,
      "lastStatement": 205,
      "seen": {
        "s:22:6:22:Infinity": 0,
        "s:23:6:23:Infinity": 1,
        "s:24:6:24:Infinity": 2,
        "s:26:35:26:Infinity": 3,
        "s:27:34:27:Infinity": 4,
        "s:28:37:28:Infinity": 5,
        "f:30:9:30:37": 0,
        "b:31:2:31:Infinity:undefined:undefined:undefined:undefined": 0,
        "s:31:2:31:Infinity": 6,
        "s:31:20:31:Infinity": 7,
        "s:32:2:43:Infinity": 8,
        "b:33:4:33:Infinity:undefined:undefined:undefined:undefined": 1,
        "s:33:4:33:Infinity": 9,
        "s:33:31:33:Infinity": 10,
        "s:34:10:34:Infinity": 11,
        "b:35:4:39:Infinity:37:11:39:Infinity": 2,
        "s:35:4:39:Infinity": 12,
        "s:36:6:36:Infinity": 13,
        "s:38:6:38:Infinity": 14,
        "s:40:4:40:Infinity": 15,
        "s:42:4:42:Infinity": 16,
        "f:46:9:46:26": 1,
        "s:47:8:47:Infinity": 17,
        "s:48:2:48:Infinity": 18,
        "b:49:2:53:Infinity:51:9:53:Infinity": 3,
        "s:49:2:53:Infinity": 19,
        "s:50:4:50:Infinity": 20,
        "s:52:4:52:Infinity": 21,
        "s:54:2:54:Infinity": 22,
        "s:55:2:55:Infinity": 23,
        "f:58:9:58:34": 2,
        "s:59:2:63:Infinity": 24,
        "b:60:4:60:Infinity:undefined:undefined:undefined:undefined": 4,
        "s:60:4:60:Infinity": 25,
        "s:60:30:60:Infinity": 26,
        "s:64:2:64:Infinity": 27,
        "s:65:2:65:Infinity": 28,
        "f:68:9:68:40": 3,
        "b:69:2:69:Infinity:undefined:undefined:undefined:undefined": 5,
        "s:69:2:69:Infinity": 29,
        "s:69:23:69:Infinity": 30,
        "s:70:2:81:Infinity": 31,
        "b:71:4:71:Infinity:undefined:undefined:undefined:undefined": 6,
        "s:71:4:71:Infinity": 32,
        "s:71:38:71:Infinity": 33,
        "s:72:10:72:Infinity": 34,
        "b:73:4:77:Infinity:75:11:77:Infinity": 7,
        "s:73:4:77:Infinity": 35,
        "s:74:6:74:Infinity": 36,
        "s:76:6:76:Infinity": 37,
        "s:78:4:78:Infinity": 38,
        "s:80:4:80:Infinity": 39,
        "f:84:9:84:29": 4,
        "s:85:8:85:Infinity": 40,
        "s:86:2:86:Infinity": 41,
        "b:87:2:91:Infinity:89:9:91:Infinity": 8,
        "s:87:2:91:Infinity": 42,
        "s:88:4:88:Infinity": 43,
        "s:90:4:90:Infinity": 44,
        "s:92:2:92:Infinity": 45,
        "f:95:9:95:37": 5,
        "s:96:2:100:Infinity": 46,
        "b:97:4:97:Infinity:undefined:undefined:undefined:undefined": 9,
        "s:97:4:97:Infinity": 47,
        "s:97:37:97:Infinity": 48,
        "s:101:2:101:Infinity": 49,
        "f:104:9:104:36": 6,
        "b:105:2:111:Infinity:undefined:undefined:undefined:undefined": 10,
        "s:105:2:111:Infinity": 50,
        "s:106:19:106:Infinity": 51,
        "b:107:4:109:Infinity:undefined:undefined:undefined:undefined": 11,
        "s:107:4:109:Infinity": 52,
        "s:108:6:108:Infinity": 53,
        "s:110:4:110:Infinity": 54,
        "s:112:2:112:Infinity": 55,
        "f:120:22:120:Infinity": 7,
        "s:124:2:124:Infinity": 56,
        "s:126:24:126:Infinity": 57,
        "s:127:35:127:Infinity": 58,
        "s:129:16:129:Infinity": 59,
        "b:129:16:129:33:129:33:129:Infinity": 12,
        "s:130:2:130:Infinity": 60,
        "b:132:2:134:Infinity:undefined:undefined:undefined:undefined": 13,
        "s:132:2:134:Infinity": 61,
        "s:133:4:133:Infinity": 62,
        "s:136:16:136:Infinity": 63,
        "s:138:2:138:Infinity": 64,
        "f:141:22:141:Infinity": 8,
        "s:144:24:144:Infinity": 65,
        "s:145:2:145:Infinity": 66,
        "f:148:22:148:61": 9,
        "s:149:2:149:Infinity": 67,
        "f:152:22:152:39": 10,
        "s:153:2:164:Infinity": 68,
        "s:155:23:155:Infinity": 69,
        "s:156:4:156:Infinity": 70,
        "s:157:4:157:Infinity": 71,
        "s:158:4:158:Infinity": 72,
        "s:160:4:163:Infinity": 73,
        "b:162:38:162:54:162:54:162:Infinity": 14,
        "f:167:16:167:76": 11,
        "s:168:2:168:Infinity": 74,
        "f:171:16:171:56": 12,
        "s:172:2:172:Infinity": 75,
        "s:173:2:173:Infinity": 76,
        "f:176:16:176:36": 13,
        "s:177:2:177:Infinity": 77,
        "s:178:2:178:Infinity": 78,
        "f:181:16:181:79": 14,
        "s:182:2:182:Infinity": 79,
        "f:185:16:185:59": 15,
        "s:186:2:186:Infinity": 80,
        "s:187:2:187:Infinity": 81,
        "f:190:16:190:33": 16,
        "s:191:8:191:Infinity": 82,
        "s:192:2:192:Infinity": 83,
        "s:193:2:193:Infinity": 84,
        "s:194:2:194:Infinity": 85,
        "f:197:16:197:92": 17,
        "s:198:2:204:Infinity": 86,
        "b:199:4:199:Infinity:undefined:undefined:undefined:undefined": 15,
        "s:199:4:199:Infinity": 87,
        "s:199:34:199:Infinity": 88,
        "s:200:10:200:Infinity": 89,
        "s:201:4:201:Infinity": 90,
        "s:203:4:203:Infinity": 91,
        "f:207:22:207:Infinity": 18,
        "s:214:20:214:Infinity": 92,
        "b:215:2:221:Infinity:undefined:undefined:undefined:undefined": 16,
        "s:215:2:221:Infinity": 93,
        "s:216:4:220:Infinity": 94,
        "s:223:17:227:Infinity": 95,
        "b:229:2:231:Infinity:undefined:undefined:undefined:undefined": 17,
        "s:229:2:231:Infinity": 96,
        "b:229:6:229:25:229:25:229:56": 18,
        "s:230:4:230:Infinity": 97,
        "s:233:19:233:Infinity": 98,
        "s:234:8:234:Infinity": 99,
        "s:236:2:260:Infinity": 100,
        "b:239:4:252:Infinity:245:4:252:Infinity": 19,
        "s:239:4:252:Infinity": 101,
        "s:240:12:240:Infinity": 102,
        "s:242:12:242:Infinity": 103,
        "s:243:22:243:Infinity": 104,
        "s:244:6:244:Infinity": 105,
        "b:245:4:252:Infinity:250:11:252:Infinity": 20,
        "s:245:4:252:Infinity": 106,
        "s:246:12:246:Infinity": 107,
        "s:247:12:247:Infinity": 108,
        "s:248:24:248:Infinity": 109,
        "s:249:6:249:Infinity": 110,
        "s:251:6:251:Infinity": 111,
        "s:254:4:254:Infinity": 112,
        "s:256:4:259:Infinity": 113,
        "b:258:38:258:54:258:54:258:Infinity": 21,
        "f:263:22:263:Infinity": 19,
        "s:266:20:266:Infinity": 114,
        "b:267:2:269:Infinity:undefined:undefined:undefined:undefined": 22,
        "s:267:2:269:Infinity": 115,
        "s:268:4:268:Infinity": 116,
        "s:271:2:279:Infinity": 117,
        "s:272:23:272:Infinity": 118,
        "s:273:4:273:Infinity": 119,
        "s:275:4:278:Infinity": 120,
        "b:277:38:277:54:277:54:277:Infinity": 23,
        "f:282:9:282:26": 20,
        "s:283:2:287:Infinity": 121,
        "f:290:22:290:Infinity": 21,
        "s:294:20:294:Infinity": 122,
        "b:295:2:301:Infinity:undefined:undefined:undefined:undefined": 24,
        "s:295:2:301:Infinity": 123,
        "s:296:4:300:Infinity": 124,
        "b:303:2:308:Infinity:undefined:undefined:undefined:undefined": 25,
        "s:303:2:308:Infinity": 125,
        "b:303:6:303:21:303:21:303:47": 26,
        "s:304:4:307:Infinity": 126,
        "s:310:2:328:Infinity": 127,
        "s:311:22:315:Infinity": 128,
        "s:316:25:316:Infinity": 129,
        "s:317:22:317:Infinity": 130,
        "b:317:22:317:84:317:84:317:Infinity": 27,
        "s:318:21:318:Infinity": 131,
        "s:319:10:319:Infinity": 132,
        "s:320:4:320:Infinity": 133,
        "s:321:4:321:Infinity": 134,
        "s:322:4:322:Infinity": 135,
        "s:324:4:327:Infinity": 136,
        "b:326:38:326:54:326:54:326:Infinity": 28,
        "f:331:22:331:Infinity": 22,
        "s:335:20:335:Infinity": 137,
        "b:336:2:342:Infinity:undefined:undefined:undefined:undefined": 29,
        "s:336:2:342:Infinity": 138,
        "s:337:4:341:Infinity": 139,
        "b:344:2:349:Infinity:undefined:undefined:undefined:undefined": 30,
        "s:344:2:349:Infinity": 140,
        "b:344:6:344:21:344:21:344:47": 31,
        "s:345:4:348:Infinity": 141,
        "s:351:2:369:Infinity": 142,
        "s:352:22:356:Infinity": 143,
        "s:357:25:357:Infinity": 144,
        "s:358:22:358:Infinity": 145,
        "b:358:22:358:84:358:84:358:Infinity": 32,
        "s:359:21:359:Infinity": 146,
        "s:360:10:360:Infinity": 147,
        "s:361:4:361:Infinity": 148,
        "s:362:4:362:Infinity": 149,
        "s:363:4:363:Infinity": 150,
        "s:365:4:368:Infinity": 151,
        "b:367:38:367:54:367:54:367:Infinity": 33,
        "f:372:16:372:44": 23,
        "s:373:2:393:Infinity": 152,
        "f:375:4:375:11": 24,
        "s:376:6:391:Infinity": 153,
        "s:377:8:377:Infinity": 154,
        "b:379:8:386:Infinity:undefined:undefined:undefined:undefined": 34,
        "s:379:8:386:Infinity": 155,
        "s:380:10:385:Infinity": 156,
        "s:387:8:390:Infinity": 157,
        "b:389:42:389:58:389:58:389:Infinity": 35,
        "s:395:2:405:Infinity": 158,
        "f:395:36:395:43": 25,
        "s:396:4:404:Infinity": 159,
        "s:397:21:397:Infinity": 160,
        "s:398:6:398:Infinity": 161,
        "s:400:6:403:Infinity": 162,
        "b:402:40:402:56:402:56:402:Infinity": 36,
        "s:407:2:417:Infinity": 163,
        "f:407:30:407:42": 26,
        "s:408:4:416:Infinity": 164,
        "s:409:20:409:Infinity": 165,
        "s:410:6:410:Infinity": 166,
        "s:412:6:415:Infinity": 167,
        "b:414:40:414:56:414:56:414:Infinity": 37,
        "s:419:2:421:Infinity": 168,
        "f:419:42:419:49": 27,
        "s:420:4:420:Infinity": 169,
        "s:423:2:425:Infinity": 170,
        "f:423:48:423:54": 28,
        "s:424:4:424:Infinity": 171,
        "s:427:2:429:Infinity": 172,
        "f:427:44:427:50": 29,
        "s:428:4:428:Infinity": 173,
        "s:431:2:433:Infinity": 174,
        "f:431:45:431:46": 30,
        "s:432:4:432:Infinity": 175,
        "s:435:2:437:Infinity": 176,
        "f:435:51:435:57": 31,
        "s:436:4:436:Infinity": 177,
        "s:439:2:441:Infinity": 178,
        "f:439:47:439:53": 32,
        "s:440:4:440:Infinity": 179,
        "s:443:2:445:Infinity": 180,
        "f:443:32:443:33": 33,
        "s:444:4:444:Infinity": 181,
        "s:447:2:449:Infinity": 182,
        "f:447:32:447:38": 34,
        "s:448:4:448:Infinity": 183,
        "s:451:2:453:Infinity": 184,
        "f:451:37:451:49": 35,
        "s:452:4:452:Infinity": 185,
        "s:455:2:457:Infinity": 186,
        "f:455:38:455:45": 36,
        "s:456:4:456:Infinity": 187,
        "s:459:2:464:Infinity": 188,
        "f:461:4:461:11": 37,
        "s:462:6:462:Infinity": 189,
        "s:466:2:471:Infinity": 190,
        "f:468:4:468:11": 38,
        "s:469:6:469:Infinity": 191,
        "s:473:2:489:Infinity": 192,
        "f:473:34:473:46": 39,
        "s:474:17:474:Infinity": 193,
        "b:475:4:475:Infinity:undefined:undefined:undefined:undefined": 38,
        "s:475:4:475:Infinity": 194,
        "s:475:15:475:Infinity": 195,
        "s:476:4:488:Infinity": 196,
        "b:481:12:481:Infinity:482:12:487:Infinity": 39,
        "b:483:14:486:Infinity:487:14:487:Infinity": 40,
        "f:484:24:484:25": 40,
        "s:484:31:484:46": 197,
        "f:485:21:485:22": 41,
        "s:485:28:485:53": 198,
        "s:491:2:493:Infinity": 199,
        "f:491:37:491:49": 42,
        "s:492:4:492:Infinity": 200,
        "s:495:2:497:Infinity": 201,
        "f:495:36:495:42": 43,
        "s:496:4:496:Infinity": 202,
        "s:499:2:501:Infinity": 203,
        "f:499:40:499:46": 44,
        "s:500:4:500:Infinity": 204
      }
    }
  },
  "C:\\Users\\lukaf\\Desktop\\Dev Work\\My Projects\\Job Search Tool\\apps\\desktop\\src\\renderer\\App.tsx": {
    "path": "C:\\Users\\lukaf\\Desktop\\Dev Work\\My Projects\\Job Search Tool\\apps\\desktop\\src\\renderer\\App.tsx",
    "statementMap": {
      "0": { "start": { "line": 21, "column": 20 }, "end": { "line": 21, "column": null } },
      "1": { "start": { "line": 24, "column": 2 }, "end": { "line": 29, "column": null } },
      "2": { "start": { "line": 25, "column": 17 }, "end": { "line": 25, "column": null } },
      "3": { "start": { "line": 26, "column": 4 }, "end": { "line": 26, "column": null } },
      "4": { "start": { "line": 28, "column": 4 }, "end": { "line": 28, "column": null } },
      "5": { "start": { "line": 33, "column": 2 }, "end": { "line": 33, "column": null } },
      "6": { "start": { "line": 37, "column": 22 }, "end": { "line": 37, "column": null } },
      "7": { "start": { "line": 38, "column": 36 }, "end": { "line": 38, "column": null } },
      "8": { "start": { "line": 39, "column": 36 }, "end": { "line": 39, "column": null } },
      "9": { "start": { "line": 40, "column": 32 }, "end": { "line": 40, "column": null } },
      "10": { "start": { "line": 42, "column": 34 }, "end": { "line": 42, "column": null } },
      "11": { "start": { "line": 44, "column": 35 }, "end": { "line": 44, "column": null } },
      "12": { "start": { "line": 55, "column": 2 }, "end": { "line": 55, "column": null } },
      "13": { "start": { "line": 57, "column": 24 }, "end": { "line": 57, "column": null } },
      "14": { "start": { "line": 57, "column": 53 }, "end": { "line": 57, "column": 65 } },
      "15": { "start": { "line": 60, "column": 2 }, "end": { "line": 62, "column": null } },
      "16": { "start": { "line": 61, "column": 4 }, "end": { "line": 61, "column": null } },
      "17": { "start": { "line": 65, "column": 2 }, "end": { "line": 71, "column": null } },
      "18": { "start": { "line": 66, "column": 4 }, "end": { "line": 70, "column": null } },
      "19": { "start": { "line": 67, "column": 6 }, "end": { "line": 69, "column": null } },
      "20": { "start": { "line": 68, "column": 8 }, "end": { "line": 68, "column": null } },
      "21": { "start": { "line": 73, "column": 8 }, "end": { "line": 78, "column": null } },
      "22": { "start": { "line": 75, "column": 6 }, "end": { "line": 75, "column": null } },
      "23": { "start": { "line": 80, "column": 8 }, "end": { "line": 88, "column": null } },
      "24": { "start": { "line": 81, "column": 4 }, "end": { "line": 87, "column": null } },
      "25": { "start": { "line": 82, "column": 21 }, "end": { "line": 82, "column": null } },
      "26": { "start": { "line": 82, "column": 38 }, "end": { "line": 82, "column": 65 } },
      "27": { "start": { "line": 83, "column": 6 }, "end": { "line": 85, "column": null } },
      "28": { "start": { "line": 84, "column": 8 }, "end": { "line": 84, "column": null } },
      "29": { "start": { "line": 84, "column": 34 }, "end": { "line": 84, "column": 61 } },
      "30": { "start": { "line": 86, "column": 6 }, "end": { "line": 86, "column": null } },
      "31": { "start": { "line": 90, "column": 21 }, "end": { "line": 122, "column": null } },
      "32": { "start": { "line": 91, "column": 4 }, "end": { "line": 121, "column": null } },
      "33": { "start": { "line": 93, "column": 8 }, "end": { "line": 107, "column": null } },
      "34": { "start": { "line": 110, "column": 8 }, "end": { "line": 115, "column": null } },
      "35": { "start": { "line": 118, "column": 8 }, "end": { "line": 118, "column": null } },
      "36": { "start": { "line": 120, "column": 8 }, "end": { "line": 120, "column": null } },
      "37": { "start": { "line": 124, "column": 2 }, "end": { "line": 150, "column": null } },
      "38": { "start": { "line": 126, "column": 37 }, "end": { "line": 126, "column": 67 } },
      "39": { "start": { "line": 132, "column": 23 }, "end": { "line": 132, "column": null } },
      "40": { "start": { "line": 142, "column": 25 }, "end": { "line": 142, "column": null } }
    },
    "fnMap": {
      "0": {
        "name": "loadSavedJobs",
        "decl": { "start": { "line": 23, "column": 9 }, "end": { "line": 23, "column": 42 } },
        "loc": { "start": { "line": 23, "column": 42 }, "end": { "line": 30, "column": null } },
        "line": 23
      },
      "1": {
        "name": "persistSavedJobs",
        "decl": { "start": { "line": 32, "column": 9 }, "end": { "line": 32, "column": 26 } },
        "loc": { "start": { "line": 32, "column": 55 }, "end": { "line": 34, "column": null } },
        "line": 32
      },
      "2": {
        "name": "App",
        "decl": { "start": { "line": 36, "column": 24 }, "end": { "line": 36, "column": 30 } },
        "loc": { "start": { "line": 36, "column": 30 }, "end": { "line": 152, "column": null } },
        "line": 36
      },
      "3": {
        "name": "(anonymous_3)",
        "decl": { "start": { "line": 57, "column": 46 }, "end": { "line": 57, "column": 47 } },
        "loc": { "start": { "line": 57, "column": 53 }, "end": { "line": 57, "column": 65 } },
        "line": 57
      },
      "4": {
        "name": "(anonymous_4)",
        "decl": { "start": { "line": 60, "column": 12 }, "end": { "line": 60, "column": 18 } },
        "loc": { "start": { "line": 60, "column": 18 }, "end": { "line": 62, "column": 5 } },
        "line": 60
      },
      "5": {
        "name": "(anonymous_5)",
        "decl": { "start": { "line": 65, "column": 12 }, "end": { "line": 65, "column": 18 } },
        "loc": { "start": { "line": 65, "column": 18 }, "end": { "line": 71, "column": 5 } },
        "line": 65
      },
      "6": {
        "name": "(anonymous_6)",
        "decl": { "start": { "line": 66, "column": 41 }, "end": { "line": 66, "column": 42 } },
        "loc": { "start": { "line": 66, "column": 53 }, "end": { "line": 70, "column": 5 } },
        "line": 66
      },
      "7": {
        "name": "(anonymous_7)",
        "decl": { "start": { "line": 74, "column": 4 }, "end": { "line": 74, "column": 5 } },
        "loc": { "start": { "line": 74, "column": 59 }, "end": { "line": 76, "column": null } },
        "line": 74
      },
      "8": {
        "name": "(anonymous_8)",
        "decl": { "start": { "line": 80, "column": 37 }, "end": { "line": 80, "column": 38 } },
        "loc": { "start": { "line": 80, "column": 57 }, "end": { "line": 88, "column": 5 } },
        "line": 80
      },
      "9": {
        "name": "(anonymous_9)",
        "decl": { "start": { "line": 81, "column": 17 }, "end": { "line": 81, "column": 18 } },
        "loc": { "start": { "line": 81, "column": 27 }, "end": { "line": 87, "column": 5 } },
        "line": 81
      },
      "10": {
        "name": "(anonymous_10)",
        "decl": { "start": { "line": 82, "column": 31 }, "end": { "line": 82, "column": 32 } },
        "loc": { "start": { "line": 82, "column": 38 }, "end": { "line": 82, "column": 65 } },
        "line": 82
      },
      "11": {
        "name": "(anonymous_11)",
        "decl": { "start": { "line": 84, "column": 27 }, "end": { "line": 84, "column": 28 } },
        "loc": { "start": { "line": 84, "column": 34 }, "end": { "line": 84, "column": 61 } },
        "line": 84
      },
      "12": {
        "name": "(anonymous_12)",
        "decl": { "start": { "line": 90, "column": 21 }, "end": { "line": 90, "column": 27 } },
        "loc": { "start": { "line": 90, "column": 27 }, "end": { "line": 122, "column": null } },
        "line": 90
      },
      "13": {
        "name": "(anonymous_13)",
        "decl": { "start": { "line": 126, "column": 31 }, "end": { "line": 126, "column": 37 } },
        "loc": { "start": { "line": 126, "column": 37 }, "end": { "line": 126, "column": 67 } },
        "line": 126
      },
      "14": {
        "name": "(anonymous_14)",
        "decl": { "start": { "line": 132, "column": 17 }, "end": { "line": 132, "column": 23 } },
        "loc": { "start": { "line": 132, "column": 23 }, "end": { "line": 132, "column": null } },
        "line": 132
      },
      "15": {
        "name": "(anonymous_15)",
        "decl": { "start": { "line": 142, "column": 19 }, "end": { "line": 142, "column": 25 } },
        "loc": { "start": { "line": 142, "column": 25 }, "end": { "line": 142, "column": null } },
        "line": 142
      }
    },
    "branchMap": {
      "0": {
        "loc": { "start": { "line": 26, "column": 11 }, "end": { "line": 26, "column": null } },
        "type": "cond-expr",
        "locations": [
          { "start": { "line": 26, "column": 18 }, "end": { "line": 26, "column": 37 } },
          { "start": { "line": 26, "column": 37 }, "end": { "line": 26, "column": null } }
        ],
        "line": 26
      },
      "1": {
        "loc": { "start": { "line": 67, "column": 6 }, "end": { "line": 69, "column": null } },
        "type": "if",
        "locations": [
          { "start": { "line": 67, "column": 6 }, "end": { "line": 69, "column": null } },
          { "start": {}, "end": {} }
        ],
        "line": 67
      },
      "2": {
        "loc": { "start": { "line": 67, "column": 10 }, "end": { "line": 67, "column": 41 } },
        "type": "binary-expr",
        "locations": [
          { "start": { "line": 67, "column": 10 }, "end": { "line": 67, "column": 28 } },
          { "start": { "line": 67, "column": 28 }, "end": { "line": 67, "column": 41 } }
        ],
        "line": 67
      },
      "3": {
        "loc": { "start": { "line": 83, "column": 6 }, "end": { "line": 85, "column": null } },
        "type": "if",
        "locations": [
          { "start": { "line": 83, "column": 6 }, "end": { "line": 85, "column": null } },
          { "start": {}, "end": {} }
        ],
        "line": 83
      },
      "4": {
        "loc": { "start": { "line": 91, "column": 4 }, "end": { "line": 121, "column": null } },
        "type": "switch",
        "locations": [
          { "start": { "line": 92, "column": 6 }, "end": { "line": 107, "column": null } },
          { "start": { "line": 109, "column": 6 }, "end": { "line": 115, "column": null } },
          { "start": { "line": 117, "column": 6 }, "end": { "line": 118, "column": null } },
          { "start": { "line": 119, "column": 6 }, "end": { "line": 120, "column": null } }
        ],
        "line": 91
      },
      "5": {
        "loc": { "start": { "line": 139, "column": 7 }, "end": { "line": 146, "column": null } },
        "type": "binary-expr",
        "locations": [
          { "start": { "line": 139, "column": 7 }, "end": { "line": 139, "column": null } },
          { "start": { "line": 140, "column": 8 }, "end": { "line": 146, "column": null } }
        ],
        "line": 139
      }
    },
    "s": {
      "0": 1,
      "1": 10,
      "2": 10,
      "3": 10,
      "4": 0,
      "5": 13,
      "6": 30,
      "7": 30,
      "8": 30,
      "9": 30,
      "10": 30,
      "11": 30,
      "12": 30,
      "13": 30,
      "14": 2,
      "15": 30,
      "16": 13,
      "17": 30,
      "18": 13,
      "19": 13,
      "20": 1,
      "21": 30,
      "22": 4,
      "23": 30,
      "24": 3,
      "25": 3,
      "26": 1,
      "27": 3,
      "28": 1,
      "29": 1,
      "30": 2,
      "31": 30,
      "32": 29,
      "33": 26,
      "34": 1,
      "35": 1,
      "36": 1,
      "37": 30,
      "38": 4,
      "39": 3,
      "40": 0
    },
    "f": {
      "0": 10,
      "1": 13,
      "2": 30,
      "3": 2,
      "4": 13,
      "5": 13,
      "6": 13,
      "7": 4,
      "8": 3,
      "9": 3,
      "10": 1,
      "11": 1,
      "12": 29,
      "13": 4,
      "14": 3,
      "15": 0
    },
    "b": {
      "0": [0, 10],
      "1": [1, 12],
      "2": [13, 13],
      "3": [1, 2],
      "4": [26, 1, 1, 1],
      "5": [30, 0]
    },
    "meta": {
      "lastBranch": 6,
      "lastFunction": 16,
      "lastStatement": 41,
      "seen": {
        "s:21:20:21:Infinity": 0,
        "f:23:9:23:42": 0,
        "s:24:2:29:Infinity": 1,
        "s:25:17:25:Infinity": 2,
        "s:26:4:26:Infinity": 3,
        "b:26:18:26:37:26:37:26:Infinity": 0,
        "s:28:4:28:Infinity": 4,
        "f:32:9:32:26": 1,
        "s:33:2:33:Infinity": 5,
        "f:36:24:36:30": 2,
        "s:37:22:37:Infinity": 6,
        "s:38:36:38:Infinity": 7,
        "s:39:36:39:Infinity": 8,
        "s:40:32:40:Infinity": 9,
        "s:42:34:42:Infinity": 10,
        "s:44:35:44:Infinity": 11,
        "s:55:2:55:Infinity": 12,
        "s:57:24:57:Infinity": 13,
        "f:57:46:57:47": 3,
        "s:57:53:57:65": 14,
        "s:60:2:62:Infinity": 15,
        "f:60:12:60:18": 4,
        "s:61:4:61:Infinity": 16,
        "s:65:2:71:Infinity": 17,
        "f:65:12:65:18": 5,
        "s:66:4:70:Infinity": 18,
        "f:66:41:66:42": 6,
        "b:67:6:69:Infinity:undefined:undefined:undefined:undefined": 1,
        "s:67:6:69:Infinity": 19,
        "b:67:10:67:28:67:28:67:41": 2,
        "s:68:8:68:Infinity": 20,
        "s:73:8:78:Infinity": 21,
        "f:74:4:74:5": 7,
        "s:75:6:75:Infinity": 22,
        "s:80:8:88:Infinity": 23,
        "f:80:37:80:38": 8,
        "s:81:4:87:Infinity": 24,
        "f:81:17:81:18": 9,
        "s:82:21:82:Infinity": 25,
        "f:82:31:82:32": 10,
        "s:82:38:82:65": 26,
        "b:83:6:85:Infinity:undefined:undefined:undefined:undefined": 3,
        "s:83:6:85:Infinity": 27,
        "s:84:8:84:Infinity": 28,
        "f:84:27:84:28": 11,
        "s:84:34:84:61": 29,
        "s:86:6:86:Infinity": 30,
        "s:90:21:122:Infinity": 31,
        "f:90:21:90:27": 12,
        "b:92:6:107:Infinity:109:6:115:Infinity:117:6:118:Infinity:119:6:120:Infinity": 4,
        "s:91:4:121:Infinity": 32,
        "s:93:8:107:Infinity": 33,
        "s:110:8:115:Infinity": 34,
        "s:118:8:118:Infinity": 35,
        "s:120:8:120:Infinity": 36,
        "s:124:2:150:Infinity": 37,
        "f:126:31:126:37": 13,
        "s:126:37:126:67": 38,
        "f:132:17:132:23": 14,
        "s:132:23:132:Infinity": 39,
        "b:139:7:139:Infinity:140:8:146:Infinity": 5,
        "f:142:19:142:25": 15,
        "s:142:25:142:Infinity": 40
      }
    }
  },
  "C:\\Users\\lukaf\\Desktop\\Dev Work\\My Projects\\Job Search Tool\\apps\\desktop\\src\\renderer\\main.tsx": {
    "path": "C:\\Users\\lukaf\\Desktop\\Dev Work\\My Projects\\Job Search Tool\\apps\\desktop\\src\\renderer\\main.tsx",
    "statementMap": {
      "0": { "start": { "line": 6, "column": 0 }, "end": { "line": 10, "column": null } }
    },
    "fnMap": {},
    "branchMap": {},
    "s": { "0": 0 },
    "f": {},
    "b": {},
    "meta": {
      "lastBranch": 0,
      "lastFunction": 0,
      "lastStatement": 1,
      "seen": { "s:6:0:10:Infinity": 0 }
    }
  },
  "C:\\Users\\lukaf\\Desktop\\Dev Work\\My Projects\\Job Search Tool\\apps\\desktop\\src\\renderer\\components\\Header.tsx": {
    "path": "C:\\Users\\lukaf\\Desktop\\Dev Work\\My Projects\\Job Search Tool\\apps\\desktop\\src\\renderer\\components\\Header.tsx",
    "statementMap": {
      "0": { "start": { "line": 6, "column": 2 }, "end": { "line": 34, "column": null } }
    },
    "fnMap": {
      "0": {
        "name": "Header",
        "decl": { "start": { "line": 5, "column": 16 }, "end": { "line": 5, "column": 23 } },
        "loc": { "start": { "line": 5, "column": 57 }, "end": { "line": 36, "column": null } },
        "line": 5
      }
    },
    "branchMap": {},
    "s": { "0": 33 },
    "f": { "0": 33 },
    "b": {},
    "meta": {
      "lastBranch": 0,
      "lastFunction": 1,
      "lastStatement": 1,
      "seen": { "f:5:16:5:23": 0, "s:6:2:34:Infinity": 0 }
    }
  },
  "C:\\Users\\lukaf\\Desktop\\Dev Work\\My Projects\\Job Search Tool\\apps\\desktop\\src\\renderer\\components\\JobCard.tsx": {
    "path": "C:\\Users\\lukaf\\Desktop\\Dev Work\\My Projects\\Job Search Tool\\apps\\desktop\\src\\renderer\\components\\JobCard.tsx",
    "statementMap": {
      "0": { "start": { "line": 11, "column": 2 }, "end": { "line": 11, "column": null } },
      "1": { "start": { "line": 11, "column": 64 }, "end": { "line": 11, "column": null } },
      "2": { "start": { "line": 12, "column": 19 }, "end": { "line": 12, "column": null } },
      "3": { "start": { "line": 13, "column": 17 }, "end": { "line": 13, "column": null } },
      "4": { "start": { "line": 14, "column": 14 }, "end": { "line": 14, "column": null } },
      "5": { "start": { "line": 15, "column": 14 }, "end": { "line": 15, "column": null } },
      "6": { "start": { "line": 16, "column": 22 }, "end": { "line": 16, "column": null } },
      "7": { "start": { "line": 17, "column": 2 }, "end": { "line": 17, "column": null } },
      "8": { "start": { "line": 21, "column": 17 }, "end": { "line": 21, "column": null } },
      "9": { "start": { "line": 22, "column": 19 }, "end": { "line": 22, "column": null } },
      "10": { "start": { "line": 23, "column": 2 }, "end": { "line": 23, "column": null } },
[...]
      "14": { "start": { "line": 43, "column": 37 }, "end": { "line": 43, "column": null } },
      "15": { "start": { "line": 45, "column": 4 }, "end": { "line": 49, "column": null } },
      "16": { "start": { "line": 47, "column": 8 }, "end": { "line": 47, "column": null } },
      "17": { "start": { "line": 51, "column": 4 }, "end": { "line": 63, "column": null } },
      "18": { "start": { "line": 53, "column": 21 }, "end": { "line": 53, "column": null } },
      "19": { "start": { "line": 54, "column": 31 }, "end": { "line": 54, "column": null } },
      "20": { "start": { "line": 55, "column": 8 }, "end": { "line": 58, "column": null } },
      "21": { "start": { "line": 56, "column": 10 }, "end": { "line": 56, "column": null } },
      "22": { "start": { "line": 57, "column": 10 }, "end": { "line": 57, "column": null } },
      "23": { "start": { "line": 59, "column": 8 }, "end": { "line": 59, "column": null } },
      "24": { "start": { "line": 60, "column": 8 }, "end": { "line": 60, "column": null } },
      "25": { "start": { "line": 61, "column": 8 }, "end": { "line": 61, "column": null } },
      "26": { "start": { "line": 65, "column": 4 }, "end": { "line": 69, "column": null } },
      "27": { "start": { "line": 67, "column": 8 }, "end": { "line": 67, "column": null } },
      "28": { "start": { "line": 71, "column": 4 }, "end": { "line": 77, "column": null } },
      "29": { "start": { "line": 73, "column": 25 }, "end": { "line": 73, "column": null } },
      "30": { "start": { "line": 74, "column": 8 }, "end": { "line": 74, "column": null } },
      "31": { "start": { "line": 75, "column": 8 }, "end": { "line": 75, "column": null } },
      "32": { "start": { "line": 79, "column": 4 }, "end": { "line": 86, "column": null } },
      "33": { "start": { "line": 81, "column": 21 }, "end": { "line": 81, "column": null } },
      "34": { "start": { "line": 82, "column": 8 }, "end": { "line": 82, "column": null } },
      "35": { "start": { "line": 83, "column": 8 }, "end": { "line": 83, "column": null } },
      "36": { "start": { "line": 84, "column": 8 }, "end": { "line": 84, "column": null } },
      "37": { "start": { "line": 88, "column": 4 }, "end": { "line": 94, "column": null } },
      "38": { "start": { "line": 90, "column": 20 }, "end": { "line": 90, "column": null } },
      "39": { "start": { "line": 91, "column": 8 }, "end": { "line": 91, "column": null } },
      "40": { "start": { "line": 92, "column": 8 }, "end": { "line": 92, "column": null } },
      "41": { "start": { "line": 96, "column": 4 }, "end": { "line": 98, "column": null } },
      "42": { "start": { "line": 97, "column": 6 }, "end": { "line": 97, "column": null } },
      "43": { "start": { "line": 97, "column": 36 }, "end": { "line": 97, "column": 45 } },
      "44": { "start": { "line": 101, "column": 8 }, "end": { "line": 121, "column": null } },
      "45": { "start": { "line": 102, "column": 4 }, "end": { "line": 102, "column": null } },
      "46": { "start": { "line": 103, "column": 4 }, "end": { "line": 103, "column": null } },
      "47": { "start": { "line": 104, "column": 4 }, "end": { "line": 104, "column": null } },
      "48": { "start": { "line": 105, "column": 4 }, "end": { "line": 120, "column": null } },
      "49": { "start": { "line": 106, "column": 21 }, "end": { "line": 106, "column": null } },
      "50": { "start": { "line": 107, "column": 6 }, "end": { "line": 116, "column": null } },
      "51": { "start": { "line": 108, "column": 8 }, "end": { "line": 111, "column": null } },
      "52": { "start": { "line": 109, "column": 10 }, "end": { "line": 109, "column": null } },
      "53": { "start": { "line": 110, "column": 10 }, "end": { "line": 110, "column": null } },
      "54": { "start": { "line": 112, "column": 8 }, "end": { "line": 112, "column": null } },
      "55": { "start": { "line": 113, "column": 8 }, "end": { "line": 113, "column": null } },
      "56": { "start": { "line": 115, "column": 8 }, "end": { "line": 115, "column": null } },
      "57": { "start": { "line": 118, "column": 6 }, "end": { "line": 118, "column": null } },
      "58": { "start": { "line": 119, "column": 6 }, "end": { "line": 119, "column": null } },
      "59": { "start": { "line": 123, "column": 8 }, "end": { "line": 134, "column": null } },
      "60": { "start": { "line": 124, "column": 4 }, "end": { "line": 124, "column": null } },
      "61": { "start": { "line": 125, "column": 4 }, "end": { "line": 125, "column": null } },
      "62": { "start": { "line": 126, "column": 4 }, "end": { "line": 126, "column": null } },
      "63": { "start": { "line": 127, "column": 4 }, "end": { "line": 133, "column": null } },
      "64": { "start": { "line": 128, "column": 6 }, "end": { "line": 128, "column": null } },
      "65": { "start": { "line": 130, "column": 6 }, "end": { "line": 130, "column": null } },
      "66": { "start": { "line": 131, "column": 6 }, "end": { "line": 131, "column": null } },
      "67": { "start": { "line": 132, "column": 6 }, "end": { "line": 132, "column": null } },
      "68": { "start": { "line": 136, "column": 8 }, "end": { "line": 138, "column": null } },
      "69": { "start": { "line": 137, "column": 4 }, "end": { "line": 137, "column": null } },
      "70": { "start": { "line": 140, "column": 8 }, "end": { "line": 146, "column": null } },
      "71": { "start": { "line": 141, "column": 4 }, "end": { "line": 141, "column": null } },
      "72": { "start": { "line": 142, "column": 4 }, "end": { "line": 142, "column": null } },
      "73": { "start": { "line": 143, "column": 4 }, "end": { "line": 143, "column": null } },
      "74": { "start": { "line": 144, "column": 4 }, "end": { "line": 144, "column": null } },
      "75": { "start": { "line": 145, "column": 4 }, "end": { "line": 145, "column": null } },
      "76": { "start": { "line": 148, "column": 8 }, "end": { "line": 150, "column": null } },
      "77": { "start": { "line": 149, "column": 4 }, "end": { "line": 149, "column": null } },
      "78": { "start": { "line": 152, "column": 8 }, "end": { "line": 158, "column": null } },
      "79": { "start": { "line": 153, "column": 4 }, "end": { "line": 153, "column": null } },
      "80": { "start": { "line": 154, "column": 4 }, "end": { "line": 154, "column": null } },
      "81": { "start": { "line": 155, "column": 4 }, "end": { "line": 155, "column": null } },
      "82": { "start": { "line": 156, "column": 4 }, "end": { "line": 156, "column": null } },
      "83": { "start": { "line": 157, "column": 4 }, "end": { "line": 157, "column": null } },
      "84": { "start": { "line": 160, "column": 2 }, "end": { "line": 174, "column": null } }
    },
    "fnMap": {
      "0": {
        "name": "useUpdater",
        "decl": { "start": { "line": 27, "column": 16 }, "end": { "line": 27, "column": 29 } },
        "loc": { "start": { "line": 27, "column": 29 }, "end": { "line": 175, "column": null } },
        "line": 27
      },
      "1": {
        "name": "(anonymous_1)",
        "decl": { "start": { "line": 37, "column": 12 }, "end": { "line": 37, "column": 18 } },
        "loc": { "start": { "line": 37, "column": 18 }, "end": { "line": 99, "column": 5 } },
        "line": 37
      },
      "2": {
        "name": "(anonymous_2)",
        "decl": { "start": { "line": 41, "column": 44 }, "end": { "line": 41, "column": 45 } },
        "loc": { "start": { "line": 41, "column": 51 }, "end": { "line": 41, "column": 67 } },
        "line": 41
      },
      "3": {
        "name": "(anonymous_3)",
        "decl": { "start": { "line": 46, "column": 60 }, "end": { "line": 46, "column": 66 } },
        "loc": { "start": { "line": 46, "column": 66 }, "end": { "line": 48, "column": 7 } },
        "line": 46
      },
      "4": {
        "name": "(anonymous_4)",
        "decl": { "start": { "line": 52, "column": 61 }, "end": { "line": 52, "column": 62 } },
        "loc": { "start": { "line": 52, "column": 79 }, "end": { "line": 62, "column": 7 } },
        "line": 52
      },
      "5": {
        "name": "(anonymous_5)",
        "decl": { "start": { "line": 66, "column": 65 }, "end": { "line": 66, "column": 71 } },
        "loc": { "start": { "line": 66, "column": 71 }, "end": { "line": 68, "column": 7 } },
        "line": 66
      },
      "6": {
        "name": "(anonymous_6)",
        "decl": { "start": { "line": 72, "column": 60 }, "end": { "line": 72, "column": 61 } },
        "loc": { "start": { "line": 72, "column": 78 }, "end": { "line": 76, "column": 7 } },
        "line": 72
      },
      "7": {
        "name": "(anonymous_7)",
        "decl": { "start": { "line": 80, "column": 62 }, "end": { "line": 80, "column": 63 } },
        "loc": { "start": { "line": 80, "column": 80 }, "end": { "line": 85, "column": 7 } },
        "line": 80
      },
      "8": {
        "name": "(anonymous_8)",
        "decl": { "start": { "line": 89, "column": 57 }, "end": { "line": 89, "column": 58 } },
        "loc": { "start": { "line": 89, "column": 75 }, "end": { "line": 93, "column": 7 } },
        "line": 89
      },
      "9": {
        "name": "(anonymous_9)",
        "decl": { "start": { "line": 96, "column": 11 }, "end": { "line": 96, "column": 17 } },
        "loc": { "start": { "line": 96, "column": 17 }, "end": { "line": 98, "column": null } },
        "line": 96
      },
      "10": {
        "name": "(anonymous_10)",
        "decl": { "start": { "line": 97, "column": 23 }, "end": { "line": 97, "column": 24 } },
        "loc": { "start": { "line": 97, "column": 36 }, "end": { "line": 97, "column": 45 } },
        "line": 97
      },
      "11": {
        "name": "(anonymous_11)",
        "decl": { "start": { "line": 101, "column": 38 }, "end": { "line": 101, "column": 50 } },
        "loc": { "start": { "line": 101, "column": 50 }, "end": { "line": 121, "column": 5 } },
        "line": 101
      },
      "12": {
        "name": "(anonymous_12)",
        "decl": { "start": { "line": 123, "column": 37 }, "end": { "line": 123, "column": 49 } },
        "loc": { "start": { "line": 123, "column": 49 }, "end": { "line": 134, "column": 5 } },
        "line": 123
      },
      "13": {
        "name": "(anonymous_13)",
        "decl": { "start": { "line": 136, "column": 36 }, "end": { "line": 136, "column": 42 } },
        "loc": { "start": { "line": 136, "column": 42 }, "end": { "line": 138, "column": 5 } },
        "line": 136
      },
      "14": {
        "name": "(anonymous_14)",
        "decl": { "start": { "line": 140, "column": 34 }, "end": { "line": 140, "column": 35 } },
        "loc": { "start": { "line": 140, "column": 55 }, "end": { "line": 146, "column": 5 } },
        "line": 140
      },
      "15": {
        "name": "(anonymous_15)",
        "decl": { "start": { "line": 148, "column": 34 }, "end": { "line": 148, "column": 40 } },
        "loc": { "start": { "line": 148, "column": 40 }, "end": { "line": 150, "column": 5 } },
        "line": 148
      },
      "16": {
        "name": "(anonymous_16)",
        "decl": { "start": { "line": 152, "column": 28 }, "end": { "line": 152, "column": 34 } },
        "loc": { "start": { "line": 152, "column": 34 }, "end": { "line": 158, "column": 5 } },
        "line": 152
      }
    },
    "branchMap": {
      "0": {
        "loc": { "start": { "line": 39, "column": 4 }, "end": { "line": 39, "column": null } },
        "type": "if",
        "locations": [
          { "start": { "line": 39, "column": 4 }, "end": { "line": 39, "column": null } },
          { "start": {}, "end": {} }
        ],
        "line": 39
      },
      "1": {
        "loc": { "start": { "line": 55, "column": 8 }, "end": { "line": 58, "column": null } },
        "type": "if",
        "locations": [
          { "start": { "line": 55, "column": 8 }, "end": { "line": 58, "column": null } },
          { "start": {}, "end": {} }
        ],
        "line": 55
      },
      "2": {
        "loc": { "start": { "line": 55, "column": 12 }, "end": { "line": 55, "column": 63 } },
        "type": "binary-expr",
        "locations": [
          { "start": { "line": 55, "column": 12 }, "end": { "line": 55, "column": 30 } },
          { "start": { "line": 55, "column": 30 }, "end": { "line": 55, "column": 63 } }
        ],
        "line": 55
      },
      "3": {
        "loc": { "start": { "line": 107, "column": 6 }, "end": { "line": 116, "column": null } },
        "type": "if",
        "locations": [
          { "start": { "line": 107, "column": 6 }, "end": { "line": 116, "column": null } },
          { "start": { "line": 114, "column": 13 }, "end": { "line": 116, "column": null } }
        ],
        "line": 107
      },
      "4": {
        "loc": { "start": { "line": 108, "column": 8 }, "end": { "line": 111, "column": null } },
        "type": "if",
        "locations": [
          { "start": { "line": 108, "column": 8 }, "end": { "line": 111, "column": null } },
          { "start": {}, "end": {} }
        ],
        "line": 108
      },
      "5": {
        "loc": { "start": { "line": 108, "column": 12 }, "end": { "line": 108, "column": 65 } },
        "type": "binary-expr",
        "locations": [
          { "start": { "line": 108, "column": 12 }, "end": { "line": 108, "column": 30 } },
          { "start": { "line": 108, "column": 30 }, "end": { "line": 108, "column": 65 } }
        ],
        "line": 108
      },
      "6": {
        "loc": { "start": { "line": 119, "column": 15 }, "end": { "line": 119, "column": 81 } },
        "type": "cond-expr",
        "locations": [
          { "start": { "line": 119, "column": 38 }, "end": { "line": 119, "column": 52 } },
          { "start": { "line": 119, "column": 52 }, "end": { "line": 119, "column": 81 } }
        ],
        "line": 119
      },
      "7": {
        "loc": { "start": { "line": 131, "column": 15 }, "end": { "line": 131, "column": 79 } },
        "type": "cond-expr",
        "locations": [
          { "start": { "line": 131, "column": 38 }, "end": { "line": 131, "column": 52 } },
          { "start": { "line": 131, "column": 52 }, "end": { "line": 131, "column": 79 } }
        ],
        "line": 131
      }
    },
    "s": {
      "0": 2,
      "1": 80,
      "2": 80,
      "3": 80,
      "4": 80,
      "5": 80,
      "6": 80,
      "7": 80,
      "8": 80,
      "9": 33,
      "10": 33,
      "11": 3,
      "12": 33,
      "13": 33,
      "14": 33,
      "15": 33,
      "16": 1,
      "17": 33,
      "18": 2,
      "19": 2,
      "20": 2,
      "21": 1,
      "22": 1,
      "23": 1,
      "24": 1,
      "25": 1,
      "26": 33,
      "27": 1,
      "28": 33,
      "29": 1,
      "30": 1,
      "31": 1,
      "32": 33,
      "33": 1,
      "34": 1,
      "35": 1,
      "36": 1,
      "37": 33,
      "38": 1,
      "39": 1,
      "40": 1,
      "41": 33,
      "42": 33,
      "43": 198,
      "44": 80,
      "45": 6,
      "46": 6,
      "47": 6,
      "48": 6,
      "49": 6,
      "50": 3,
      "51": 2,
      "52": 1,
      "53": 1,
      "54": 1,
      "55": 1,
      "56": 1,
      "57": 3,
      "58": 3,
      "59": 80,
      "60": 3,
      "61": 3,
      "62": 3,
      "63": 3,
      "64": 3,
      "65": 2,
      "66": 2,
      "67": 2,
      "68": 80,
      "69": 1,
      "70": 80,
      "71": 1,
      "72": 1,
      "73": 1,
      "74": 1,
      "75": 1,
      "76": 80,
      "77": 1,
      "78": 80,
      "79": 1,
      "80": 1,
      "81": 1,
      "82": 1,
      "83": 1,
      "84": 80
    },
    "f": {
      "0": 80,
      "1": 33,
      "2": 33,
      "3": 1,
      "4": 2,
      "5": 1,
      "6": 1,
      "7": 1,
      "8": 1,
      "9": 33,
      "10": 198,
      "11": 6,
      "12": 3,
      "13": 1,
      "14": 1,
      "15": 1,
      "16": 1
    },
    "b": {
      "0": [3, 30],
      "1": [1, 1],
      "2": [2, 1],
      "3": [2, 1],
      "4": [1, 1],
      "5": [2, 1],
      "6": [2, 1],
      "7": [1, 1]
    },
    "meta": {
      "lastBranch": 8,
      "lastFunction": 17,
      "lastStatement": 85,
      "seen": {
        "s:25:28:25:Infinity": 0,
        "f:27:16:27:29": 0,
        "s:28:26:28:Infinity": 1,
        "s:29:34:29:Infinity": 2,
        "s:30:46:30:Infinity": 3,
        "s:31:24:31:Infinity": 4,
        "s:32:42:32:Infinity": 5,
        "s:33:32:33:Infinity": 6,
        "s:34:34:34:Infinity": 7,
        "s:37:2:99:Infinity": 8,
        "f:37:12:37:18": 1,
        "s:38:19:38:Infinity": 9,
        "b:39:4:39:Infinity:undefined:undefined:undefined:undefined": 0,
        "s:39:4:39:Infinity": 10,
        "s:39:16:39:Infinity": 11,
        "s:41:4:41:Infinity": 12,
        "f:41:44:41:45": 2,
        "s:41:51:41:67": 13,
        "s:43:37:43:Infinity": 14,
        "s:45:4:49:Infinity": 15,
        "f:46:60:46:66": 3,
        "s:47:8:47:Infinity": 16,
        "s:51:4:63:Infinity": 17,
        "f:52:61:52:62": 4,
        "s:53:21:53:Infinity": 18,
        "s:54:31:54:Infinity": 19,
        "b:55:8:58:Infinity:undefined:undefined:undefined:undefined": 1,
        "s:55:8:58:Infinity": 20,
        "b:55:12:55:30:55:30:55:63": 2,
        "s:56:10:56:Infinity": 21,
        "s:57:10:57:Infinity": 22,
        "s:59:8:59:Infinity": 23,
        "s:60:8:60:Infinity": 24,
        "s:61:8:61:Infinity": 25,
        "s:65:4:69:Infinity": 26,
        "f:66:65:66:71": 5,
        "s:67:8:67:Infinity": 27,
        "s:71:4:77:Infinity": 28,
        "f:72:60:72:61": 6,
        "s:73:25:73:Infinity": 29,
        "s:74:8:74:Infinity": 30,
        "s:75:8:75:Infinity": 31,
        "s:79:4:86:Infinity": 32,
        "f:80:62:80:63": 7,
        "s:81:21:81:Infinity": 33,
        "s:82:8:82:Infinity": 34,
        "s:83:8:83:Infinity": 35,
        "s:84:8:84:Infinity": 36,
        "s:88:4:94:Infinity": 37,
        "f:89:57:89:58": 8,
        "s:90:20:90:Infinity": 38,
        "s:91:8:91:Infinity": 39,
        "s:92:8:92:Infinity": 40,
        "s:96:4:98:Infinity": 41,
        "f:96:11:96:17": 9,
        "s:97:6:97:Infinity": 42,
        "f:97:23:97:24": 10,
        "s:97:36:97:45": 43,
        "s:101:8:121:Infinity": 44,
        "f:101:38:101:50": 11,
        "s:102:4:102:Infinity": 45,
        "s:103:4:103:Infinity": 46,
        "s:104:4:104:Infinity": 47,
        "s:105:4:120:Infinity": 48,
        "s:106:21:106:Infinity": 49,
        "b:107:6:116:Infinity:114:13:116:Infinity": 3,
        "s:107:6:116:Infinity": 50,
        "b:108:8:111:Infinity:undefined:undefined:undefined:undefined": 4,
        "s:108:8:111:Infinity": 51,
        "b:108:12:108:30:108:30:108:65": 5,
        "s:109:10:109:Infinity": 52,
        "s:110:10:110:Infinity": 53,
        "s:112:8:112:Infinity": 54,
        "s:113:8:113:Infinity": 55,
        "s:115:8:115:Infinity": 56,
        "s:118:6:118:Infinity": 57,
        "s:119:6:119:Infinity": 58,
        "b:119:38:119:52:119:52:119:81": 6,
        "s:123:8:134:Infinity": 59,
        "f:123:37:123:49": 12,
        "s:124:4:124:Infinity": 60,
        "s:125:4:125:Infinity": 61,
        "s:126:4:126:Infinity": 62,
        "s:127:4:133:Infinity": 63,
        "s:128:6:128:Infinity": 64,
        "s:130:6:130:Infinity": 65,
        "s:131:6:131:Infinity": 66,
        "b:131:38:131:52:131:52:131:79": 7,
        "s:132:6:132:Infinity": 67,
        "s:136:8:138:Infinity": 68,
        "f:136:36:136:42": 13,
        "s:137:4:137:Infinity": 69,
        "s:140:8:146:Infinity": 70,
        "f:140:34:140:35": 14,
        "s:141:4:141:Infinity": 71,
        "s:142:4:142:Infinity": 72,
        "s:143:4:143:Infinity": 73,
        "s:144:4:144:Infinity": 74,
        "s:145:4:145:Infinity": 75,
        "s:148:8:150:Infinity": 76,
        "f:148:34:148:40": 15,
        "s:149:4:149:Infinity": 77,
        "s:152:8:158:Infinity": 78,
        "f:152:28:152:34": 16,
        "s:153:4:153:Infinity": 79,
        "s:154:4:154:Infinity": 80,
        "s:155:4:155:Infinity": 81,
        "s:156:4:156:Infinity": 82,
        "s:157:4:157:Infinity": 83,
        "s:160:2:174:Infinity": 84
      }
    }
  }
}
